2018-04-20 20:44:13 - TextLog: INFO: TShock 4.3.25.0 (Mintaka) now running.
2018-04-20 20:44:13 - TShock: INFO: AutoSave Enabled
2018-04-20 20:44:13 - TShock: INFO: Backups Disabled
2018-04-20 20:44:13 - TShock: INFO: Welcome to TShock for Terraria. Initialization complete.
2018-04-20 20:44:29 - GetDataHandlers: INFO: King~ authenticated successfully as user King~.
2018-04-20 20:44:31 - GetDataHandlers: INFO: 111 authenticated successfully as user 111.
2018-04-20 20:44:33 - TShock: INFO: King~ (192.168.0.106) from 'default' group joined. (1/10)
2018-04-20 20:44:33 - Utils: INFO: Broadcast: King~ has joined.
2018-04-20 20:44:35 - TShock: INFO: 111 (192.168.0.106) from 'default' group joined. (2/10)
2018-04-20 20:44:35 - Utils: INFO: Broadcast: 111 has joined.
2018-04-20 20:44:38 - GetDataHandlers: INFO: David authenticated successfully as user David.
2018-04-20 20:44:39 - TShock: INFO: David (192.168.0.106) from 'default' group joined. (3/10)
2018-04-20 20:44:39 - Utils: INFO: Broadcast: David has joined.
2018-04-20 20:44:43 - Utils: INFO: Broadcast: 111: 兄弟们重啊
2018-04-20 20:44:44 - GetDataHandlers: INFO: beiyi authenticated successfully as user beiyi.
2018-04-20 20:44:46 - Utils: INFO: Broadcast: 111: 冲啊
2018-04-20 20:44:49 - TShock: INFO: beiyi (192.168.0.106) from 'default' group joined. (4/10)
2018-04-20 20:44:49 - Utils: INFO: Broadcast: beiyi has joined.
2018-04-20 20:44:54 - Utils: INFO: Broadcast: David: 关闭上帝模式
2018-04-20 20:45:06 - Utils: INFO: Broadcast: 111: 哦对了
2018-04-20 20:45:07 - Utils: INFO: Broadcast: 111: 群主
2018-04-20 20:45:11 - Utils: INFO: Broadcast: 111: 你欠我一个法师
2018-04-20 20:45:16 - Utils: INFO: Broadcast: 111: npc
2018-04-20 20:45:21 - Utils: INFO: Broadcast: David: gun
2018-04-20 20:45:21 - Utils: INFO: Broadcast: 111: 地牢里没有他
2018-04-20 20:45:28 - GetDataHandlers: INFO: 夜-胤笙 authenticated successfully as user 夜-胤笙.
2018-04-20 20:45:31 - Utils: INFO: Broadcast: David: 关我屌事
2018-04-20 20:45:32 - TShock: INFO: 夜-胤笙 (192.168.0.106) from 'default' group joined. (5/10)
2018-04-20 20:45:32 - Utils: INFO: Broadcast: 夜-胤笙 has joined.
2018-04-20 20:45:42 - Utils: INFO: Broadcast: 111: emm
2018-04-20 20:45:54 - Utils: INFO: Broadcast: 111: 可喜我找不到他啊
2018-04-20 20:46:01 - Utils: INFO: Broadcast: King~: 什么啊
2018-04-20 20:46:07 - Utils: INFO: Broadcast: beiyi has left.
2018-04-20 20:46:07 - TShock: INFO: beiyi disconnected.
2018-04-20 20:46:12 - Utils: INFO: Broadcast: 111: 法师npc
2018-04-20 20:46:39 - TShock: INFO: S速度S (192.168.0.106) from 'guest' group joined. (5/10)
2018-04-20 20:46:39 - Utils: INFO: Broadcast: S速度S has joined.
2018-04-20 20:46:58 - Utils: INFO: Broadcast: King~: 吧枪给我
2018-04-20 20:47:01 - Utils: INFO: Broadcast: 夜-胤笙: 有暗影镐没
2018-04-20 20:47:12 - Utils: INFO: Broadcast: King~: 不是这个
2018-04-20 20:47:16 - Utils: INFO: Broadcast: King~: 另外一个
2018-04-20 20:47:21 - TextLog: INFO: S速度S registered an account: "S速度S".
2018-04-20 20:47:34 - Commands: INFO: S速度S authenticated successfully as user: S速度S.
2018-04-20 20:47:51 - Utils: INFO: Broadcast: 夜-胤笙: 我要挖狱炎矿
2018-04-20 20:47:55 - Utils: INFO: Broadcast: 111: k
2018-04-20 20:47:57 - Utils: INFO: Broadcast: King~: 我给你
2018-04-20 20:47:59 - Utils: INFO: Broadcast: 111: 咱们去找法师把
2018-04-20 20:48:06 - Utils: INFO: Broadcast: David: 现在还是肉前
2018-04-20 20:48:10 - Utils: INFO: Broadcast: David: 赶紧发育
2018-04-20 20:48:35 - Utils: INFO: Broadcast: King~: [i/p69:490][i/p80:1322][i/p46:426]战士装
2018-04-20 20:49:00 - Utils: INFO: Broadcast: 夜-胤笙: 我没黑曜石
2018-04-20 20:49:35 - Utils: INFO: Broadcast: King~: 哇我的黑曜石被偷了
2018-04-20 20:49:38 - Utils: INFO: Broadcast: 111: K快来找
2018-04-20 20:49:39 - Utils: INFO: Broadcast: 111: 法师啊
2018-04-20 20:49:39 - Utils: INFO: Broadcast: 夜-胤笙: 。。。
2018-04-20 20:49:41 - Utils: INFO: Broadcast: King~: 为什么你们这么喜欢偷东西啊
2018-04-20 20:49:50 - Utils: INFO: Broadcast: 111: K
2018-04-20 20:49:51 - Utils: INFO: Broadcast: 111: 过来
2018-04-20 20:49:52 - Utils: INFO: Broadcast: 111: 我给你
2018-04-20 20:49:55 - Utils: INFO: Broadcast: 111: 帮我找法师
2018-04-20 20:50:03 - Utils: INFO: Broadcast: 夜-胤笙: 为什么圈地了还可以偷
2018-04-20 20:50:08 - Utils: INFO: Broadcast: King~: 还没到肉后呢
2018-04-20 20:50:24 - Utils: INFO: Broadcast: 111: 肉后法师NPC才有？
2018-04-20 20:50:29 - Utils: INFO: Broadcast: King~: 对啊
2018-04-20 20:50:33 - Utils: INFO: Broadcast: 111: 好神奇
2018-04-20 20:50:38 - Utils: INFO: Broadcast: 111: 完了折磨多年
2018-04-20 20:50:40 - Utils: INFO: Broadcast: 111: 我才知道
2018-04-20 20:50:44 - Utils: INFO: Broadcast: King~: 哈哈哈哈或
2018-04-20 20:51:01 - Utils: INFO: Broadcast: David: 233
2018-04-20 20:51:06 - Utils: INFO: Broadcast: 111: 那个剑
2018-04-20 20:51:07 - Utils: INFO: Broadcast: 111: 送你了
2018-04-20 20:51:11 - Utils: INFO: Broadcast: King~: 真的啊
2018-04-20 20:51:14 - Utils: INFO: Broadcast: 111: 嗯
2018-04-20 20:51:15 - Utils: INFO: Broadcast: King~: 哇谢谢谢
2018-04-20 20:51:43 - Utils: INFO: Broadcast: 111: 法师好吃钱啊
2018-04-20 20:52:07 - Utils: INFO: Broadcast: 111: 群主
2018-04-20 20:52:10 - Utils: INFO: Broadcast: 111: 我要造房子
2018-04-20 20:52:17 - Utils: INFO: Broadcast: 111: 一会给我钳子
2018-04-20 20:52:22 - Utils: INFO: Broadcast: 111: 我圈地哈
2018-04-20 20:53:57 - Utils: INFO: King~ executed: /warp conlin.
2018-04-20 20:55:02 - Utils: INFO: 夜-胤笙 executed: /warp list.
2018-04-20 20:55:04 - Utils: INFO: Broadcast: King~: 天亮了
2018-04-20 20:55:22 - Utils: INFO: 夜-胤笙 executed: /warp conlin.
2018-04-20 20:55:49 - Utils: INFO: Broadcast: King~: 建筑鬼才
2018-04-20 20:56:56 - GetDataHandlers: INFO: lllll authenticated successfully as user lllll.
2018-04-20 20:57:00 - Utils: INFO: Broadcast: 夜-胤笙: 稿子先让我用用
2018-04-20 20:57:01 - TShock: INFO: lllll (192.168.0.106) from 'default' group joined. (6/10)
2018-04-20 20:57:01 - Utils: INFO: Broadcast: lllll has joined.
2018-04-20 20:57:10 - Utils: INFO: Broadcast: King~: 晚上打杨静
2018-04-20 20:57:12 - Utils: INFO: Broadcast: King~: 眼睛
2018-04-20 20:57:14 - Utils: INFO: Broadcast: 111: ？？
2018-04-20 20:57:16 - Utils: INFO: Broadcast: 夜-胤笙: 好吧
2018-04-20 20:57:19 - Utils: INFO: Broadcast: 111: 钳子
2018-04-20 20:57:30 - Utils: INFO: Broadcast: David has left.
2018-04-20 20:57:30 - TShock: INFO: David disconnected.
2018-04-20 20:57:32 - CharacterManager: INFO: Skipping SSC Backup for admin1
2018-04-20 20:57:32 - GetDataHandlers: INFO: admin1 authenticated successfully as user admin1.
2018-04-20 20:57:33 - TShock: INFO: admin1 (192.168.0.106) from 'superadmin' group joined. (6/10)
2018-04-20 20:57:33 - Utils: INFO: Broadcast: admin1 has joined.
2018-04-20 20:57:35 - Utils: INFO: admin1 executed: /tp 11.
2018-04-20 20:57:46 - Utils: INFO: Broadcast: lllll: 老哥们我肥来啦嘻嘻
2018-04-20 20:57:51 - Utils: INFO: Broadcast: 111: 卧槽
2018-04-20 20:57:55 - Utils: INFO: Broadcast: 111: 突然忘记怎末弄
2018-04-20 20:58:00 - Utils: INFO: Broadcast: admin1: \
2018-04-20 20:58:04 - Utils: INFO: Broadcast: admin1: 群公告
2018-04-20 20:58:07 - Utils: INFO: Broadcast: 111: 我说房子的样子
2018-04-20 20:58:07 - Utils: INFO: Broadcast: admin1 has left.
2018-04-20 20:58:07 - TShock: INFO: admin1 disconnected.
2018-04-20 20:58:07 - CharacterManager: INFO: Skipping SSC Backup for admin1
2018-04-20 20:58:11 - GetDataHandlers: INFO: David authenticated successfully as user David.
2018-04-20 20:58:13 - TShock: INFO: David (192.168.0.106) from 'default' group joined. (6/10)
2018-04-20 20:58:13 - Utils: INFO: Broadcast: David has joined.
2018-04-20 20:58:14 - Utils: INFO: Broadcast: King~: 老弟你知道你走了我们打了多少个肉山吗
2018-04-20 20:58:22 - Utils: INFO: Broadcast: David: 7个
2018-04-20 20:58:23 - Utils: INFO: Broadcast: lllll: emmmmm
2018-04-20 20:58:29 - Utils: INFO: Broadcast: lllll: 过分
2018-04-20 20:58:33 - Utils: INFO: Broadcast: David: 50000+血被削到30000+
2018-04-20 20:58:34 - Utils: INFO: Broadcast: King~: 你错过多少你知道吗
2018-04-20 20:58:41 - Utils: INFO: Broadcast: lllll: 我都最先死
2018-04-20 20:58:59 - Utils: INFO: Broadcast: David: 不是说晚上打眼睛嘛
2018-04-20 20:59:02 - Utils: INFO: Broadcast: David: 快打 
2018-04-20 20:59:07 - Utils: INFO: Broadcast: David: 快打啊
2018-04-20 20:59:09 - Utils: INFO: Broadcast: King~: 每晚上啊a
2018-04-20 20:59:14 - Utils: INFO: Server executed: /time 8:00.
2018-04-20 20:59:15 - Utils: INFO: Broadcast: King~: 还没到晚上呢
2018-04-20 20:59:17 - Utils: INFO: Server executed: /time 20:00.
2018-04-20 20:59:21 - Utils: INFO: King~ summoned the Eye of Cthulhu!
2018-04-20 20:59:23 - Utils: INFO: Broadcast: lllll: emmmm
2018-04-20 20:59:24 - Utils: INFO: Broadcast: David: 23333
2018-04-20 21:00:06 - Utils: INFO: Broadcast: lllll: 出来啊
2018-04-20 21:00:17 - Utils: INFO: Broadcast: lllll: 怎么打
2018-04-20 21:00:48 - Utils: INFO: Broadcast: lllll has left.
2018-04-20 21:00:48 - TShock: INFO: lllll disconnected.
2018-04-20 21:00:51 - Utils: INFO: Broadcast: King~: [i:1299][i:1299][i:1299][i:1299][i:1299][i:1299][i:1299][i:1299][i:1299][i:1299][i:1299][i:1299][i:1299][i:1299]
2018-04-20 21:00:58 - GetDataHandlers: INFO: lllll authenticated successfully as user lllll.
2018-04-20 21:01:05 - TShock: INFO: lllll (192.168.0.106) from 'default' group joined. (6/10)
2018-04-20 21:01:05 - Utils: INFO: Broadcast: lllll has joined.
2018-04-20 21:01:06 - Utils: INFO: Broadcast: 夜-胤笙: 擦
2018-04-20 21:01:09 - Utils: INFO: Broadcast: 夜-胤笙: 不够
2018-04-20 21:01:19 - Utils: INFO: King~ summoned the Eye of Cthulhu!
2018-04-20 21:01:30 - Utils: INFO: Broadcast: lllll: 是、
2018-04-20 21:01:52 - Utils: INFO: Broadcast: lllll: 结束了？？
2018-04-20 21:02:06 - Utils: INFO: Broadcast: lllll: 、、、、、、
2018-04-20 21:02:09 - GetDataHandlers: INFO: wenrou authenticated successfully as user wenrou.
2018-04-20 21:02:12 - TShock: INFO: wenrou (192.168.0.106) from 'default' group joined. (7/10)
2018-04-20 21:02:12 - Utils: INFO: Broadcast: wenrou has joined.
2018-04-20 21:02:16 - Utils: INFO: Broadcast: lllll: 。。。
2018-04-20 21:02:37 - Utils: INFO: Broadcast: lllll: aaaaaaaaaa
2018-04-20 21:02:41 - Utils: INFO: King~ summoned the Eye of Cthulhu!
2018-04-20 21:02:42 - TextLog: INFO: Player S速度S has been disabled for Maximum MP beyond limit.
2018-04-20 21:02:42 - Utils: INFO: Broadcast: lllll:    
2018-04-20 21:02:44 - Utils: INFO: Broadcast: 夜-胤笙: 貌似要暗影鳞片
2018-04-20 21:02:47 - TextLog: INFO: Player S速度S has been disabled for Maximum MP beyond limit.
2018-04-20 21:02:47 - Utils: INFO: Broadcast: lllll: v
2018-04-20 21:02:55 - GetDataHandlers: INFO: KKJJL authenticated successfully as user KKJJL.
2018-04-20 21:02:58 - TShock: INFO: KKJJL (192.168.0.106) from 'default' group joined. (8/10)
2018-04-20 21:02:58 - Utils: INFO: Broadcast: KKJJL has joined.
2018-04-20 21:03:10 - Utils: INFO: Broadcast: lllll: 。。
2018-04-20 21:03:17 - Utils: INFO: Broadcast: lllll: s
2018-04-20 21:04:32 - Utils: INFO: Broadcast: lllll: mmm‘
2018-04-20 21:05:02 - Utils: INFO: Broadcast: lllll has left.
2018-04-20 21:05:02 - TShock: INFO: lllll disconnected.
2018-04-20 21:05:09 - GetDataHandlers: INFO: lllll authenticated successfully as user lllll.
2018-04-20 21:05:14 - TShock: INFO: lllll (192.168.0.106) from 'default' group joined. (8/10)
2018-04-20 21:05:14 - Utils: INFO: Broadcast: lllll has joined.
2018-04-20 21:05:18 - Utils: INFO: Broadcast: King~ has left.
2018-04-20 21:05:18 - TShock: INFO: King~ disconnected.
2018-04-20 21:05:19 - Utils: INFO: Broadcast: 夜-胤笙: 要打虫子
2018-04-20 21:05:25 - Utils: INFO: Broadcast: lllll: mm
2018-04-20 21:05:28 - Utils: INFO: Broadcast: 夜-胤笙: 鳞片
2018-04-20 21:05:31 - Utils: INFO: Broadcast: lllll: 很奇怪
2018-04-20 21:05:40 - Utils: INFO: Broadcast: lllll: 我刚刚打不了字
2018-04-20 21:07:34 - Utils: INFO: Broadcast: lllll: ？？？
2018-04-20 21:07:41 - Utils: INFO: Broadcast: 夜-胤笙: 能不能打虫子
2018-04-20 21:08:11 - Utils: INFO: Broadcast: lllll: mm
2018-04-20 21:09:52 - Utils: INFO: Broadcast: lllll: m
2018-04-20 21:09:58 - Utils: INFO: Broadcast: lllll has left.
2018-04-20 21:09:58 - TShock: INFO: lllll disconnected.
2018-04-20 21:10:22 - GetDataHandlers: INFO: lllll authenticated successfully as user lllll.
2018-04-20 21:10:28 - TShock: INFO: lllll (192.168.0.106) from 'default' group joined. (7/10)
2018-04-20 21:10:28 - Utils: INFO: Broadcast: lllll has joined.
2018-04-20 21:10:48 - Utils: INFO: Broadcast: lllll: 。
2018-04-20 21:10:53 - Utils: INFO: Broadcast: lllll: 。
2018-04-20 21:12:32 - Utils: INFO: Broadcast: lllll: 。
2018-04-20 21:12:51 - Utils: INFO: Broadcast: S速度S has left.
2018-04-20 21:12:51 - TShock: INFO: S速度S disconnected.
2018-04-20 21:13:00 - Utils: INFO: Broadcast: lllll has left.
2018-04-20 21:13:00 - TShock: INFO: lllll disconnected.
2018-04-20 21:13:43 - GetDataHandlers: INFO: beiyi authenticated successfully as user beiyi.
2018-04-20 21:13:46 - GetDataHandlers: INFO: lllll authenticated successfully as user lllll.
2018-04-20 21:13:47 - TShock: INFO: beiyi (192.168.0.106) from 'default' group joined. (6/10)
2018-04-20 21:13:47 - Utils: INFO: Broadcast: beiyi has joined.
2018-04-20 21:13:50 - TShock: INFO: lllll (192.168.0.106) from 'default' group joined. (7/10)
2018-04-20 21:13:50 - Utils: INFO: Broadcast: lllll has joined.
2018-04-20 21:14:29 - Utils: INFO: lllll executed: /warp conlin.
2018-04-20 21:17:30 - Utils: INFO: Broadcast: 111: 正在想房子
2018-04-20 21:18:58 - Utils: INFO: Broadcast: lllll: 。
2018-04-20 21:20:24 - Utils: INFO: Broadcast: lllll has left.
2018-04-20 21:20:24 - TShock: INFO: lllll disconnected.
2018-04-20 21:21:06 - TextLog: INFO: Player beiyi has been disabled for NPC damage exceeded 2000..
2018-04-20 21:22:38 - Utils: INFO: Broadcast: KKJJL: 我到蘑菇地了
2018-04-20 21:24:16 - TextLog: INFO: Player beiyi has been disabled for NPC damage exceeded 2000..
2018-04-20 21:27:23 - TextLog: INFO: Player beiyi has been disabled for NPC damage exceeded 2000..
2018-04-20 21:27:42 - TextLog: INFO: Player beiyi has been disabled for NPC damage exceeded 2000..
2018-04-20 21:27:55 - TextLog: INFO: Player beiyi has been disabled for NPC damage exceeded 2000..
2018-04-20 21:29:12 - Utils: INFO: Broadcast: 111: 假隐刀
2018-04-20 21:29:54 - Utils: INFO: Broadcast: 111: 是谁啊
2018-04-20 21:32:26 - Utils: INFO: Broadcast: KKJJL has left.
2018-04-20 21:32:26 - TShock: INFO: KKJJL disconnected.
2018-04-20 21:33:23 - TextLog: INFO: Player beiyi has been disabled for NPC damage exceeded 2000..
2018-04-20 21:34:33 - Utils: INFO: Broadcast: 夜-胤笙 has left.
2018-04-20 21:34:33 - TShock: INFO: 夜-胤笙 disconnected.
2018-04-20 21:40:02 - Utils: INFO: Broadcast: beiyi has left.
2018-04-20 21:40:02 - TShock: INFO: beiyi disconnected.
2018-04-20 21:41:12 - GetDataHandlers: INFO: beiyi authenticated successfully as user beiyi.
2018-04-20 21:41:16 - TShock: INFO: beiyi (192.168.0.106) from 'default' group joined. (4/10)
2018-04-20 21:41:16 - Utils: INFO: Broadcast: beiyi has joined.
2018-04-20 21:44:49 - Utils: INFO: Broadcast: beiyi has left.
2018-04-20 21:44:49 - TShock: INFO: beiyi disconnected.
2018-04-20 21:46:24 - GetDataHandlers: INFO: beiyi authenticated successfully as user beiyi.
2018-04-20 21:46:28 - TShock: INFO: beiyi (192.168.0.106) from 'default' group joined. (4/10)
2018-04-20 21:46:28 - Utils: INFO: Broadcast: beiyi has joined.
2018-04-20 21:50:41 - Utils: INFO: Broadcast: 111: 房主
2018-04-20 21:50:42 - Utils: INFO: Broadcast: 111: 在吗
2018-04-20 21:54:56 - Utils: INFO: Broadcast: beiyi has left.
2018-04-20 21:54:56 - TShock: INFO: beiyi disconnected.
2018-04-20 21:55:07 - GetDataHandlers: INFO: 夜-胤笙 authenticated successfully as user 夜-胤笙.
2018-04-20 21:55:12 - TShock: INFO: 夜-胤笙 (192.168.0.106) from 'default' group joined. (4/10)
2018-04-20 21:55:12 - Utils: INFO: Broadcast: 夜-胤笙 has joined.
2018-04-20 21:56:56 - Utils: INFO: David executed: /who.
2018-04-20 21:57:00 - Utils: INFO: Broadcast: David: aha 
2018-04-20 21:57:01 - GetDataHandlers: INFO: beiyi authenticated successfully as user beiyi.
2018-04-20 21:57:04 - Utils: INFO: Broadcast: David: 我回来啦
2018-04-20 21:57:05 - TShock: INFO: beiyi (192.168.0.106) from 'default' group joined. (5/10)
2018-04-20 21:57:05 - Utils: INFO: Broadcast: beiyi has joined.
2018-04-20 21:57:08 - Utils: INFO: Broadcast: 111: 。。
2018-04-20 21:57:10 - Utils: INFO: Broadcast: 111: 群主
2018-04-20 21:57:12 - Utils: INFO: Broadcast: David: o
2018-04-20 21:57:12 - Utils: INFO: Broadcast: 111: 你过来
2018-04-20 21:57:15 - Utils: INFO: Broadcast: 111: 开大号
2018-04-20 21:57:21 - Utils: INFO: Broadcast: David: ？
2018-04-20 21:57:22 - Utils: INFO: Broadcast: 111: 借我一个东西
2018-04-20 21:57:37 - Utils: INFO: Broadcast: 111: 无限水桶
2018-04-20 21:57:53 - Utils: INFO: Broadcast: David: 这个东西我大号都没有- -
2018-04-20 21:58:10 - Utils: INFO: Broadcast: 111: 水桶
2018-04-20 21:58:11 - Utils: INFO: Broadcast: 111: 有吗？
2018-04-20 21:59:15 - Utils: INFO: Broadcast: 111: 有吗？》
2018-04-20 21:59:19 - Utils: INFO: Broadcast: 111: 借我用一下
2018-04-20 21:59:21 - Utils: INFO: Broadcast: 111: 然后还给你
2018-04-20 21:59:28 - Utils: INFO: Broadcast: David: 没有啊
2018-04-20 21:59:30 - Utils: INFO: Broadcast: 夜-胤笙 has left.
2018-04-20 21:59:30 - TShock: INFO: 夜-胤笙 disconnected.
2018-04-20 21:59:32 - Utils: INFO: Broadcast: 111: 水桶
2018-04-20 21:59:34 - Utils: INFO: Broadcast: 111: 不是无限的
2018-04-20 21:59:35 - Utils: INFO: Broadcast: David: 没办法啊
2018-04-20 21:59:37 - Utils: INFO: Broadcast: 111: 铁做的
2018-04-20 21:59:46 - Utils: INFO: Broadcast: 111: 这个地图没有铁
2018-04-20 22:01:22 - Utils: INFO: Broadcast: David: 真没有= =
2018-04-20 22:01:25 - Utils: INFO: Broadcast: beiyi has left.
2018-04-20 22:01:25 - TShock: INFO: beiyi disconnected.
2018-04-20 22:01:27 - Utils: INFO: Broadcast: 111: 好吧
2018-04-20 22:01:28 - Utils: INFO: Broadcast: 111: 我做吧
2018-04-20 22:01:49 - Utils: INFO: Broadcast: David: hi
2018-04-20 22:02:01 - Utils: INFO: Broadcast: 111: ？？
2018-04-20 22:02:17 - Utils: INFO: David executed: /warp diyu.
2018-04-20 22:02:36 - Utils: INFO: Broadcast: 111: 哇
2018-04-20 22:02:39 - Utils: INFO: Broadcast: 111: 你确定打吗？》
2018-04-20 22:03:09 - Utils: INFO: Server executed: /godmode Davi.
2018-04-20 22:04:06 - GetDataHandlers: INFO: beiyi authenticated successfully as user beiyi.
2018-04-20 22:04:10 - TShock: INFO: beiyi (192.168.0.106) from 'default' group joined. (4/10)
2018-04-20 22:04:10 - Utils: INFO: Broadcast: beiyi has joined.
2018-04-20 22:06:07 - Utils: INFO: Broadcast: beiyi has left.
2018-04-20 22:06:07 - TShock: INFO: beiyi disconnected.
2018-04-20 22:06:10 - Utils: INFO: Broadcast: David: ahahhaha
2018-04-20 22:06:27 - Utils: INFO: Broadcast: David: emmmmm
2018-04-20 22:06:29 - Utils: INFO: Broadcast: 111: 先别锤
2018-04-20 22:06:34 - Utils: INFO: Broadcast: 111: 我擦
2018-04-20 22:06:41 - Utils: INFO: Broadcast: David: 惊喜！
2018-04-20 22:06:55 - GetDataHandlers: INFO: beiyi authenticated successfully as user beiyi.
2018-04-20 22:06:59 - TShock: INFO: beiyi (192.168.0.106) from 'default' group joined. (4/10)
2018-04-20 22:06:59 - Utils: INFO: Broadcast: beiyi has joined.
2018-04-20 22:07:11 - Utils: INFO: Broadcast: 111: 主机
2018-04-20 22:07:15 - Utils: INFO: Broadcast: 111: 你几点
2018-04-20 22:07:17 - Utils: INFO: Broadcast: 111: 下？
2018-04-20 22:07:23 - Utils: INFO: Broadcast: 111: 我和朋友想多玩会
2018-04-20 22:07:24 - Utils: INFO: Broadcast: 111: 如何》
2018-04-20 22:07:25 - Utils: INFO: Broadcast: 111: ？
2018-04-20 22:07:32 - Utils: INFO: Broadcast: David: 嗯
2018-04-20 22:07:38 - Utils: INFO: Broadcast: David: 我会尽量迟点的
2018-04-20 22:08:00 - Utils: INFO: Broadcast: beiyi has left.
2018-04-20 22:08:00 - TShock: INFO: beiyi disconnected.
2018-04-20 22:09:42 - GetDataHandlers: INFO: beiyi authenticated successfully as user beiyi.
2018-04-20 22:09:45 - TShock: INFO: beiyi (192.168.0.106) from 'default' group joined. (4/10)
2018-04-20 22:09:45 - Utils: INFO: Broadcast: beiyi has joined.
2018-04-20 22:10:18 - Utils: INFO: Broadcast: David has left.
2018-04-20 22:10:18 - TShock: INFO: David disconnected.
2018-04-20 22:10:20 - CharacterManager: INFO: Skipping SSC Backup for admin1
2018-04-20 22:10:20 - GetDataHandlers: INFO: admin1 authenticated successfully as user admin1.
2018-04-20 22:10:21 - TShock: INFO: admin1 (192.168.0.106) from 'superadmin' group joined. (4/10)
2018-04-20 22:10:21 - Utils: INFO: Broadcast: admin1 has joined.
2018-04-20 22:10:26 - Utils: INFO: admin1 executed: /tp 11.
2018-04-20 22:11:27 - Utils: INFO: Broadcast: admin1: 在这干啥啊
2018-04-20 22:11:32 - Utils: INFO: Broadcast: admin1: 你们造什么
2018-04-20 22:11:36 - Utils: INFO: Broadcast: admin1: ？？
2018-04-20 22:11:41 - Utils: INFO: Broadcast: 111: 瓶中世界啊
2018-04-20 22:11:43 - Utils: INFO: Broadcast: 111: 家啊
2018-04-20 22:11:44 - Utils: INFO: Broadcast: admin1: ！
2018-04-20 22:11:57 - Utils: INFO: Broadcast: admin1: 我居然没看出来这是个瓶子= =。。。。
2018-04-20 22:12:06 - Utils: INFO: Broadcast: 111: 哎
2018-04-20 22:12:08 - Utils: INFO: Broadcast: 111: 你也是够了
2018-04-20 22:12:12 - Utils: INFO: Broadcast: admin1: 233
2018-04-20 22:12:56 - Utils: INFO: Broadcast: wenrou: 给我
2018-04-20 22:12:59 - Utils: INFO: Broadcast: admin1: 这里离主城有点远
2018-04-20 22:13:07 - Utils: INFO: Broadcast: 111: 一会去做一个床
2018-04-20 22:13:13 - Utils: INFO: Broadcast: 111: 不就完事了
2018-04-20 22:13:15 - Utils: INFO: Broadcast: admin1: 我会找个地方在你的瓶子做传送点的
2018-04-20 22:13:23 - Utils: INFO: Broadcast: 111: 嗯嗯
2018-04-20 22:13:24 - Utils: INFO: Broadcast: 111: 好好
2018-04-20 22:13:32 - Utils: INFO: Broadcast: 111: 只给我哈
2018-04-20 22:13:34 - Utils: INFO: Broadcast: 111: 我和wenrou
2018-04-20 22:13:36 - Utils: INFO: Broadcast: 111: 我朋友
2018-04-20 22:13:39 - Utils: INFO: Broadcast: 111: 进
2018-04-20 22:13:41 - Utils: INFO: Broadcast: wenrou: 给我一照名宠物可以么 好黑
2018-04-20 22:13:52 - Utils: INFO: Broadcast: 111: 我俩一般喜欢把东西放在家里
2018-04-20 22:14:13 - CharacterManager: INFO: Skipping SSC Backup for admin1
2018-04-20 22:19:13 - CharacterManager: INFO: Skipping SSC Backup for admin1
2018-04-20 22:23:19 - TextLog: INFO: Player beiyi has been disabled for NPC damage exceeded 2000..
2018-04-20 22:23:48 - Utils: INFO: Broadcast: admin1: 那我在哪里设置传送点呢
2018-04-20 22:23:59 - Utils: INFO: Broadcast: 111: 等一会
2018-04-20 22:24:02 - Utils: INFO: Broadcast: 111: 我们弄好了
2018-04-20 22:24:03 - Utils: INFO: Broadcast: 111: 告诉你
2018-04-20 22:24:13 - CharacterManager: INFO: Skipping SSC Backup for admin1
2018-04-20 22:24:25 - TextLog: INFO: Player beiyi has been disabled for NPC damage exceeded 2000..
2018-04-20 22:26:18 - TextLog: INFO: Player beiyi has been disabled for NPC damage exceeded 2000..
2018-04-20 22:26:49 - TextLog: INFO: Player beiyi has been disabled for NPC damage exceeded 2000..
2018-04-20 22:27:48 - TextLog: INFO: Player beiyi has been disabled for Reached TileKill threshold..
2018-04-20 22:28:34 - Utils: INFO: Broadcast: 111: 主机
2018-04-20 22:28:38 - Utils: INFO: Broadcast: 111: 木给给一点
2018-04-20 22:28:39 - Utils: INFO: Broadcast: 111: 如何？
2018-04-20 22:28:42 - TextLog: INFO: Player beiyi has been disabled for Reached TileKill threshold..
2018-04-20 22:29:07 - TextLog: INFO: Player beiyi has been disabled for Reached TileKill threshold..
2018-04-20 22:29:13 - CharacterManager: INFO: Skipping SSC Backup for admin1
2018-04-20 22:29:50 - TextLog: INFO: Player beiyi has been disabled for Reached TileKill threshold..
2018-04-20 22:30:01 - TextLog: INFO: Player beiyi has been disabled for Reached TileKill threshold..
2018-04-20 22:30:07 - TextLog: INFO: Player beiyi has been disabled for Reached TileKill threshold..
2018-04-20 22:30:13 - TextLog: INFO: Player beiyi has been disabled for Reached TileKill threshold..
2018-04-20 22:30:25 - Utils: INFO: Broadcast: 111: 不够
2018-04-20 22:30:26 - Utils: INFO: Broadcast: 111: 。。
2018-04-20 22:30:32 - Utils: INFO: Broadcast: 111: 我需要把口堵上
2018-04-20 22:30:35 - Utils: INFO: Broadcast: 111: 这个口
2018-04-20 22:30:43 - Utils: INFO: Broadcast: admin1: ok
2018-04-20 22:30:43 - Utils: INFO: Broadcast: 111: 不是这样
2018-04-20 22:31:36 - TextLog: INFO: Player beiyi has been disabled for Reached TileKill threshold..
2018-04-20 22:31:42 - TextLog: INFO: Player beiyi has been disabled for Reached TileKill threshold..
2018-04-20 22:31:48 - TextLog: INFO: Player beiyi has been disabled for Reached TileKill threshold..
2018-04-20 22:31:54 - TextLog: INFO: Player beiyi has been disabled for Reached TileKill threshold..
2018-04-20 22:32:40 - Utils: INFO: Broadcast: beiyi has left.
2018-04-20 22:32:40 - TShock: INFO: beiyi disconnected.
2018-04-20 22:32:48 - Utils: INFO: Broadcast: admin1: 呃
2018-04-20 22:32:51 - Utils: INFO: Broadcast: admin1: 太困了
2018-04-20 22:32:55 - Utils: INFO: Broadcast: 111: 。。
2018-04-20 22:32:56 - Utils: INFO: Broadcast: 111: 马上
2018-04-20 22:32:58 - Utils: INFO: Broadcast: 111: 主机
2018-04-20 22:33:00 - Utils: INFO: Broadcast: admin1: 明天玩吧
2018-04-20 22:33:06 - Utils: INFO: Broadcast: 111: 有没有生命木魔杖啊
2018-04-20 22:33:12 - Utils: INFO: Broadcast: 111: 我们把口堵上
2018-04-20 22:33:13 - Utils: INFO: Broadcast: 111: 然后
2018-04-20 22:33:17 - Utils: INFO: Broadcast: 111: 圈地
2018-04-20 22:33:19 - Utils: INFO: Broadcast: 111: 就结束
2018-04-20 22:33:26 - Utils: INFO: Broadcast: 111: 生命木魔杖
2018-04-20 22:33:28 - Utils: INFO: Broadcast: admin1: 然后就没有然后了
2018-04-20 22:33:28 - Utils: INFO: Broadcast: 111: 有吗？
2018-04-20 22:33:31 - Utils: INFO: Server executed: /off.
2018-04-20 22:33:31 - TSPlayer: INFO: Skipping SSC Backup for admin1
2018-04-20 22:33:31 - TSPlayer: INFO: Skipping SSC Backup for admin1
2018-04-20 22:33:31 - Utils: INFO: Kicked admin1 for : 'Server shutting down!'
2018-04-20 22:33:31 - Utils: INFO: Broadcast: admin1 was force kicked for 'server shutting down!'
2018-04-20 22:33:31 - Utils: INFO: Broadcast: admin1 has left.
2018-04-20 22:33:31 - TShock: INFO: admin1 disconnected.
2018-04-20 22:33:31 - CharacterManager: INFO: Skipping SSC Backup for admin1
2018-04-20 22:33:31 - Utils: INFO: Kicked 111 for : 'Server shutting down!'
2018-04-20 22:33:31 - Utils: INFO: Broadcast: 111 was force kicked for 'server shutting down!'
2018-04-20 22:33:31 - Utils: INFO: Broadcast: 111 has left.
2018-04-20 22:33:31 - TShock: INFO: 111 disconnected.
2018-04-20 22:33:31 - Utils: INFO: Kicked wenrou for : 'Server shutting down!'
2018-04-20 22:33:31 - Utils: INFO: Broadcast: wenrou was force kicked for 'server shutting down!'
2018-04-20 22:33:31 - AutoBoss: INFO: [AutoBoss+] Timer Disabled: No players are online
2018-04-20 22:33:31 - Utils: INFO: Broadcast: wenrou has left.
2018-04-20 22:33:31 - TShock: INFO: wenrou disconnected.
2018-04-20 22:33:33 - Utils: INFO: Broadcast: World saved.
2018-04-20 22:33:33 - SaveManager: INFO: World saved at (C:\Users\Administrator\Documents\My Games\Terraria\Worlds\terraria_servermap-1.wld)
2018-04-20 22:33:33 - Utils: INFO: Broadcast: Server shutting down!
2018-04-20 22:33:34 - Utils: INFO: Broadcast: World saved.
2018-04-20 22:33:34 - SaveManager: INFO: World saved at (C:\Users\Administrator\Documents\My Games\Terraria\Worlds\terraria_servermap-1.wld)
