2018-04-21 21:39:23 - TShock: INFO: TShock was improperly shut down. Please use the exit command in the future to prevent this.
2018-04-21 21:39:23 - TextLog: INFO: TShock 4.3.25.0 (Mintaka) now running.
2018-04-21 21:39:23 - TShock: INFO: AutoSave Enabled
2018-04-21 21:39:23 - TShock: INFO: Backups Disabled
2018-04-21 21:39:23 - TShock: INFO: Welcome to TShock for Terraria. Initialization complete.
2018-04-21 21:40:08 - GetDataHandlers: INFO: David authenticated successfully as user David.
2018-04-21 21:40:10 - TShock: INFO: David (192.168.0.106) from 'default' group joined. (1/10)
2018-04-21 21:40:10 - Utils: INFO: Broadcast: David has joined.
2018-04-21 21:40:19 - Utils: INFO: Server executed: /time noon.
2018-04-21 21:40:22 - Utils: INFO: Server executed: /time.
2018-04-21 21:40:25 - Utils: INFO: Server executed: /help.
2018-04-21 21:40:56 - AutoBoss: INFO: [AutoBoss+] Timer Disabled: No players are online
2018-04-21 21:40:57 - Utils: INFO: Broadcast: World saved.
2018-04-21 21:40:57 - SaveManager: INFO: World saved at (C:\Users\Administrator\Documents\My Games\Terraria\Worlds\terraria_servermap-1.wld)
2018-04-21 21:41:25 - AutoBoss: INFO: [AutoBoss+] Timer Disabled: No players are online
2018-04-21 21:41:27 - Utils: INFO: Broadcast: World saved.
2018-04-21 21:41:27 - SaveManager: INFO: World saved at (C:\Users\Administrator\Documents\My Games\Terraria\Worlds\terraria_servermap-1.wld)
2018-04-21 21:41:29 - GetDataHandlers: INFO: 111 authenticated successfully as user 111.
2018-04-21 21:41:33 - TShock: INFO: 111 (192.168.0.106) from 'default' group joined. (2/10)
2018-04-21 21:41:33 - Utils: INFO: Broadcast: 111 has joined.
2018-04-21 21:41:57 - Utils: INFO: Broadcast: David: 我要大虫子啊啊啊
2018-04-21 21:42:02 - Utils: INFO: Broadcast: David: 还有没有了
2018-04-21 21:42:07 - Utils: INFO: Broadcast: 111: 就做了一个
2018-04-21 21:42:10 - Utils: INFO: Broadcast: 111: 啊哈哈
2018-04-21 21:42:12 - Utils: INFO: Broadcast: David: 艹！
2018-04-21 21:42:15 - Utils: INFO: Broadcast: David: 我不管！
2018-04-21 21:42:17 - Utils: INFO: Broadcast: David: 啊啊啊啊啊
2018-04-21 21:42:20 - Utils: INFO: Broadcast: David: ！
2018-04-21 21:42:21 - Utils: INFO: Broadcast: 111: 去吧
2018-04-21 21:42:45 - Utils: INFO: 111 executed: /warp conlin.
2018-04-21 21:44:15 - Utils: INFO: Broadcast: 111: /
2018-04-21 21:44:21 - Utils: INFO: 111 executed: /warp conlin.
2018-04-21 21:44:54 - Utils: INFO: Broadcast: David has left.
2018-04-21 21:44:54 - TShock: INFO: David disconnected.
2018-04-21 21:44:56 - CharacterManager: INFO: Skipping SSC Backup for admin1
2018-04-21 21:44:56 - GetDataHandlers: INFO: admin1 authenticated successfully as user admin1.
2018-04-21 21:44:57 - TShock: INFO: admin1 (192.168.0.106) from 'superadmin' group joined. (2/10)
2018-04-21 21:44:57 - Utils: INFO: Broadcast: admin1 has joined.
2018-04-21 21:45:03 - Utils: INFO: admin1 executed: /tp 11.
2018-04-21 21:45:07 - Utils: INFO: Broadcast: admin1: 。。。。
2018-04-21 21:45:10 - Utils: INFO: Broadcast: admin1: 艹！
2018-04-21 21:45:13 - Utils: INFO: Broadcast: admin1: 啊啊啊啊
2018-04-21 21:45:15 - Utils: INFO: Broadcast: 111: 你要干啥
2018-04-21 21:45:21 - Utils: INFO: admin1 executed: /kill Da.
2018-04-21 21:45:26 - Utils: INFO: admin1 executed: /kill ad.
2018-04-21 21:45:50 - Utils: INFO: Broadcast: admin1 has left.
2018-04-21 21:45:50 - TShock: INFO: admin1 disconnected.
2018-04-21 21:45:50 - CharacterManager: INFO: Skipping SSC Backup for admin1
2018-04-21 21:45:53 - GetDataHandlers: INFO: David authenticated successfully as user David.
2018-04-21 21:45:54 - TShock: INFO: David (192.168.0.106) from 'default' group joined. (2/10)
2018-04-21 21:45:54 - Utils: INFO: Broadcast: David has joined.
2018-04-21 21:47:59 - Utils: INFO: Broadcast: David: [i/s6:521]
2018-04-21 21:50:00 - Utils: INFO: Broadcast: David: ok
2018-04-21 21:50:04 - Utils: INFO: Broadcast: David: [i:556]
2018-04-21 21:50:05 - Utils: INFO: Broadcast: David: 大妈
2018-04-21 21:50:09 - Utils: INFO: Broadcast: David: 打吗
2018-04-21 21:50:15 - Utils: INFO: Broadcast: 111: 昭雪
2018-04-21 21:50:39 - Utils: INFO: Broadcast: David: ？
2018-04-21 21:50:46 - Utils: INFO: Broadcast: 111: 血
2018-04-21 21:51:00 - Utils: INFO: Broadcast: David: 一起呗
2018-04-21 21:51:04 - Utils: INFO: Broadcast: 111: 嗯
2018-04-21 21:51:18 - Utils: INFO: David executed: /warp conlin.
2018-04-21 21:52:41 - Utils: INFO: Broadcast: 111: 明天你有事吗？
2018-04-21 21:52:45 - Utils: INFO: Broadcast: David: 没有
2018-04-21 21:52:51 - Utils: INFO: Broadcast: 111: 那早开服务器吧
2018-04-21 21:55:15 - Utils: INFO: Broadcast: 111: [i/s336:947]
2018-04-21 21:55:17 - Utils: INFO: Broadcast: David: 打虫子吗
2018-04-21 21:55:23 - Utils: INFO: Broadcast: 111: 哈哈
2018-04-21 21:55:26 - Utils: INFO: Broadcast: David: = =
2018-04-21 21:55:29 - Utils: INFO: Broadcast: David: 一起吗
2018-04-21 21:55:35 - Utils: INFO: Broadcast: 111: 一起什莫？
2018-04-21 21:55:39 - Utils: INFO: Broadcast: David: 虫子
2018-04-21 21:55:49 - Utils: INFO: Broadcast: 111: 嗯
2018-04-21 21:55:52 - Utils: INFO: Broadcast: 111: 等一下
2018-04-21 21:55:54 - Utils: INFO: Broadcast: 111: 做个东西
2018-04-21 21:57:29 - Utils: INFO: Broadcast: 111: 走
2018-04-21 21:57:51 - Utils: INFO: 111 executed: /warp yh.
2018-04-21 21:58:01 - Utils: INFO: David executed: /warp yh.
2018-04-21 21:58:27 - Utils: INFO: Broadcast: 111: 来打吧
2018-04-21 21:58:44 - Utils: INFO: Server executed: /time night.
2018-04-21 21:58:46 - Utils: INFO: David summoned the The Destroyer!
2018-04-21 22:00:20 - Utils: INFO: Broadcast: David: 喵喵喵？
2018-04-21 22:00:29 - Utils: INFO: Broadcast: 111: 。。
2018-04-21 22:00:33 - Utils: INFO: Broadcast: 111: 跑了
2018-04-21 22:00:37 - Utils: INFO: Broadcast: 111: 你直接拿把
2018-04-21 22:00:43 - Utils: INFO: Broadcast: 111: 我感觉你在做‘’
2018-04-21 22:00:48 - Utils: INFO: Broadcast: 111: 估计就疯了
2018-04-21 22:00:55 - Utils: INFO: Broadcast: David: 啊啊啊啊啊啊啊啊啊啊
2018-04-21 22:00:57 - Utils: INFO: Broadcast: David: 啊啊啊啊啊啊啊啊啊啊
2018-04-21 22:01:02 - Utils: INFO: Broadcast: David has left.
2018-04-21 22:01:02 - TShock: INFO: David disconnected.
2018-04-21 22:01:42 - Utils: INFO: 111 executed: /warp laimu.
2018-04-21 22:02:02 - Utils: INFO: 111 executed: /warp conlin.
2018-04-21 22:02:12 - Utils: INFO: Broadcast: 111: 、
2018-04-21 22:02:21 - Utils: INFO: 111 executed: /warp dilao.
2018-04-21 22:04:16 - AutoBoss: INFO: [AutoBoss+] Timer Disabled: No players are online
2018-04-21 22:04:17 - Utils: INFO: Broadcast: World saved.
2018-04-21 22:04:17 - SaveManager: INFO: World saved at (C:\Users\Administrator\Documents\My Games\Terraria\Worlds\terraria_servermap-1.wld)
2018-04-21 22:04:32 - Utils: INFO: 111 executed: /warp conlin.
2018-04-21 22:04:43 - CharacterManager: INFO: Skipping SSC Backup for admin1
2018-04-21 22:04:43 - GetDataHandlers: INFO: admin1 authenticated successfully as user admin1.
2018-04-21 22:04:44 - TShock: INFO: admin1 (192.168.0.106) from 'superadmin' group joined. (2/10)
2018-04-21 22:04:44 - Utils: INFO: Broadcast: admin1 has joined.
2018-04-21 22:04:46 - GetDataHandlers: INFO: David authenticated successfully as user David.
2018-04-21 22:04:47 - TShock: INFO: David (192.168.0.106) from 'default' group joined. (3/10)
2018-04-21 22:04:47 - Utils: INFO: Broadcast: David has joined.
2018-04-21 22:05:04 - Utils: INFO: Broadcast: admin1 has left.
2018-04-21 22:05:04 - TShock: INFO: admin1 disconnected.
2018-04-21 22:05:04 - CharacterManager: INFO: Skipping SSC Backup for admin1
2018-04-21 22:05:10 - Utils: INFO: Broadcast: David: [i:556]
2018-04-21 22:05:14 - Utils: INFO: Broadcast: David: 不管了
2018-04-21 22:05:15 - Utils: INFO: Broadcast: David: 啊啊啊
2018-04-21 22:05:52 - Utils: INFO: Broadcast: 111: 没事
2018-04-21 22:05:56 - Utils: INFO: Broadcast: 111: 现在就咱们两个
2018-04-21 22:06:00 - Utils: INFO: Broadcast: 111: 怕啥
2018-04-21 22:06:05 - Utils: INFO: David executed: /warp yh.
2018-04-21 22:06:07 - Utils: INFO: Broadcast: 111: 你知我知
2018-04-21 22:06:10 - Utils: INFO: Broadcast: 111: 没有第三个人知道
2018-04-21 22:06:12 - Utils: INFO: Broadcast: 111: 啊哈哈
2018-04-21 22:06:31 - Utils: INFO: 111 executed: /warp yh.
2018-04-21 22:06:32 - Utils: INFO: Broadcast: David: 嗯
2018-04-21 22:06:47 - Utils: INFO: Server executed: /time night.
2018-04-21 22:06:55 - Utils: INFO: David summoned the The Destroyer!
2018-04-21 22:07:23 - Utils: INFO: 111 executed: /warp yh.
2018-04-21 22:07:31 - Utils: INFO: David executed: /warp yh.
2018-04-21 22:08:02 - Utils: INFO: David executed: /warp yh.
2018-04-21 22:09:17 - Utils: INFO: Broadcast: David: wooooooooooooooooooo!~~~~~~~~~~~
2018-04-21 22:09:20 - Utils: INFO: Broadcast: David: weeeeeeeeeeeeeeeeeeeeeeeeeeeee
2018-04-21 22:09:25 - Utils: INFO: Broadcast: 111: 我感觉
2018-04-21 22:09:27 - Utils: INFO: Broadcast: David: whoaaaaaaaaaaaaaaaaa
2018-04-21 22:09:28 - Utils: INFO: Broadcast: 111: 你就是个打酱油的
2018-04-21 22:09:34 - Utils: INFO: Broadcast: David: .
2018-04-21 22:10:13 - Utils: INFO: Broadcast: David: ahahahah[i/p3:990]
2018-04-21 22:10:48 - Utils: INFO: Broadcast: 111: 松露虫
2018-04-21 22:11:01 - Utils: INFO: Broadcast: 111: 先去找薛
2018-04-21 22:11:06 - Utils: INFO: Broadcast: 111: 先去找血
2018-04-21 22:11:13 - Utils: INFO: Broadcast: 111: 有没有探索药剂》？？
2018-04-21 22:11:19 - Utils: INFO: Broadcast: David: [i/s6:296]
2018-04-21 22:11:27 - Utils: INFO: Broadcast: 111: 给我几个
2018-04-21 22:11:36 - Utils: INFO: Broadcast: 111: 全给我啦？
2018-04-21 22:12:07 - Utils: INFO: Broadcast: 111: 打中一个每秒16血
2018-04-21 22:12:12 - Utils: INFO: Broadcast: 111: 毒
2018-04-21 22:12:19 - Utils: INFO: Broadcast: 111: 可以叠加
2018-04-21 22:12:24 - Utils: INFO: Broadcast: 111: 时间
2018-04-21 22:12:35 - Utils: INFO: Broadcast: David: 嗯
2018-04-21 22:12:44 - Utils: INFO: 111 executed: /warp conlin.
2018-04-21 22:13:58 - Utils: INFO: Server executed: /off.
2018-04-21 22:13:58 - Utils: INFO: Kicked 111 for : 'Server shutting down!'
2018-04-21 22:13:58 - Utils: INFO: Broadcast: 111 was force kicked for 'server shutting down!'
2018-04-21 22:13:58 - Utils: INFO: Broadcast: 111 has left.
2018-04-21 22:13:58 - TShock: INFO: 111 disconnected.
2018-04-21 22:13:58 - Utils: INFO: Kicked David for : 'Server shutting down!'
2018-04-21 22:13:58 - Utils: INFO: Broadcast: David was force kicked for 'server shutting down!'
2018-04-21 22:13:58 - AutoBoss: INFO: [AutoBoss+] Timer Disabled: No players are online
2018-04-21 22:13:58 - Utils: INFO: Broadcast: David has left.
2018-04-21 22:13:58 - TShock: INFO: David disconnected.
2018-04-21 22:14:00 - Utils: INFO: Broadcast: World saved.
2018-04-21 22:14:00 - SaveManager: INFO: World saved at (C:\Users\Administrator\Documents\My Games\Terraria\Worlds\terraria_servermap-1.wld)
2018-04-21 22:14:01 - Utils: INFO: Broadcast: World saved.
2018-04-21 22:14:01 - SaveManager: INFO: World saved at (C:\Users\Administrator\Documents\My Games\Terraria\Worlds\terraria_servermap-1.wld)
2018-04-21 22:14:01 - Utils: INFO: Broadcast: Server shutting down!
