2018-04-28 19:53:07 - TShock: INFO: TShock was improperly shut down. Please use the exit command in the future to prevent this.
2018-04-28 19:53:07 - TextLog: INFO: TShock 4.3.25.0 (Mintaka) now running.
2018-04-28 19:53:07 - TShock: INFO: AutoSave Enabled
2018-04-28 19:53:07 - TShock: INFO: Backups Disabled
2018-04-28 19:53:07 - TShock: INFO: Welcome to TShock for Terraria. Initialization complete.
2018-04-28 19:53:31 - CharacterManager: INFO: Skipping SSC Backup for admin1
2018-04-28 19:53:31 - GetDataHandlers: INFO: admin1 authenticated successfully as user admin1.
2018-04-28 19:53:33 - TShock: INFO: admin1 (192.168.0.106) from 'superadmin' group joined. (1/10)
2018-04-28 19:53:33 - Utils: INFO: Broadcast: admin1 has joined.
2018-04-28 19:53:35 - GetDataHandlers: INFO: 夜-胤笙 authenticated successfully as user 夜-胤笙.
2018-04-28 19:53:40 - TShock: INFO: 夜-胤笙 (192.168.0.106) from 'default' group joined. (2/10)
2018-04-28 19:53:40 - Utils: INFO: Broadcast: 夜-胤笙 has joined.
2018-04-28 19:54:05 - Commands: INFO: admin1 successfully deleted account: 夜-胤笙.
2018-04-28 19:54:12 - Utils: INFO: admin1 executed: /kick 夜.
2018-04-28 19:54:12 - Utils: INFO: Kicked 夜-胤笙 for : 'Misbehaviour.'
2018-04-28 19:54:12 - Utils: INFO: Broadcast: admin1 kicked 夜-胤笙 for 'misbehaviour.'
2018-04-28 19:54:13 - Utils: INFO: Broadcast: 夜-胤笙 has left.
2018-04-28 19:54:13 - TShock: INFO: 夜-胤笙 disconnected.
2018-04-28 19:54:20 - Commands: INFO: admin1 successfully deleted account: King~.
2018-04-28 19:54:24 - AutoBoss: INFO: [AutoBoss+] Timer Disabled: No players are online
2018-04-28 19:54:24 - Utils: INFO: Broadcast: admin1 has left.
2018-04-28 19:54:24 - TShock: INFO: admin1 disconnected.
2018-04-28 19:54:24 - CharacterManager: INFO: Skipping SSC Backup for admin1
2018-04-28 19:54:25 - Utils: INFO: Broadcast: World saved.
2018-04-28 19:54:25 - SaveManager: INFO: World saved at (C:\Users\Administrator\Documents\My Games\Terraria\Worlds\terraria_servermap-1.wld)
2018-04-28 19:54:26 - Utils: INFO: Server executed: /off.
2018-04-28 19:54:27 - Utils: INFO: Broadcast: World saved.
2018-04-28 19:54:27 - SaveManager: INFO: World saved at (C:\Users\Administrator\Documents\My Games\Terraria\Worlds\terraria_servermap-1.wld)
2018-04-28 19:54:27 - Utils: INFO: Broadcast: Server shutting down!
