2018-04-21 20:33:20 - TextLog: INFO: TShock 4.3.25.0 (Mintaka) now running.
2018-04-21 20:33:20 - TShock: INFO: AutoSave Enabled
2018-04-21 20:33:20 - TShock: INFO: Backups Disabled
2018-04-21 20:33:20 - TShock: INFO: Welcome to TShock for Terraria. Initialization complete.
2018-04-21 20:33:32 - GetDataHandlers: INFO: David authenticated successfully as user David.
2018-04-21 20:33:34 - TShock: INFO: David (192.168.0.106) from 'default' group joined. (1/10)
2018-04-21 20:33:34 - Utils: INFO: Broadcast: David has joined.
2018-04-21 20:34:12 - AutoBoss: INFO: [AutoBoss+] Timer Disabled: No players are online
2018-04-21 20:34:14 - Utils: INFO: Broadcast: World saved.
2018-04-21 20:34:14 - SaveManager: INFO: World saved at (C:\Users\Administrator\Documents\My Games\Terraria\Worlds\terraria_servermap-1.wld)
2018-04-21 20:34:20 - AutoBoss: INFO: [AutoBoss+] Timer Disabled: No players are online
2018-04-21 20:34:21 - Utils: INFO: Broadcast: World saved.
2018-04-21 20:34:21 - SaveManager: INFO: World saved at (C:\Users\Administrator\Documents\My Games\Terraria\Worlds\terraria_servermap-1.wld)
2018-04-21 20:34:21 - GetDataHandlers: INFO: 111 authenticated successfully as user 111.
2018-04-21 20:34:26 - TShock: INFO: 111 (192.168.0.106) from 'default' group joined. (2/10)
2018-04-21 20:34:26 - Utils: INFO: Broadcast: 111 has joined.
2018-04-21 20:34:33 - GetDataHandlers: INFO: wenrou authenticated successfully as user wenrou.
2018-04-21 20:34:36 - TShock: INFO: wenrou (192.168.0.106) from 'default' group joined. (3/10)
2018-04-21 20:34:36 - Utils: INFO: Broadcast: wenrou has joined.
2018-04-21 20:34:54 - Utils: INFO: wenrou executed: /warp diyu.
2018-04-21 20:34:57 - GetDataHandlers: INFO: King~ authenticated successfully as user King~.
2018-04-21 20:35:01 - TShock: INFO: King~ (192.168.0.106) from 'default' group joined. (4/10)
2018-04-21 20:35:01 - Utils: INFO: Broadcast: King~ has joined.
2018-04-21 20:35:03 - Utils: INFO: 111 executed: /warp diyu.
2018-04-21 20:35:38 - Utils: INFO: David executed: /warp diyu.
2018-04-21 20:35:42 - Utils: INFO: Broadcast: David: gun
2018-04-21 20:35:46 - Utils: INFO: David executed: /warp diyu.
2018-04-21 20:35:49 - Utils: INFO: King~ executed: /warp diyu.
2018-04-21 20:36:03 - Utils: INFO: King~ executed: /warp diyu.
2018-04-21 20:36:04 - Utils: INFO: Broadcast: 111: 你不找材料了？
2018-04-21 20:36:32 - Utils: INFO: King~ executed: /warp diyu.
2018-04-21 20:37:32 - Utils: INFO: King~ executed: /warp diyu.
2018-04-21 20:37:37 - Utils: INFO: Broadcast: David: /
2018-04-21 20:38:38 - Utils: INFO: King~ executed: /warp diyu.
2018-04-21 20:38:59 - Utils: INFO: Broadcast: David: 谁帮我买进化粉末
2018-04-21 20:39:06 - Utils: INFO: Broadcast: David: 我找到Npc了
2018-04-21 20:39:47 - Utils: INFO: Broadcast: David: wenrou买了吗
2018-04-21 20:39:56 - Utils: INFO: Broadcast: wenrou: 买什么
2018-04-21 20:40:32 - Utils: INFO: Broadcast: King~: dengwio
2018-04-21 20:41:36 - Utils: INFO: Broadcast: David: FaQ
2018-04-21 20:41:39 - Utils: INFO: Broadcast: 111: ？？
2018-04-21 20:41:42 - Utils: INFO: David executed: /warp diyu.
2018-04-21 20:41:49 - Utils: INFO: Broadcast: 111: 睡好早换的
2018-04-21 20:41:50 - Utils: INFO: David tried to execute /spawn.
2018-04-21 20:41:54 - Utils: INFO: Broadcast: David: 不是我啊
2018-04-21 20:42:11 - Utils: INFO: Broadcast: 111: 有病
2018-04-21 20:42:12 - Utils: INFO: Broadcast: 111: 卧槽
2018-04-21 20:42:14 - Utils: INFO: Broadcast: King~: 我的召唤物....
2018-04-21 20:42:30 - Utils: INFO: Broadcast: 111: 好烦
2018-04-21 20:42:41 - Utils: INFO: Broadcast: David: 不来打
2018-04-21 20:44:13 - Utils: INFO: Broadcast: David: 艹？
2018-04-21 20:44:26 - Utils: INFO: Broadcast: wenrou has left.
2018-04-21 20:44:26 - TShock: INFO: wenrou disconnected.
2018-04-21 20:44:26 - GetDataHandlers: INFO: wenrou authenticated successfully as user wenrou.
2018-04-21 20:44:28 - Utils: INFO: King~ executed: /warp doui.
2018-04-21 20:44:30 - TShock: INFO: wenrou (192.168.0.106) from 'default' group joined. (4/10)
2018-04-21 20:44:30 - Utils: INFO: Broadcast: wenrou has joined.
2018-04-21 20:44:32 - Utils: INFO: King~ executed: /warp diyu\.
2018-04-21 20:44:36 - Utils: INFO: King~ executed: /warp diyu.
2018-04-21 20:44:44 - Utils: INFO: Broadcast: wenrou: 谁有多余的肉山的那把枪
2018-04-21 20:45:08 - TShock: INFO: 42552 (192.168.0.106) from 'guest' group joined. (5/10)
2018-04-21 20:45:08 - Utils: INFO: Broadcast: 42552 has joined.
2018-04-21 20:45:33 - Utils: INFO: Broadcast: 111: 啧啧
2018-04-21 20:45:35 - Utils: INFO: Broadcast: David: 有新人
2018-04-21 20:45:37 - Utils: INFO: Broadcast: 111: 虫子
2018-04-21 20:45:38 - Utils: INFO: Broadcast: David: ！
2018-04-21 20:45:42 - Utils: INFO: Broadcast: 111: 他是我朋友
2018-04-21 20:45:47 - Utils: INFO: Broadcast: 111: 。。
2018-04-21 20:45:49 - TextLog: INFO: 42552 registered an account: "42552".
2018-04-21 20:45:50 - Utils: INFO: Broadcast: David: 他也是我盆友
2018-04-21 20:45:51 - Utils: INFO: Broadcast: 111: 卧槽
2018-04-21 20:45:53 - Utils: INFO: Broadcast: David: qwq
2018-04-21 20:45:56 - Utils: INFO: Broadcast: 111: 真的新
2018-04-21 20:46:12 - Utils: INFO: Broadcast: 111: 你不说你去找虫子材料吗
2018-04-21 20:46:15 - Utils: INFO: Broadcast: 111: 去啊
2018-04-21 20:46:17 - Utils: INFO: King~ executed: /warp diyu.
2018-04-21 20:46:20 - Utils: INFO: Broadcast: David: = =
2018-04-21 20:46:23 - Utils: INFO: Broadcast: David: 我去
2018-04-21 20:46:36 - Utils: INFO: King~ executed: /warp diyu.
2018-04-21 20:46:37 - Utils: INFO: Broadcast: 111: 你只需要弄黑暗之魂
2018-04-21 20:46:38 - Utils: INFO: Broadcast: 111: 加上
2018-04-21 20:46:41 - Utils: INFO: Broadcast: 111: 6个腐肉
2018-04-21 20:46:50 - Utils: INFO: Broadcast: 111: 铅矿我这里有
2018-04-21 20:46:55 - Utils: INFO: Broadcast: David: [i/s2:68]
2018-04-21 20:46:57 - Utils: INFO: Broadcast: 42552 has left.
2018-04-21 20:46:57 - TShock: INFO: 42552 disconnected.
2018-04-21 20:47:03 - GetDataHandlers: INFO: 42552 authenticated successfully as user 42552.
2018-04-21 20:47:07 - TShock: INFO: 42552 (192.168.0.106) from 'default' group joined. (5/10)
2018-04-21 20:47:07 - Utils: INFO: Broadcast: 42552 has joined.
2018-04-21 20:47:14 - Utils: INFO: Broadcast: 42552: hi
2018-04-21 20:47:21 - Utils: INFO: Broadcast: David: 啊哈
2018-04-21 20:47:29 - Utils: INFO: Broadcast: David: = =
2018-04-21 20:47:34 - Utils: INFO: Broadcast: 111: 哇
2018-04-21 20:47:37 - Utils: INFO: Broadcast: 111: 你这个人
2018-04-21 20:47:41 - Utils: INFO: Broadcast: 111: 我想吹死你
2018-04-21 20:47:41 - Utils: INFO: Broadcast: David: ？
2018-04-21 20:47:45 - Utils: INFO: Broadcast: David: 蛤？
2018-04-21 20:47:48 - Utils: INFO: Broadcast: 111: [i/s14:296]
2018-04-21 20:47:48 - Utils: INFO: Broadcast: 42552: en..
2018-04-21 20:47:53 - Utils: INFO: Broadcast: 111: 为啥当初没人给我
2018-04-21 20:48:21 - Utils: INFO: Broadcast: 111: 我留下了4瓶
2018-04-21 20:48:22 - Utils: INFO: Broadcast: 111: 哈哈
2018-04-21 20:48:28 - Utils: INFO: Broadcast: David: 艹
2018-04-21 20:48:59 - Utils: INFO: Broadcast: 111: 虫子
2018-04-21 20:49:13 - Utils: INFO: Broadcast: King~: 海边有护士
2018-04-21 20:49:15 - Utils: INFO: Broadcast: wenrou has left.
2018-04-21 20:49:15 - TShock: INFO: wenrou disconnected.
2018-04-21 20:49:24 - Utils: INFO: Broadcast: 111: 腐竹啊
2018-04-21 20:49:32 - Utils: INFO: Broadcast: 111: 你直接召唤不就好啦
2018-04-21 20:49:43 - Utils: INFO: Broadcast: 111: 又不是过分的事情
2018-04-21 20:49:49 - Utils: INFO: Broadcast: David has left.
2018-04-21 20:49:49 - TShock: INFO: David disconnected.
2018-04-21 20:49:51 - CharacterManager: INFO: Skipping SSC Backup for admin1
2018-04-21 20:49:51 - GetDataHandlers: INFO: admin1 authenticated successfully as user admin1.
2018-04-21 20:49:52 - TShock: INFO: admin1 (192.168.0.106) from 'superadmin' group joined. (4/10)
2018-04-21 20:49:52 - Utils: INFO: Broadcast: admin1 has joined.
2018-04-21 20:49:59 - Utils: INFO: admin1 summoned the The Destroyer!
2018-04-21 20:50:00 - Utils: INFO: admin1 summoned the Skeletron Prime!
2018-04-21 20:50:02 - Utils: INFO: admin1 summoned the Retinazer!
2018-04-21 20:50:02 - Utils: INFO: admin1 summoned the Spazmatism!
2018-04-21 20:50:03 - Utils: INFO: admin1 summoned the Eye of Cthulhu!
2018-04-21 20:50:04 - Utils: INFO: Broadcast: 42552: 谁有火把啊
2018-04-21 20:50:05 - Utils: INFO: admin1 summoned the King Slime!
2018-04-21 20:50:07 - Utils: INFO: admin1 summoned a frost moon!
2018-04-21 20:50:10 - Utils: INFO: Broadcast: 111: 。。。
2018-04-21 20:50:10 - Utils: INFO: Broadcast: admin1 has left.
2018-04-21 20:50:10 - TShock: INFO: admin1 disconnected.
2018-04-21 20:50:10 - CharacterManager: INFO: Skipping SSC Backup for admin1
2018-04-21 20:50:12 - GetDataHandlers: INFO: David authenticated successfully as user David.
2018-04-21 20:50:13 - TShock: INFO: David (192.168.0.106) from 'default' group joined. (4/10)
2018-04-21 20:50:13 - Utils: INFO: Broadcast: David has joined.
2018-04-21 20:50:17 - Utils: INFO: Broadcast: 42552: 借我一下
2018-04-21 20:50:31 - Utils: INFO: Broadcast: 42552: 没事干啊你们
2018-04-21 20:50:40 - Utils: INFO: Broadcast: 42552: WT..
2018-04-21 20:50:46 - Utils: INFO: Server executed: /time noon.
2018-04-21 20:51:33 - Utils: INFO: Broadcast: David: ok
2018-04-21 20:51:43 - Utils: INFO: Broadcast: 42552: a
2018-04-21 20:51:53 - Utils: INFO: Broadcast: King~: 什么东西啊
2018-04-21 20:52:45 - Utils: INFO: Broadcast: David: 有事情
2018-04-21 20:52:48 - Utils: INFO: Broadcast: David: 等会玩
2018-04-21 20:52:51 - Utils: INFO: Broadcast: David has left.
2018-04-21 20:52:51 - TShock: INFO: David disconnected.
2018-04-21 20:53:01 - Utils: INFO: Broadcast: 111: K
2018-04-21 20:53:04 - Utils: INFO: Broadcast: 111: 你去弄腐肉把
2018-04-21 20:53:09 - Utils: INFO: Broadcast: 111: 我去弄黑暗之魂
2018-04-21 20:53:15 - Utils: INFO: Broadcast: 111: 做虫子
2018-04-21 20:53:25 - Utils: INFO: Broadcast: 111: 弄不弄？》
2018-04-21 20:55:16 - Utils: INFO: 111 executed: /warp laimu.
2018-04-21 20:56:27 - Utils: INFO: 111 executed: /warp laimu.
2018-04-21 20:57:38 - Utils: INFO: Broadcast: 111: 你又来干哈
2018-04-21 20:57:51 - Utils: INFO: Broadcast: King~: 参观啊
2018-04-21 20:58:06 - Utils: INFO: King~ executed: /warp diyu.
2018-04-21 20:59:05 - Utils: INFO: King~ executed: /warp yh.
2018-04-21 20:59:14 - Utils: INFO: King~ executed: /warp diyu.
2018-04-21 20:59:41 - Utils: INFO: Broadcast: 111: 你不帮忙做召唤物
2018-04-21 20:59:52 - Utils: INFO: Broadcast: 111: 那你在干嘛？
2018-04-21 20:59:58 - Utils: INFO: Broadcast: 111: 不往后面打了？
2018-04-21 21:00:19 - Utils: INFO: Broadcast: King~: 哇我一直都没装备好吧
2018-04-21 21:00:24 - Utils: INFO: Broadcast: 111: ？？
2018-04-21 21:00:26 - Utils: INFO: Broadcast: King~: 我在找装备还错了吗
2018-04-21 21:00:36 - Utils: INFO: Broadcast: 111: 你再找神魔？
2018-04-21 21:00:41 - Utils: INFO: Broadcast: King~: 我就一个[i/p59:2535]这个其他的都没有了啊
2018-04-21 21:00:49 - Utils: INFO: Broadcast: 111: 。。。
2018-04-21 21:00:58 - Utils: INFO: Broadcast: 111: 我说饰品
2018-04-21 21:01:00 - Utils: INFO: Broadcast: 111: 装备
2018-04-21 21:01:03 - Utils: INFO: Broadcast: King~: 我那破装备打过皮
2018-04-21 21:01:04 - Utils: INFO: Broadcast: 111: 你那个现阶段最好了
2018-04-21 21:01:28 - Utils: INFO: Broadcast: King~: 刷光明混还不让了？
2018-04-21 21:01:40 - Utils: INFO: Broadcast: 111: 。。。
2018-04-21 21:01:57 - Utils: INFO: Broadcast: 111: 光明不是应该在地下洞穴里面吗？
2018-04-21 21:02:01 - Utils: INFO: Broadcast: 111: 你去地狱干啥a
2018-04-21 21:02:14 - Utils: INFO: Broadcast: King~: 低于也有啊
2018-04-21 21:02:16 - Utils: INFO: Broadcast: King~: a
2018-04-21 21:02:37 - Utils: INFO: Broadcast: 111: 黑暗之魂
2018-04-21 21:02:39 - Utils: INFO: Broadcast: 111: 在哪里来着？
2018-04-21 21:02:47 - Utils: INFO: Broadcast: King~: 学弟
2018-04-21 21:05:28 - Utils: INFO: Broadcast: King~: [i:2802]这个谁要
2018-04-21 21:10:46 - Utils: INFO: Broadcast: King~: ？？？？
2018-04-21 21:10:49 - Utils: INFO: Broadcast: 111: 箱子
2018-04-21 21:10:51 - Utils: INFO: Broadcast: 111: 给我啊
2018-04-21 21:12:12 - Utils: INFO: Broadcast: 42552: 两位大佬给点足高级合一下稿子给我个可以吗
2018-04-21 21:12:22 - Utils: INFO: Broadcast: 42552: 我史莱姆都打不死
2018-04-21 21:12:22 - Utils: INFO: Broadcast: 111: 刚给人
2018-04-21 21:12:47 - Utils: INFO: King~ executed: /warp yh.
2018-04-21 21:14:15 - Utils: INFO: Broadcast: 42552: 有什么武器吗，你们手头上弱一点的给我一个，帮我个忙
2018-04-21 21:14:32 - Utils: INFO: Broadcast: King~: [i:3012]
2018-04-21 21:14:36 - Utils: INFO: Broadcast: King~: 这是什么
2018-04-21 21:15:03 - Utils: INFO: Broadcast: 42552: 这个也可以
2018-04-21 21:15:20 - Utils: INFO: Broadcast: 42552: 谢谢
2018-04-21 21:15:55 - Utils: INFO: Broadcast: 111: [i/p72:1862]
2018-04-21 21:16:00 - Utils: INFO: Broadcast: 111: 终于
2018-04-21 21:16:02 - Utils: INFO: Broadcast: 111: 找到了
2018-04-21 21:16:26 - Utils: INFO: Broadcast: 111: 打不打虫子？
2018-04-21 21:16:34 - Utils: INFO: Broadcast: King~: 光明地下有没有地方
2018-04-21 21:16:54 - Utils: INFO: Broadcast: 111: 对了
2018-04-21 21:17:12 - Utils: INFO: Broadcast: 111: 打不打啊
2018-04-21 21:17:17 - Utils: INFO: Broadcast: 111: [i:556]
2018-04-21 21:18:08 - Utils: INFO: Broadcast: King~: 群主呢
2018-04-21 21:18:13 - Utils: INFO: Broadcast: 111: 不知道
2018-04-21 21:18:26 - Utils: INFO: Broadcast: 111: 他不在boss的血量会变低
2018-04-21 21:18:38 - Utils: INFO: Broadcast: King~: 就我们两个吗
2018-04-21 21:18:45 - Utils: INFO: Broadcast: 111: 嗯
2018-04-21 21:18:58 - Utils: INFO: Broadcast: 42552: 还有老哥
2018-04-21 21:18:59 - Utils: INFO: King~ executed: /warp fh.
2018-04-21 21:19:02 - Utils: INFO: King~ executed: /warp.
2018-04-21 21:19:07 - Utils: INFO: Broadcast: 111: 你没有输出
2018-04-21 21:19:11 - Utils: INFO: Broadcast: 111: 虫子不会追人
2018-04-21 21:19:13 - Utils: INFO: Broadcast: 111: 所以
2018-04-21 21:19:17 - Utils: INFO: King~ executed: /warp tf.
2018-04-21 21:19:19 - Utils: INFO: Broadcast: 42552: 我刚玩啊
2018-04-21 21:19:20 - Utils: INFO: King~ executed: /warp fh.
2018-04-21 21:19:21 - Utils: INFO: Broadcast: 111: 一会我们打的时候你先出去一下
2018-04-21 21:19:27 - Utils: INFO: King~ executed: /warp yh.
2018-04-21 21:19:33 - Utils: INFO: Broadcast: 111: 我们有装备再帮你打一边
2018-04-21 21:19:37 - Utils: INFO: Broadcast: 111: 可以吗？
2018-04-21 21:19:46 - Utils: INFO: King~ executed: /warp fh.
2018-04-21 21:19:53 - Utils: INFO: King~ executed: /warp fh.
2018-04-21 21:19:58 - Utils: INFO: 111 executed: /warp yh.
2018-04-21 21:20:10 - Utils: INFO: Broadcast: 111: 上面重生
2018-04-21 21:20:14 - Utils: INFO: Broadcast: 111: 上来
2018-04-21 21:20:16 - Utils: INFO: Broadcast: 111: 床
2018-04-21 21:20:21 - Utils: INFO: Broadcast: 111: 4255
2018-04-21 21:20:30 - Utils: INFO: Broadcast: 111: 你先退出一下可以吗
2018-04-21 21:20:33 - Utils: INFO: Broadcast: 111: 我们打完boss
2018-04-21 21:20:34 - Utils: INFO: Broadcast: 111: 你再进来
2018-04-21 21:20:35 - Utils: INFO: Broadcast: 42552 has left.
2018-04-21 21:20:35 - TShock: INFO: 42552 disconnected.
2018-04-21 21:20:42 - Utils: INFO: Broadcast: 111: 来
2018-04-21 21:20:48 - Utils: INFO: King~ executed: /warp th.
2018-04-21 21:20:52 - Utils: INFO: Broadcast: King~: 之灵是啥
2018-04-21 21:20:59 - Utils: INFO: Broadcast: 111: 你先来
2018-04-21 21:21:00 - Utils: INFO: Broadcast: 111: daboss
2018-04-21 21:21:01 - Utils: INFO: King~ executed: /warp yh.
2018-04-21 21:21:06 - Utils: INFO: Broadcast: 111: yh
2018-04-21 21:21:20 - Utils: INFO: Broadcast: King~: 我要睡觉了............
2018-04-21 21:21:26 - Utils: INFO: Broadcast: 111: 打完再说
2018-04-21 21:21:33 - Utils: INFO: Broadcast: 111: 注意清小怪
2018-04-21 21:21:38 - Utils: INFO: Broadcast: King~: 大一班突然挂机了
2018-04-21 21:21:40 - Utils: INFO: Broadcast: 111: 清完小怪再打
2018-04-21 21:21:53 - Utils: INFO: Broadcast: 111: 那你现在就走吧
2018-04-21 21:21:54 - Utils: INFO: Broadcast: 111: 。。
2018-04-21 21:22:03 - Utils: INFO: Broadcast: 111: 把黑暗之魂给我一点
2018-04-21 21:22:12 - Utils: INFO: Broadcast: King~ has left.
2018-04-21 21:22:12 - TShock: INFO: King~ disconnected.
2018-04-21 21:22:12 - GetDataHandlers: INFO: King~ authenticated successfully as user King~.
2018-04-21 21:22:12 - Utils: INFO: Broadcast: 111: 你下不下？
2018-04-21 21:22:14 - AutoBoss: INFO: [AutoBoss+] Timer Disabled: No players are online
2018-04-21 21:22:15 - Utils: INFO: Broadcast: World saved.
2018-04-21 21:22:15 - SaveManager: INFO: World saved at (C:\Users\Administrator\Documents\My Games\Terraria\Worlds\terraria_servermap-1.wld)
2018-04-21 21:22:16 - TShock: INFO: King~ (192.168.0.106) from 'default' group joined. (2/10)
2018-04-21 21:22:16 - Utils: INFO: Broadcast: King~ has joined.
2018-04-21 21:22:22 - Utils: INFO: Broadcast: 111: ？？
2018-04-21 21:22:32 - Utils: INFO: Broadcast: 111: 你要下快一点啊
2018-04-21 21:22:42 - Utils: INFO: King~ executed: /warp yh.
2018-04-21 21:22:54 - Utils: INFO: Broadcast: 111: 你到底要怎样？？？？？？？？？？？？
2018-04-21 21:22:56 - Utils: INFO: Broadcast: 111: ？？？？？？？
2018-04-21 21:22:57 - Utils: INFO: Broadcast: 111: ？？？？？
2018-04-21 21:23:00 - Utils: INFO: Broadcast: King~: sudu l 
2018-04-21 21:23:00 - Utils: INFO: 111 summoned the The Destroyer!
2018-04-21 21:26:14 - Utils: INFO: Broadcast: 111: 简单把
2018-04-21 21:27:29 - Utils: INFO: Broadcast: King~: [i/p41:3287][i:666][i:668][i:667]
2018-04-21 21:27:40 - Utils: INFO: Broadcast: King~: 你有吗
2018-04-21 21:27:46 - Utils: INFO: Broadcast: 111: 没有
2018-04-21 21:27:50 - Utils: INFO: Broadcast: King~: ！
2018-04-21 21:27:51 - Utils: INFO: 111 executed: /warp laimu.
2018-04-21 21:28:27 - Utils: INFO: Broadcast: 111: 你明天
2018-04-21 21:28:29 - Utils: INFO: Broadcast: 111: 还有事情吗？
2018-04-21 21:28:34 - Utils: INFO: Broadcast: King~: 有
