2018-04-28 18:13:06 - TextLog: INFO: TShock 4.3.25.0 (Mintaka) now running.
2018-04-28 18:13:06 - TShock: INFO: AutoSave Enabled
2018-04-28 18:13:06 - TShock: INFO: Backups Disabled
2018-04-28 18:13:06 - TShock: INFO: Welcome to TShock for Terraria. Initialization complete.
2018-04-28 18:19:16 - GetDataHandlers: INFO: King~ authenticated successfully as user King~.
2018-04-28 18:19:22 - TShock: INFO: King~ (192.168.0.106) from 'default' group joined. (1/10)
2018-04-28 18:19:22 - Utils: INFO: Broadcast: King~ has joined.
2018-04-28 18:19:42 - AutoBoss: INFO: [AutoBoss+] Timer Disabled: No players are online
2018-04-28 18:19:43 - Utils: INFO: Broadcast: World saved.
2018-04-28 18:19:43 - SaveManager: INFO: World saved at (C:\Users\Administrator\Documents\My Games\Terraria\Worlds\terraria_servermap-1.wld)
2018-04-28 18:21:11 - GetDataHandlers: INFO: David authenticated successfully as user David.
2018-04-28 18:21:12 - TShock: INFO: David (192.168.0.106) from 'default' group joined. (2/10)
2018-04-28 18:21:12 - Utils: INFO: Broadcast: David has joined.
2018-04-28 18:21:17 - Utils: INFO: Broadcast: David: 啊哈！
2018-04-28 18:21:35 - Utils: INFO: Broadcast: King~: 啊
2018-04-28 18:23:55 - Utils: INFO: King~ executed: /warp dilao.
2018-04-28 18:28:10 - Utils: INFO: Broadcast: King~: [i:1183][i:1183][i:1183][i:1183][i:1183][i:1183][i:1183]
2018-04-28 18:28:16 - Utils: INFO: Broadcast: David: ！
2018-04-28 18:28:26 - Utils: INFO: Broadcast: King~: [i:165][i:165][i:165][i:165][i:165]
2018-04-28 18:29:47 - Utils: INFO: Broadcast: David: ！
2018-04-28 18:30:44 - Utils: INFO: Broadcast: King~: [i/p48:519]
2018-04-28 18:35:33 - Utils: INFO: Broadcast: David: 啊
2018-04-28 18:35:41 - Utils: INFO: Broadcast: David: 放假
2018-04-28 18:35:43 - Utils: INFO: Broadcast: David: 居然没人玩
2018-04-28 18:35:49 - Utils: INFO: Broadcast: David: 我要关服了
2018-04-28 18:35:51 - Utils: INFO: David executed: /who.
2018-04-28 18:35:57 - Utils: INFO: Broadcast: King~: 我玩压
2018-04-28 18:39:09 - Utils: INFO: Broadcast: King~ has left.
2018-04-28 18:39:09 - TShock: INFO: King~ disconnected.
2018-04-28 18:39:21 - AutoBoss: INFO: [AutoBoss+] Timer Disabled: No players are online
2018-04-28 18:39:21 - Utils: INFO: Broadcast: King has left.
2018-04-28 18:39:21 - TShock: INFO: King disconnected.
2018-04-28 18:39:23 - Utils: INFO: Broadcast: World saved.
2018-04-28 18:39:23 - SaveManager: INFO: World saved at (C:\Users\Administrator\Documents\My Games\Terraria\Worlds\terraria_servermap-1.wld)
2018-04-28 18:39:50 - TShock: INFO: 23333 (192.168.0.106) from 'guest' group joined. (2/10)
2018-04-28 18:39:50 - Utils: INFO: Broadcast: 23333 has joined.
2018-04-28 18:40:03 - TextLog: INFO: 23333 registered an account: "23333".
2018-04-28 18:40:06 - Utils: INFO: Broadcast: 23333: 123456
2018-04-28 18:40:36 - Utils: INFO: 23333 executed: /help.
2018-04-28 18:40:46 - Commands: WARNING: 192.168.0.106 failed to authenticate as user: 23333.
2018-04-28 18:40:58 - Commands: INFO: 23333 authenticated successfully as user: 23333.
2018-04-28 18:43:10 - Utils: INFO: Broadcast: David: 。。。。。
2018-04-28 18:43:14 - Utils: INFO: Broadcast: David: 偷东西！
2018-04-28 18:43:17 - Utils: INFO: Broadcast: 23333: 猜猜我是谁
2018-04-28 18:43:21 - Utils: INFO: Broadcast: David: 我打死你！
2018-04-28 18:43:25 - Utils: INFO: Server executed: /kill 233.
2018-04-28 18:43:26 - Utils: INFO: Broadcast: 23333: King小号
2018-04-28 18:43:31 - Utils: INFO: Broadcast: 23333: 我是小号
2018-04-28 18:43:36 - Utils: INFO: Broadcast: David: = =
2018-04-28 18:43:38 - Utils: INFO: Broadcast: 23333: 小傻子
2018-04-28 18:43:46 - Utils: INFO: Broadcast: 23333: 我自己的东西为什么摇头
2018-04-28 18:46:34 - Utils: INFO: Broadcast: 23333 has left.
2018-04-28 18:46:34 - TShock: INFO: 23333 disconnected.
2018-04-28 18:46:38 - GetDataHandlers: INFO: King~ authenticated successfully as user King~.
2018-04-28 18:46:43 - TShock: INFO: King~ (192.168.0.106) from 'default' group joined. (2/10)
2018-04-28 18:46:43 - Utils: INFO: Broadcast: King~ has joined.
2018-04-28 18:47:06 - Utils: INFO: David executed: /warp 2.
2018-04-28 18:47:09 - Utils: INFO: David executed: /warp 3.
2018-04-28 18:48:54 - Utils: INFO: David executed: /warp 3.
2018-04-28 18:49:16 - Utils: INFO: Broadcast: King~ has left.
2018-04-28 18:49:16 - TShock: INFO: King~ disconnected.
2018-04-28 18:49:33 - Utils: INFO: David executed: /warp 3.
2018-04-28 18:49:41 - GetDataHandlers: INFO: King~ authenticated successfully as user King~.
2018-04-28 18:49:45 - AutoBoss: INFO: [AutoBoss+] Timer Disabled: No players are online
2018-04-28 18:49:46 - Utils: INFO: Broadcast: World saved.
2018-04-28 18:49:46 - SaveManager: INFO: World saved at (C:\Users\Administrator\Documents\My Games\Terraria\Worlds\terraria_servermap-1.wld)
2018-04-28 18:49:47 - TShock: INFO: King~ (192.168.0.106) from 'default' group joined. (2/10)
2018-04-28 18:49:47 - Utils: INFO: Broadcast: King~ has joined.
2018-04-28 18:50:06 - Utils: INFO: David executed: /warp 3.
2018-04-28 18:52:37 - Utils: INFO: David executed: /warp 3.
2018-04-28 18:52:46 - Utils: INFO: David executed: /warp 3.
2018-04-28 18:53:29 - Utils: INFO: King~ executed: /warp 1.
2018-04-28 18:53:50 - Utils: INFO: Broadcast: David has left.
2018-04-28 18:53:50 - TShock: INFO: David disconnected.
2018-04-28 18:56:13 - AutoBoss: INFO: [AutoBoss+] Timer Disabled: No players are online
2018-04-28 18:56:13 - Utils: INFO: Broadcast: King~ has left.
2018-04-28 18:56:13 - TShock: INFO: King~ disconnected.
2018-04-28 18:56:14 - Utils: INFO: Broadcast: World saved.
2018-04-28 18:56:14 - SaveManager: INFO: World saved at (C:\Users\Administrator\Documents\My Games\Terraria\Worlds\terraria_servermap-1.wld)
2018-04-28 19:04:32 - GetDataHandlers: INFO: King~ authenticated successfully as user King~.
2018-04-28 19:04:41 - TShock: INFO: King~ (192.168.0.106) from 'default' group joined. (1/10)
2018-04-28 19:04:41 - Utils: INFO: Broadcast: King~ has joined.
2018-04-28 19:05:07 - Utils: INFO: Server executed: /off.
2018-04-28 19:05:07 - Utils: INFO: Kicked King~ for : 'Server shutting down!'
2018-04-28 19:05:07 - Utils: INFO: Broadcast: King~ was force kicked for 'server shutting down!'
2018-04-28 19:05:07 - AutoBoss: INFO: [AutoBoss+] Timer Disabled: No players are online
2018-04-28 19:05:07 - Utils: INFO: Broadcast: King~ has left.
2018-04-28 19:05:07 - TShock: INFO: King~ disconnected.
2018-04-28 19:05:08 - Utils: INFO: Broadcast: World saved.
2018-04-28 19:05:08 - SaveManager: INFO: World saved at (C:\Users\Administrator\Documents\My Games\Terraria\Worlds\terraria_servermap-1.wld)
2018-04-28 19:05:09 - Utils: INFO: Broadcast: World saved.
2018-04-28 19:05:09 - SaveManager: INFO: World saved at (C:\Users\Administrator\Documents\My Games\Terraria\Worlds\terraria_servermap-1.wld)
2018-04-28 19:05:09 - Utils: INFO: Broadcast: Server shutting down!
