2018-04-21 19:39:49 - TextLog: INFO: TShock 4.3.25.0 (Mintaka) now running.
2018-04-21 19:39:49 - TShock: INFO: AutoSave Enabled
2018-04-21 19:39:49 - TShock: INFO: Backups Disabled
2018-04-21 19:39:49 - TShock: INFO: Welcome to TShock for Terraria. Initialization complete.
2018-04-21 19:40:06 - GetDataHandlers: INFO: David authenticated successfully as user David.
2018-04-21 19:40:08 - TShock: INFO: David (192.168.0.106) from 'default' group joined. (1/10)
2018-04-21 19:40:08 - Utils: INFO: Broadcast: David has joined.
2018-04-21 19:48:20 - GetDataHandlers: INFO: 111 authenticated successfully as user 111.
2018-04-21 19:48:23 - TShock: INFO: 111 (192.168.0.106) from 'default' group joined. (2/10)
2018-04-21 19:48:23 - Utils: INFO: Broadcast: 111 has joined.
2018-04-21 19:49:01 - GetDataHandlers: INFO: King~ authenticated successfully as user King~.
2018-04-21 19:49:05 - TShock: INFO: King~ (192.168.0.106) from 'default' group joined. (3/10)
2018-04-21 19:49:05 - Utils: INFO: Broadcast: King~ has joined.
2018-04-21 19:49:11 - Utils: INFO: Broadcast: 111: 我靠
2018-04-21 19:49:18 - Utils: INFO: Broadcast: 111: 地图全黑了
2018-04-21 19:49:29 - Utils: INFO: Broadcast: David: emmmm
2018-04-21 19:50:33 - Utils: INFO: Broadcast: 111: 今天
2018-04-21 19:50:39 - Utils: INFO: Broadcast: 111: 去海边
2018-04-21 19:50:43 - Utils: INFO: Broadcast: 111: 弄平台
2018-04-21 19:50:47 - Utils: INFO: Broadcast: 111: 然后打新三王
2018-04-21 19:50:50 - Utils: INFO: Broadcast: 111: 海边
2018-04-21 19:50:53 - Utils: INFO: Broadcast: 111: 指令呢？
2018-04-21 19:51:58 - Utils: INFO: 111 executed: /warp conlin.
2018-04-21 19:52:14 - Utils: INFO: Broadcast: King~: [i:2802][i:2802][i:2802][i:2802][i:2802][i:2802][i:2802][i:2802]
2018-04-21 19:52:30 - Utils: INFO: Broadcast: 111: 来海边
2018-04-21 19:52:32 - Utils: INFO: Broadcast: 111: 弄平台
2018-04-21 19:52:35 - Utils: INFO: Broadcast: 111: 海边指令多少
2018-04-21 19:52:47 - Utils: INFO: Broadcast: David: 输入/warp list
2018-04-21 19:52:53 - Utils: INFO: 111 executed: /warp list.
2018-04-21 19:53:04 - Utils: INFO: 111 executed: /warp list-sea.
2018-04-21 19:53:09 - Utils: INFO: Broadcast: 111: 不行
2018-04-21 19:53:16 - Utils: INFO: David executed: /warp list.
2018-04-21 19:53:24 - Utils: INFO: David executed: /warp yh.
2018-04-21 19:53:55 - Utils: INFO: Broadcast: 111: 弄一下
2018-04-21 19:53:56 - Utils: INFO: Broadcast: 111: 出生点
2018-04-21 19:54:00 - Utils: INFO: Broadcast: David: ok
2018-04-21 19:54:41 - Utils: INFO: Broadcast: 111: 放火堆
2018-04-21 19:54:47 - Utils: INFO: Broadcast: King~: ？？？？
2018-04-21 19:54:53 - Utils: INFO: Broadcast: 111: 骷髅王
2018-04-21 19:54:57 - Utils: INFO: Broadcast: King~: 不是
2018-04-21 19:55:02 - Utils: INFO: Broadcast: King~: 大杨静
2018-04-21 19:55:05 - Utils: INFO: Broadcast: King~: 眼睛
2018-04-21 19:55:21 - Utils: INFO: Broadcast: David: 眼睛
2018-04-21 19:55:22 - Utils: INFO: Broadcast: 111: 火堆
2018-04-21 19:55:50 - Utils: INFO: Broadcast: 111: 没血了
2018-04-21 19:55:52 - Utils: INFO: Broadcast: 111: 传送
2018-04-21 19:55:55 - Utils: INFO: Broadcast: 111: 上去回血
2018-04-21 19:55:58 - Utils: INFO: Broadcast: 111: 速度下来
2018-04-21 19:56:16 - Utils: INFO: Broadcast: David: = =
2018-04-21 19:56:24 - Utils: INFO: Broadcast: King~: 之灵
2018-04-21 19:56:32 - Utils: INFO: Broadcast: King~: 去海边的zhiling
2018-04-21 19:56:39 - Utils: INFO: Broadcast: 111: yh
2018-04-21 19:56:39 - Utils: INFO: King~ executed: /warp list.
2018-04-21 19:56:55 - Utils: INFO: King~ executed: /warp left-sea.
2018-04-21 19:57:11 - Utils: INFO: King~ executed: /warp right-sea.
2018-04-21 19:57:44 - Utils: INFO: Broadcast: David: 输入/warp yh
2018-04-21 19:57:51 - Utils: INFO: King~ executed: /warp yh.
2018-04-21 19:58:44 - Utils: INFO: King~ executed: /warp yh.
2018-04-21 20:01:40 - Utils: INFO: Broadcast: 111: 别跑
2018-04-21 20:02:14 - GetDataHandlers: INFO: wenrou authenticated successfully as user wenrou.
2018-04-21 20:02:17 - TShock: INFO: wenrou (192.168.0.106) from 'default' group joined. (4/10)
2018-04-21 20:02:17 - Utils: INFO: Broadcast: wenrou has joined.
2018-04-21 20:02:31 - Utils: INFO: Server executed: /time night.
2018-04-21 20:02:57 - Utils: INFO: Broadcast: 111: 怎末样
2018-04-21 20:03:01 - Utils: INFO: Broadcast: 111: 护士大法
2018-04-21 20:03:04 - Utils: INFO: Broadcast: 111: 护士打法
2018-04-21 20:03:07 - Utils: INFO: Broadcast: 111: 很简单吧
2018-04-21 20:03:35 - Utils: INFO: Broadcast: 111: 回城吧
2018-04-21 20:03:50 - Utils: INFO: King~ executed: /warp spawn.
2018-04-21 20:04:06 - Utils: INFO: Broadcast: David: 嗯
2018-04-21 20:04:07 - Utils: INFO: Broadcast: David: 666
2018-04-21 20:04:21 - Utils: INFO: Broadcast: David: 要不boss平台就在海边打好了
2018-04-21 20:04:26 - Utils: INFO: Broadcast: David: 我把平台造好
2018-04-21 20:04:34 - Utils: INFO: Broadcast: David: 护士也在那里
2018-04-21 20:04:39 - Utils: INFO: Broadcast: David: 怎么样
2018-04-21 20:04:41 - Utils: INFO: Broadcast: 111: 、
2018-04-21 20:04:45 - Utils: INFO: Broadcast: 111: ok
2018-04-21 20:05:06 - Utils: INFO: Broadcast: David: 圣神稿子怎么做
2018-04-21 20:05:38 - Utils: INFO: Broadcast: David: emmmmm
2018-04-21 20:05:45 - Utils: INFO: Broadcast: David: 3王之魂
2018-04-21 20:05:47 - Utils: INFO: Broadcast: David: 艹
2018-04-21 20:05:55 - Utils: INFO: Broadcast: 111:  
2018-04-21 20:06:00 - Utils: INFO: Broadcast: David: 谁有黑色晶状体
2018-04-21 20:06:05 - Utils: INFO: Broadcast: 111: 去海边
2018-04-21 20:06:06 - Utils: INFO: Broadcast: 111: 这批
2018-04-21 20:06:10 - Utils: INFO: 111 executed: /warp yh.
2018-04-21 20:06:20 - Utils: INFO: Broadcast: King~: qunzhukan 
2018-04-21 20:06:25 - Utils: INFO: Broadcast: King~: 群主看
2018-04-21 20:06:33 - Utils: INFO: Broadcast: David: 卧槽！
2018-04-21 20:06:39 - Utils: INFO: Broadcast: King~: 可怕吗
2018-04-21 20:06:41 - Utils: INFO: Broadcast: David: 66666
2018-04-21 20:06:45 - Utils: INFO: Broadcast: 111: 来啊
2018-04-21 20:06:46 - Utils: INFO: Broadcast: David: 召唤师
2018-04-21 20:06:47 - Utils: INFO: Broadcast: 111: 别装逼了
2018-04-21 20:06:59 - Utils: INFO: Broadcast: David: 我tm发现战士真tm弱
2018-04-21 20:06:59 - Utils: INFO: Broadcast: 111: 速度来啊
2018-04-21 20:07:07 - Utils: INFO: Broadcast: 111: 最强是法师
2018-04-21 20:07:12 - Utils: INFO: Broadcast: 111: 召唤一辈子打不过法师
2018-04-21 20:07:26 - Utils: INFO: Broadcast: 111: 召唤物不会锁定玩家
2018-04-21 20:07:31 - Utils: INFO: Broadcast: 111: 所以召唤才是最垃圾的
2018-04-21 20:07:47 - Utils: INFO: Broadcast: King~: PVE强啊
2018-04-21 20:07:57 - Utils: INFO: Broadcast: 111: 法师
2018-04-21 20:08:00 - Utils: INFO: Broadcast: 111: 吸血
2018-04-21 20:08:02 - Utils: INFO: Broadcast: 111: 输出
2018-04-21 20:08:03 - Utils: INFO: Broadcast: 111: 跟踪
2018-04-21 20:08:06 - Utils: INFO: Broadcast: 111: 你觉得呢？
2018-04-21 20:08:08 - Utils: INFO: Broadcast: David: emmmmm
2018-04-21 20:08:13 - Utils: INFO: Broadcast: David: 那战士是什么
2018-04-21 20:08:19 - Utils: INFO: Broadcast: 111: 挨揍
2018-04-21 20:08:22 - Utils: INFO: Broadcast: David: = =
2018-04-21 20:08:25 - Utils: INFO: Broadcast: King~: 肉盾
2018-04-21 20:08:34 - Utils: INFO: Broadcast: King~: [i/p80:1322][i/p80:1322][i/p80:1322][i/p80:1322][i/p80:1322]
2018-04-21 20:08:38 - Utils: INFO: Broadcast: King~: 战士装
2018-04-21 20:08:39 - Utils: INFO: Broadcast: David:  = = 
2018-04-21 20:09:01 - Utils: INFO: David executed: /warp yh.
2018-04-21 20:09:02 - Utils: INFO: Broadcast: 111: 房主
2018-04-21 20:09:08 - Utils: INFO: Broadcast: 111: 重置晚上
2018-04-21 20:09:10 - Utils: INFO: Broadcast: 111: 打
2018-04-21 20:09:11 - Utils: INFO: Broadcast: 111: 虫子
2018-04-21 20:09:16 - Utils: INFO: Broadcast: King~: 打什么
2018-04-21 20:09:17 - Utils: INFO: David executed: /warp spawn.
2018-04-21 20:09:21 - Utils: INFO: Broadcast: 111: [i/s2:557][i/s2:544][i:556]
2018-04-21 20:09:25 - Utils: INFO: Broadcast: 111: 我都有
2018-04-21 20:09:31 - Utils: INFO: David executed: /warp yh.
2018-04-21 20:09:34 - Utils: INFO: wenrou executed: /warp laimu.
2018-04-21 20:09:34 - Utils: INFO: Broadcast: 111: 虫子
2018-04-21 20:09:36 - Utils: INFO: Broadcast: 111: 第三个
2018-04-21 20:09:40 - Utils: INFO: Broadcast: 111: 很好打
2018-04-21 20:09:48 - Utils: INFO: King~ executed: /warp yh.
2018-04-21 20:09:50 - Utils: INFO: Broadcast: 111: 注意清小怪就行
2018-04-21 20:09:59 - Utils: INFO: Broadcast: 111: 充值晚上
2018-04-21 20:10:04 - Utils: INFO: Broadcast: 111: 重置晚上
2018-04-21 20:10:10 - Utils: INFO: Server executed: /time 20:00.
2018-04-21 20:10:12 - Utils: INFO: Broadcast: David: ok
2018-04-21 20:10:15 - Utils: INFO: 111 summoned the The Destroyer!
2018-04-21 20:11:12 - Utils: INFO: King~ executed: /warp yh.
2018-04-21 20:12:10 - Utils: INFO: King~ executed: /warp yh.
2018-04-21 20:12:26 - Utils: INFO: Broadcast: 111: 清小怪
2018-04-21 20:12:30 - Utils: INFO: King~ executed: /warp yh.
2018-04-21 20:12:44 - Utils: INFO: Broadcast: David: boss
2018-04-21 20:12:47 - Utils: INFO: Broadcast: David: 不见了
2018-04-21 20:12:53 - Utils: INFO: Broadcast: 111: 哎
2018-04-21 20:13:02 - Utils: INFO: Broadcast: wenrou has left.
2018-04-21 20:13:02 - TShock: INFO: wenrou disconnected.
2018-04-21 20:13:03 - Utils: INFO: Broadcast: King~: [i:1315][i:1315][i:1315][i:1315][i:1315]
2018-04-21 20:13:11 - Utils: INFO: Broadcast: 111: 说了
2018-04-21 20:13:14 - Utils: INFO: Broadcast: 111: 清小怪
2018-04-21 20:13:27 - Utils: INFO: Broadcast: David: emmm
2018-04-21 20:13:45 - Utils: INFO: Broadcast: David has left.
2018-04-21 20:13:45 - TShock: INFO: David disconnected.
2018-04-21 20:14:24 - CharacterManager: INFO: Skipping SSC Backup for admin1
2018-04-21 20:14:24 - GetDataHandlers: INFO: admin1 authenticated successfully as user admin1.
2018-04-21 20:14:25 - TShock: INFO: admin1 (192.168.0.106) from 'superadmin' group joined. (3/10)
2018-04-21 20:14:25 - Utils: INFO: Broadcast: admin1 has joined.
2018-04-21 20:14:44 - Utils: INFO: admin1 executed: /tp 11.
2018-04-21 20:14:49 - Utils: INFO: admin1 executed: /time 19:00.
2018-04-21 20:14:49 - CharacterManager: INFO: Skipping SSC Backup for admin1
2018-04-21 20:14:55 - Utils: INFO: Broadcast: 111: 虫子
2018-04-21 20:14:59 - Utils: INFO: Broadcast: 111: 没有了
2018-04-21 20:15:02 - Utils: INFO: Broadcast: 111: 就一个
2018-04-21 20:15:06 - Utils: INFO: Broadcast: King~: 护士没来啊
2018-04-21 20:15:08 - Utils: INFO: Broadcast: 111: [i/s2:557][i/s2:544]
2018-04-21 20:15:23 - Utils: INFO: Broadcast: admin1: 打眼睛吧
2018-04-21 20:15:25 - GetDataHandlers: INFO: wenrou authenticated successfully as user wenrou.
2018-04-21 20:15:28 - Utils: INFO: Broadcast: admin1: 我觉得眼睛最简单
2018-04-21 20:15:28 - TShock: INFO: wenrou (192.168.0.106) from 'default' group joined. (4/10)
2018-04-21 20:15:28 - Utils: INFO: Broadcast: wenrou has joined.
2018-04-21 20:15:32 - Utils: INFO: Broadcast: 111: 三个全打一边
2018-04-21 20:15:40 - Utils: INFO: Broadcast: 111: 丛林才能生长
2018-04-21 20:15:40 - Utils: INFO: Broadcast: admin1: wenrou输入/warp yh
2018-04-21 20:15:46 - Utils: INFO: Broadcast: admin1: 嗯
2018-04-21 20:15:58 - Utils: INFO: Broadcast: 111: 这三个boss
2018-04-21 20:16:00 - Utils: INFO: Broadcast: admin1: 好吧
2018-04-21 20:16:02 - Utils: INFO: Broadcast: 111: 除了魂不一样
2018-04-21 20:16:09 - Utils: INFO: Broadcast: 111: 剩下全都一样
2018-04-21 20:16:11 - Utils: INFO: Broadcast: admin1: 现在打吗
2018-04-21 20:16:14 - Utils: INFO: 111 summoned the Skeletron Prime!
2018-04-21 20:16:17 - Utils: INFO: Broadcast: admin1 has left.
2018-04-21 20:16:17 - TShock: INFO: admin1 disconnected.
2018-04-21 20:16:17 - CharacterManager: INFO: Skipping SSC Backup for admin1
2018-04-21 20:16:19 - GetDataHandlers: INFO: David authenticated successfully as user David.
2018-04-21 20:16:20 - TShock: INFO: David (192.168.0.106) from 'default' group joined. (4/10)
2018-04-21 20:16:20 - Utils: INFO: Broadcast: David has joined.
2018-04-21 20:16:36 - Utils: INFO: Broadcast: 111: 手
2018-04-21 20:16:46 - Utils: INFO: David executed: /warp yh.
2018-04-21 20:17:58 - Utils: INFO: King~ executed: /warp yh.
2018-04-21 20:18:11 - Utils: INFO: Broadcast: 111: 手
2018-04-21 20:18:54 - Utils: INFO: Broadcast: David: ?
2018-04-21 20:18:57 - Utils: INFO: Broadcast: 111: ？？
2018-04-21 20:18:59 - Utils: INFO: Broadcast: 111: 你上去干嘛？
2018-04-21 20:20:30 - Utils: INFO: Broadcast: David has left.
2018-04-21 20:20:30 - TShock: INFO: David disconnected.
2018-04-21 20:20:32 - CharacterManager: INFO: Skipping SSC Backup for admin1
2018-04-21 20:20:32 - GetDataHandlers: INFO: admin1 authenticated successfully as user admin1.
2018-04-21 20:20:33 - TShock: INFO: admin1 (192.168.0.106) from 'superadmin' group joined. (4/10)
2018-04-21 20:20:33 - Utils: INFO: Broadcast: admin1 has joined.
2018-04-21 20:20:37 - Utils: INFO: admin1 executed: /tp 11.
2018-04-21 20:21:12 - Utils: INFO: Broadcast: admin1 has left.
2018-04-21 20:21:12 - TShock: INFO: admin1 disconnected.
2018-04-21 20:21:12 - CharacterManager: INFO: Skipping SSC Backup for admin1
2018-04-21 20:21:14 - GetDataHandlers: INFO: David authenticated successfully as user David.
2018-04-21 20:21:16 - TShock: INFO: David (192.168.0.106) from 'default' group joined. (4/10)
2018-04-21 20:21:16 - Utils: INFO: Broadcast: David has joined.
2018-04-21 20:21:22 - Utils: INFO: Broadcast: David: 刚刚发现小bug
2018-04-21 20:21:32 - Utils: INFO: Broadcast: David: 血量已经超过上限了
2018-04-21 20:21:42 - Utils: INFO: Broadcast: David: 813410/45000
2018-04-21 20:21:46 - Utils: INFO: David executed: /warp yh.
2018-04-21 20:21:58 - Utils: INFO: Broadcast: 111: 天快亮了
2018-04-21 20:22:00 - Utils: INFO: Broadcast: 111: 重置一下
2018-04-21 20:22:05 - Utils: INFO: Server executed: /time night.
2018-04-21 20:23:05 - Utils: INFO: wenrou executed: /warp wh.
2018-04-21 20:23:15 - Utils: INFO: wenrou executed: /warp wh.
2018-04-21 20:23:38 - Utils: INFO: wenrou executed: /warp yh.
2018-04-21 20:24:31 - Utils: INFO: Broadcast: David: /
2018-04-21 20:24:36 - Utils: INFO: David executed: /warp spawn.
2018-04-21 20:25:30 - Utils: INFO: King~ executed: /warp spawn.
2018-04-21 20:27:00 - Utils: INFO: Broadcast: David: 打虫子不
2018-04-21 20:27:04 - Utils: INFO: Broadcast: 111: 打
2018-04-21 20:27:07 - Utils: INFO: Broadcast: 111: 你帮忙找还
2018-04-21 20:27:14 - Utils: INFO: David executed: /warp yh.
2018-04-21 20:27:24 - Utils: INFO: Broadcast: David: 有水蜡烛吗
2018-04-21 20:27:25 - Utils: INFO: Broadcast: 111: 你帮忙召唤吗？
2018-04-21 20:27:32 - Utils: INFO: Broadcast: 111: 有
2018-04-21 20:27:44 - Utils: INFO: Broadcast: David: 给我一个啊
2018-04-21 20:27:54 - Utils: INFO: 111 executed: /warp yh.
2018-04-21 20:28:05 - Utils: INFO: Broadcast: 111: 上来
2018-04-21 20:28:22 - Utils: INFO: Broadcast: David: 谢谢
2018-04-21 20:29:47 - Utils: INFO: Broadcast: David: 走
2018-04-21 20:29:50 - Utils: INFO: Broadcast: David: 大虫子
2018-04-21 20:29:56 - Utils: INFO: Broadcast: 111: 我没有召唤的
2018-04-21 20:30:00 - Utils: INFO: Broadcast: David: emmmm
2018-04-21 20:30:00 - Utils: INFO: Broadcast: 111: 你拿一点吧
2018-04-21 20:30:06 - Utils: INFO: Broadcast: David: 我看看能不能做
2018-04-21 20:30:12 - Utils: INFO: Broadcast: 111: 我告诉你材料
2018-04-21 20:30:19 - Utils: INFO: Broadcast: 111: 我帮我朋友打一下东西
2018-04-21 20:30:43 - Utils: INFO: Broadcast: 111: 材料  6个腐肉 8个黑暗之魂  10几个铅矿
2018-04-21 20:30:49 - Utils: INFO: Broadcast: David: 艹
2018-04-21 20:30:52 - Utils: INFO: Broadcast: David: 我去找
2018-04-21 20:31:01 - Utils: INFO: Broadcast: 111: /
2018-04-21 20:31:55 - Utils: INFO: 111 executed: /warp diyu.
2018-04-21 20:32:00 - Utils: INFO: wenrou executed: /warp dy.
2018-04-21 20:32:17 - Utils: INFO: wenrou executed: /warp diyu.
2018-04-21 20:32:34 - Utils: INFO: wenrou executed: /warp diyu.
2018-04-21 20:32:52 - Utils: INFO: Broadcast: King~ has left.
2018-04-21 20:32:52 - TShock: INFO: King~ disconnected.
2018-04-21 20:32:55 - GetDataHandlers: INFO: King~ authenticated successfully as user King~.
2018-04-21 20:33:00 - TShock: INFO: King~ (192.168.0.106) from 'default' group joined. (4/10)
2018-04-21 20:33:00 - Utils: INFO: Broadcast: King~ has joined.
2018-04-21 20:33:02 - Utils: INFO: wenrou executed: /warp diyu.
2018-04-21 20:33:11 - Utils: INFO: Broadcast: wenrou has left.
2018-04-21 20:33:11 - TShock: INFO: wenrou disconnected.
2018-04-21 20:33:12 - Utils: INFO: Server executed: /off.
2018-04-21 20:33:12 - Utils: INFO: Kicked David for : 'Server shutting down!'
2018-04-21 20:33:12 - Utils: INFO: Broadcast: David was force kicked for 'server shutting down!'
2018-04-21 20:33:12 - Utils: INFO: Broadcast: David has left.
2018-04-21 20:33:12 - TShock: INFO: David disconnected.
2018-04-21 20:33:12 - Utils: INFO: Kicked 111 for : 'Server shutting down!'
2018-04-21 20:33:12 - Utils: INFO: Broadcast: 111 was force kicked for 'server shutting down!'
2018-04-21 20:33:12 - Utils: INFO: Kicked King~ for : 'Server shutting down!'
2018-04-21 20:33:12 - Utils: INFO: Broadcast: King~ was force kicked for 'server shutting down!'
2018-04-21 20:33:12 - Utils: INFO: Broadcast: 111 has left.
2018-04-21 20:33:12 - TShock: INFO: 111 disconnected.
2018-04-21 20:33:12 - AutoBoss: INFO: [AutoBoss+] Timer Disabled: No players are online
2018-04-21 20:33:12 - Utils: INFO: Broadcast: King~ has left.
2018-04-21 20:33:12 - TShock: INFO: King~ disconnected.
2018-04-21 20:33:14 - Utils: INFO: Broadcast: World saved.
2018-04-21 20:33:14 - SaveManager: INFO: World saved at (C:\Users\Administrator\Documents\My Games\Terraria\Worlds\terraria_servermap-1.wld)
2018-04-21 20:33:14 - Utils: INFO: Broadcast: Server shutting down!
2018-04-21 20:33:16 - Utils: INFO: Broadcast: World saved.
2018-04-21 20:33:16 - SaveManager: INFO: World saved at (C:\Users\Administrator\Documents\My Games\Terraria\Worlds\terraria_servermap-1.wld)
