2018-04-24 20:11:03 - TextLog: INFO: TShock 4.3.25.0 (Mintaka) now running.
2018-04-24 20:11:03 - TShock: INFO: AutoSave Enabled
2018-04-24 20:11:03 - TShock: INFO: Backups Disabled
2018-04-24 20:11:03 - TShock: INFO: Welcome to TShock for Terraria. Initialization complete.
2018-04-24 20:33:38 - GetDataHandlers: INFO: King~ authenticated successfully as user King~.
2018-04-24 20:33:43 - TShock: INFO: King~ (192.168.0.106) from 'default' group joined. (1/10)
2018-04-24 20:33:43 - Utils: INFO: Broadcast: King~ has joined.
2018-04-24 20:33:44 - AutoBoss: INFO: [AutoBoss+] Timer Disabled: No players are online
2018-04-24 20:33:45 - Utils: INFO: Broadcast: World saved.
2018-04-24 20:33:45 - SaveManager: INFO: World saved at (C:\Users\Administrator\Documents\My Games\Terraria\Worlds\terraria_servermap-1.wld)
2018-04-24 20:34:04 - Utils: INFO: King~ executed: /house define.
2018-04-24 20:34:38 - Utils: INFO: King~ executed: /house define.
2018-04-24 20:35:08 - Utils: INFO: King~ executed: /house define.
2018-04-24 20:35:24 - Utils: INFO: King~ executed: /house define.
2018-04-24 20:36:16 - TShock: INFO: 咕嘟 (192.168.0.106) from 'guest' group joined. (2/10)
2018-04-24 20:36:16 - Utils: INFO: Broadcast: 咕嘟 has joined.
2018-04-24 20:37:51 - TextLog: INFO: 咕嘟 registered an account: "咕嘟".
2018-04-24 20:38:12 - Utils: INFO: Broadcast: King~: [i:3260]
2018-04-24 20:39:13 - Utils: INFO: Broadcast: 咕嘟 has left.
2018-04-24 20:39:13 - TShock: INFO: 咕嘟 disconnected.
2018-04-24 20:40:53 - AutoBoss: INFO: [AutoBoss+] Timer Disabled: No players are online
2018-04-24 20:40:54 - Utils: INFO: Broadcast: World saved.
2018-04-24 20:40:54 - SaveManager: INFO: World saved at (C:\Users\Administrator\Documents\My Games\Terraria\Worlds\terraria_servermap-1.wld)
2018-04-24 20:47:46 - AutoBoss: INFO: [AutoBoss+] Timer Disabled: No players are online
2018-04-24 20:47:47 - Utils: INFO: Broadcast: World saved.
2018-04-24 20:47:47 - SaveManager: INFO: World saved at (C:\Users\Administrator\Documents\My Games\Terraria\Worlds\terraria_servermap-1.wld)
2018-04-24 20:58:54 - AutoBoss: INFO: [AutoBoss+] Timer Disabled: No players are online
2018-04-24 20:58:54 - Utils: INFO: Broadcast: King~ has left.
2018-04-24 20:58:54 - TShock: INFO: King~ disconnected.
2018-04-24 20:58:55 - Utils: INFO: Broadcast: World saved.
2018-04-24 20:58:55 - SaveManager: INFO: World saved at (C:\Users\Administrator\Documents\My Games\Terraria\Worlds\terraria_servermap-1.wld)
2018-04-24 20:59:15 - GetDataHandlers: INFO: King~ authenticated successfully as user King~.
2018-04-24 20:59:21 - TShock: INFO: King~ (192.168.0.106) from 'default' group joined. (1/10)
2018-04-24 20:59:21 - Utils: INFO: Broadcast: King~ has joined.
2018-04-24 21:00:26 - Utils: INFO: King~ executed: /warp spawn.
2018-04-24 21:00:36 - GetDataHandlers: INFO: David authenticated successfully as user David.
2018-04-24 21:00:37 - TShock: INFO: David (192.168.0.106) from 'default' group joined. (2/10)
2018-04-24 21:00:37 - Utils: INFO: Broadcast: David has joined.
2018-04-24 21:00:43 - Utils: INFO: Broadcast: David: 啊哈！
2018-04-24 21:00:56 - Utils: INFO: Broadcast: King~: [i/p59:1513]
2018-04-24 21:01:01 - Utils: INFO: Broadcast: King~: [i/p59:1513][i/p59:1513][i/p59:1513][i/p59:1513][i/p59:1513][i/p59:1513][i/p59:1513][i/p59:1513][i/p59:1513][i/p59:1513][i/p59:1513][i/p59:1513][i/p59:1513]
2018-04-24 21:01:02 - Utils: INFO: Broadcast: David: [i:3543]
2018-04-24 21:01:10 - Utils: INFO: Broadcast: David: [i:3543][i:3543][i:3543][i:3543][i:3543][i:3543][i:3543][i:3543][i:3543][i:3543][i:3543][i:3543][i:3543][i:3543][i:3543][i:3543]
2018-04-24 21:01:14 - Utils: INFO: Broadcast: David: 。
2018-04-24 21:01:19 - Utils: INFO: Broadcast: David: FAQ
2018-04-24 21:01:33 - Utils: INFO: Broadcast: King~: [i/p69:3781]
2018-04-24 21:01:40 - Utils: INFO: Broadcast: David: FAQ
2018-04-24 21:02:32 - Utils: INFO: Broadcast: David: 草
2018-04-24 21:02:36 - Utils: INFO: Broadcast: King~: hhhhhhhhhh
2018-04-24 21:02:41 - Utils: INFO: Broadcast: King~: [i/s996:1341]
2018-04-24 21:02:41 - Utils: INFO: David executed: /warp dilao.
2018-04-24 21:02:52 - Utils: INFO: Broadcast: David: 来地牢
2018-04-24 21:02:58 - Utils: INFO: Broadcast: King~: denghui 
2018-04-24 21:03:00 - Utils: INFO: Broadcast: King~: 等会
2018-04-24 21:03:41 - Utils: INFO: Broadcast: David: 。
2018-04-24 21:04:56 - Utils: INFO: Broadcast: David: 蓝队
2018-04-24 21:05:47 - Utils: INFO: David executed: /warp cl.
2018-04-24 21:05:57 - Utils: INFO: King~ executed: /warp spawn.
2018-04-24 21:06:18 - Utils: INFO: King~ executed: /warp spawn.
2018-04-24 21:07:59 - Utils: INFO: David executed: /warp laimu.
2018-04-24 21:12:18 - Utils: INFO: King~ executed: /warp spawn.
2018-04-24 21:12:56 - Utils: INFO: King~ executed: /warp spawn.
2018-04-24 21:13:04 - Utils: INFO: Broadcast: David: 打地牢不
2018-04-24 21:13:07 - Utils: INFO: Broadcast: King~: 走
2018-04-24 21:13:11 - Utils: INFO: King~ executed: /warp dilao.
2018-04-24 21:13:11 - Utils: INFO: David executed: /warp dilao.
2018-04-24 21:13:14 - Utils: INFO: Broadcast: David: 。
2018-04-24 21:15:33 - Utils: INFO: Broadcast: King~: [i:938][i:938][i:938][i:938][i:938][i:938][i:938][i:938][i:938][i:938][i:938][i:938]
2018-04-24 21:15:44 - Utils: INFO: Broadcast: David: 艹
2018-04-24 21:15:48 - Utils: INFO: King~ executed: /warp yh.
2018-04-24 21:15:55 - Utils: INFO: King~ executed: /warp spawn.
2018-04-24 21:16:09 - Utils: INFO: King~ executed: /warp dilao.
2018-04-24 21:17:11 - Utils: INFO: Broadcast: King~: [i:1300]
2018-04-24 21:17:17 - Utils: INFO: David executed: /warp dilao.
2018-04-24 21:17:23 - Utils: INFO: Broadcast: David: 上来
2018-04-24 21:17:25 - Utils: INFO: Broadcast: David: 快
2018-04-24 21:17:38 - Utils: INFO: Broadcast: King~: [i/p71:1858]
2018-04-24 21:17:46 - Utils: INFO: Broadcast: David: 地牢
2018-04-24 21:17:49 - Utils: INFO: King~ executed: /warp spawn.
2018-04-24 21:18:07 - Utils: INFO: Broadcast: King~ has left.
2018-04-24 21:18:07 - TShock: INFO: King~ disconnected.
2018-04-24 21:18:10 - Utils: INFO: Broadcast: David: 来啊
2018-04-24 21:18:27 - GetDataHandlers: INFO: King~ authenticated successfully as user King~.
2018-04-24 21:18:29 - AutoBoss: INFO: [AutoBoss+] Timer Disabled: No players are online
2018-04-24 21:18:30 - Utils: INFO: Broadcast: World saved.
2018-04-24 21:18:30 - SaveManager: INFO: World saved at (C:\Users\Administrator\Documents\My Games\Terraria\Worlds\terraria_servermap-1.wld)
2018-04-24 21:18:31 - TShock: INFO: King~ (192.168.0.106) from 'default' group joined. (2/10)
2018-04-24 21:18:31 - Utils: INFO: Broadcast: King~ has joined.
2018-04-24 21:18:41 - Utils: INFO: Broadcast: David: 来啊 
2018-04-24 21:18:47 - Utils: INFO: King~ executed: /warp dilao.
2018-04-24 21:18:48 - Utils: INFO: Broadcast: David: cnm
2018-04-24 21:19:02 - Utils: INFO: David executed: /warp dilao.
2018-04-24 21:19:08 - Utils: INFO: Broadcast: David: 你tm才到
2018-04-24 21:19:10 - Utils: INFO: Broadcast: David: = =
2018-04-24 21:19:15 - Utils: INFO: Broadcast: David: 我要被气死
2018-04-24 21:19:15 - Utils: INFO: Broadcast: King~: 刚刚掉线了
2018-04-24 21:19:25 - Utils: INFO: Broadcast: King~: [i/p65:1858]
2018-04-24 21:19:41 - Utils: INFO: Broadcast: David: 气死= =
2018-04-24 21:20:42 - Utils: INFO: Broadcast: King~: 你人呢
2018-04-24 21:20:50 - Utils: INFO: David executed: /warp dilao.
2018-04-24 21:20:56 - Utils: INFO: King~ executed: /who.
2018-04-24 21:21:22 - Utils: INFO: Broadcast: King~: [i:938][i/p59:1513]
2018-04-24 21:21:44 - Utils: INFO: Broadcast: David: 蓝队
2018-04-24 21:23:07 - Utils: INFO: David executed: /warp dilao.
2018-04-24 21:24:21 - Utils: INFO: Broadcast: David: 1血
2018-04-24 21:24:29 - Utils: INFO: Broadcast: David: 。
2018-04-24 21:24:32 - Utils: INFO: Broadcast: King~: 哈哈哈哈哈哈或或
2018-04-24 21:24:35 - Utils: INFO: David executed: /warp dilao.
2018-04-24 21:24:45 - Utils: INFO: David executed: /warp spawn.
2018-04-24 21:27:33 - Utils: INFO: David executed: /warp dilao.
2018-04-24 21:27:38 - Utils: INFO: David executed: /warp spawn.
2018-04-24 21:27:45 - Utils: INFO: King~ executed: /warp spawn.
2018-04-24 21:28:03 - Utils: INFO: Broadcast: King~: 打世纪之花去吧
2018-04-24 21:28:09 - Utils: INFO: Broadcast: David: 走
2018-04-24 21:28:13 - Utils: INFO: David executed: /warp dl.
2018-04-24 21:28:15 - Utils: INFO: David executed: /warp cl.
2018-04-24 21:28:16 - Utils: INFO: King~ executed: /warp cl.
2018-04-24 21:28:59 - Utils: INFO: Broadcast: David: 找到了
2018-04-24 21:29:17 - Utils: INFO: Broadcast: David: 、warpcl
2018-04-24 21:29:19 - Utils: INFO: David executed: /warp cl.
2018-04-24 21:29:54 - Utils: INFO: Broadcast: David: 233
2018-04-24 21:29:57 - Utils: INFO: Broadcast: David: 辣鸡
2018-04-24 21:30:28 - Utils: INFO: Broadcast: King~: [i:2109]
2018-04-24 21:30:40 - Utils: INFO: Broadcast: David: [i:1141]
2018-04-24 21:30:53 - Utils: INFO: Broadcast: King~: [i:2109]
2018-04-24 21:30:55 - Utils: INFO: Broadcast: David: [i:1291]
2018-04-24 21:31:37 - Utils: INFO: David executed: /warp cl.
2018-04-24 21:31:51 - Utils: INFO: David executed: /warp cl.
2018-04-24 21:31:57 - Utils: INFO: David executed: /warp sm.
2018-04-24 21:32:09 - Utils: INFO: David executed: /warp cl.
2018-04-24 21:32:32 - Utils: INFO: Broadcast: King~ has left.
2018-04-24 21:32:32 - TShock: INFO: King~ disconnected.
2018-04-24 21:32:35 - GetDataHandlers: INFO: King~ authenticated successfully as user King~.
2018-04-24 21:32:42 - TShock: INFO: King~ (192.168.0.106) from 'default' group joined. (2/10)
2018-04-24 21:32:42 - Utils: INFO: Broadcast: King~ has joined.
2018-04-24 21:32:47 - Utils: INFO: King~ executed: /warp cl.
2018-04-24 21:33:11 - Utils: INFO: David executed: /warp cl.
2018-04-24 21:33:13 - Utils: INFO: King~ executed: /warp cl.
2018-04-24 21:33:17 - Utils: INFO: King~ executed: /warp cl.
2018-04-24 21:33:21 - Utils: INFO: King~ executed: /warp cl.
2018-04-24 21:33:26 - Utils: INFO: Broadcast: King~ has left.
2018-04-24 21:33:26 - TShock: INFO: King~ disconnected.
2018-04-24 21:33:30 - GetDataHandlers: INFO: King~ authenticated successfully as user King~.
2018-04-24 21:33:33 - AutoBoss: INFO: [AutoBoss+] Timer Disabled: No players are online
2018-04-24 21:33:34 - Utils: INFO: Broadcast: World saved.
2018-04-24 21:33:34 - SaveManager: INFO: World saved at (C:\Users\Administrator\Documents\My Games\Terraria\Worlds\terraria_servermap-1.wld)
2018-04-24 21:33:42 - TShock: INFO: King~ (192.168.0.106) from 'default' group joined. (2/10)
2018-04-24 21:33:42 - Utils: INFO: Broadcast: King~ has joined.
2018-04-24 21:33:49 - Utils: INFO: King~ executed: /warp cl.
2018-04-24 21:34:36 - Utils: INFO: Broadcast: King~ has left.
2018-04-24 21:34:36 - TShock: INFO: King~ disconnected.
2018-04-24 21:34:41 - GetDataHandlers: INFO: King~ authenticated successfully as user King~.
2018-04-24 21:34:52 - TShock: INFO: King~ (192.168.0.106) from 'default' group joined. (2/10)
2018-04-24 21:34:52 - Utils: INFO: Broadcast: King~ has joined.
2018-04-24 21:35:06 - Utils: INFO: Broadcast: David: 来地牢
2018-04-24 21:35:08 - Utils: INFO: Broadcast: King~: 真的卡
2018-04-24 21:35:10 - Utils: INFO: David executed: /warp dilao.
2018-04-24 21:35:23 - Utils: INFO: Broadcast: David: 地牢
2018-04-24 21:35:24 - Utils: INFO: Broadcast: David: 。。。。
2018-04-24 21:35:25 - Utils: INFO: King~ executed: /warp spawn.
2018-04-24 21:35:43 - Utils: INFO: King~ executed: /warp dilao.
2018-04-24 21:36:09 - Utils: INFO: David executed: /warp dilao.
2018-04-24 21:36:32 - Utils: INFO: David executed: /warp dilao.
2018-04-24 21:36:51 - Utils: INFO: David executed: /warp dilao.
2018-04-24 21:37:23 - Utils: INFO: David executed: /warp dilao.
2018-04-24 21:38:10 - Utils: INFO: King~ executed: /warp dilao.
2018-04-24 21:38:41 - Utils: INFO: David executed: /warp dilao.
2018-04-24 21:41:37 - Utils: INFO: King~ executed: /warp yh.
2018-04-24 21:41:46 - Utils: INFO: David executed: /warp dilao.
2018-04-24 21:41:49 - Utils: INFO: King~ executed: /warp dilao.
2018-04-24 21:42:25 - Utils: INFO: Broadcast: King~: geiwo ab 
2018-04-24 21:42:28 - Utils: INFO: Broadcast: King~: 给我点
2018-04-24 21:42:42 - Utils: INFO: David executed: /warp laimu.
2018-04-24 21:42:54 - Utils: INFO: King~ executed: /warp spawn.
2018-04-24 21:43:52 - Utils: INFO: Broadcast: David: 我龙都没有- -
2018-04-24 21:44:34 - Utils: INFO: King~ executed: /warp spawn.
2018-04-24 21:44:46 - Utils: INFO: Broadcast: King~: shengxia de ge i wo ba 
2018-04-24 21:44:59 - Utils: INFO: Broadcast: David: ok
2018-04-24 21:45:35 - Utils: INFO: Broadcast: David has left.
2018-04-24 21:45:35 - TShock: INFO: David disconnected.
2018-04-24 21:45:37 - CharacterManager: INFO: Skipping SSC Backup for admin1
2018-04-24 21:45:37 - GetDataHandlers: INFO: admin1 authenticated successfully as user admin1.
2018-04-24 21:45:38 - TShock: INFO: admin1 (192.168.0.106) from 'superadmin' group joined. (2/10)
2018-04-24 21:45:38 - Utils: INFO: Broadcast: admin1 has joined.
2018-04-24 21:45:42 - Utils: INFO: King~ executed: /warp spawn.
2018-04-24 21:45:46 - Utils: INFO: admin1 executed: /warp dilao.
2018-04-24 21:45:51 - Utils: INFO: admin1 executed: /godmode.
2018-04-24 21:45:55 - Utils: INFO: King~ executed: /warp yh.
2018-04-24 21:46:00 - Utils: INFO: admin1 executed: /warp 1.
2018-04-24 21:46:01 - Utils: INFO: King~ executed: /warp spawn.
2018-04-24 21:46:03 - Utils: INFO: admin1 executed: /warp add 1.
2018-04-24 21:46:08 - Utils: INFO: admin1 executed: /spawn.
2018-04-24 21:46:21 - Utils: INFO: admin1 executed: /warp add 2.
2018-04-24 21:46:35 - Utils: INFO: admin1 executed: /warp 2.
2018-04-24 21:46:41 - Utils: INFO: Broadcast: admin1: 输入/warp 2
2018-04-24 21:46:56 - Utils: INFO: King~ executed: /warp 2.
2018-04-24 21:47:05 - Utils: INFO: admin1 executed: /warp add 3.
2018-04-24 21:47:29 - Utils: INFO: King~ executed: /warp spawn.
2018-04-24 21:47:43 - Utils: INFO: admin1 executed: /warp 4.
2018-04-24 21:47:43 - Utils: INFO: King~ executed: /warp yh.
2018-04-24 21:47:46 - Utils: INFO: admin1 executed: /warp add 4.
2018-04-24 21:47:59 - Utils: INFO: King~ executed: /warp 2.
2018-04-24 21:48:31 - Utils: INFO: King~ executed: /warp spawn.
2018-04-24 21:48:36 - CharacterManager: INFO: Skipping SSC Backup for admin1
2018-04-24 21:49:09 - Utils: INFO: King~ executed: /warp 4.
2018-04-24 21:50:31 - Utils: INFO: admin1 executed: /tp ki.
2018-04-24 21:51:02 - Utils: INFO: King~ executed: /warp spawn.
2018-04-24 21:51:09 - Utils: INFO: admin1 executed: /warp 2.
2018-04-24 21:51:36 - Utils: INFO: King~ executed: /warp 2.
2018-04-24 21:52:44 - Utils: INFO: King~ executed: /warp 2.
2018-04-24 21:52:56 - Utils: INFO: Broadcast: admin1: 嘿
2018-04-24 21:52:59 - Utils: INFO: Broadcast: admin1: 这次该给我了
2018-04-24 21:53:24 - Utils: INFO: King~ executed: /warp spawn.
2018-04-24 21:53:24 - Utils: INFO: King~ executed: /warp spawn.
2018-04-24 21:53:26 - Utils: INFO: admin1 executed: /spawn.
2018-04-24 21:53:36 - CharacterManager: INFO: Skipping SSC Backup for admin1
2018-04-24 21:53:40 - Utils: INFO: Broadcast: admin1 has left.
2018-04-24 21:53:40 - TShock: INFO: admin1 disconnected.
2018-04-24 21:53:40 - CharacterManager: INFO: Skipping SSC Backup for admin1
2018-04-24 21:53:44 - GetDataHandlers: INFO: David authenticated successfully as user David.
2018-04-24 21:53:45 - TShock: INFO: David (192.168.0.106) from 'default' group joined. (2/10)
2018-04-24 21:53:45 - Utils: INFO: Broadcast: David has joined.
2018-04-24 21:54:04 - Utils: INFO: David executed: /warp laimu.
2018-04-24 21:54:15 - Utils: INFO: Broadcast: King~: geini 
2018-04-24 21:54:19 - Utils: INFO: King~ executed: /warp spawn.
2018-04-24 21:55:04 - Utils: INFO: Broadcast: King~: 你怎么进去的
2018-04-24 21:55:30 - Utils: INFO: Broadcast: King~: [i:3289]
2018-04-24 21:55:46 - Utils: INFO: King~ executed: /warp spawn.
2018-04-24 21:55:50 - Utils: INFO: Broadcast: David: 嗯
2018-04-24 21:56:00 - Utils: INFO: Broadcast: David: 谢谢
2018-04-24 21:56:01 - Utils: INFO: Broadcast: King~: 下面的给我了
2018-04-24 21:56:08 - Utils: INFO: Broadcast: David: 。。
2018-04-24 21:56:12 - Utils: INFO: Broadcast: David: 法师。。。
2018-04-24 21:56:17 - Utils: INFO: Broadcast: King~: 咋了
2018-04-24 21:56:27 - Utils: INFO: Broadcast: David: 我是战士
2018-04-24 21:56:31 - Utils: INFO: Broadcast: David: [i/s55:3457]
2018-04-24 21:56:38 - Utils: INFO: Broadcast: David: 怎么样
2018-04-24 21:56:44 - Utils: INFO: Broadcast: King~: [i/p59:1513][i:938]
2018-04-24 21:56:58 - Utils: INFO: Broadcast: King~: [i:211][i/p80:1322][i/p59:1513][i:938]
2018-04-24 21:57:12 - Utils: INFO: Broadcast: King~: 怎么样
2018-04-24 21:57:29 - Utils: INFO: King~ executed: /warp spawn.
2018-04-24 21:57:41 - Utils: INFO: Broadcast: David: 哦
2018-04-24 21:57:43 - Utils: INFO: Broadcast: King~: 要一波教育
2018-04-24 21:57:47 - Utils: INFO: Broadcast: King~: 交易
2018-04-24 21:58:53 - Utils: INFO: Broadcast: King~: 拿到了吗
2018-04-24 21:59:20 - Utils: INFO: King~ executed: /warp spawn.
2018-04-24 21:59:35 - Utils: INFO: Broadcast: David: ok
2018-04-24 22:00:57 - Utils: INFO: Broadcast: King~: 睡觉了
2018-04-24 22:01:00 - Utils: INFO: Broadcast: King~: 明天打吧
2018-04-24 22:01:52 - Utils: INFO: King~ executed: /warp spawn.
2018-04-24 22:03:07 - Utils: INFO: Broadcast: David: 嗯
2018-04-24 22:03:13 - Utils: INFO: King~ executed: /warp diyu.
2018-04-24 22:03:14 - Utils: INFO: David executed: /warp 3.
2018-04-24 22:03:47 - Utils: INFO: David executed: /warp 3.
2018-04-24 22:04:01 - Utils: INFO: David executed: /warp 3.
2018-04-24 22:04:14 - Utils: INFO: David executed: /warp 3.
2018-04-24 22:04:38 - Utils: INFO: David executed: /who.
2018-04-24 22:04:43 - Utils: INFO: Broadcast: David has left.
2018-04-24 22:04:43 - TShock: INFO: David disconnected.
2018-04-24 22:04:45 - CharacterManager: INFO: Skipping SSC Backup for admin1
2018-04-24 22:04:45 - GetDataHandlers: INFO: admin1 authenticated successfully as user admin1.
2018-04-24 22:04:46 - TShock: INFO: admin1 (192.168.0.106) from 'superadmin' group joined. (2/10)
2018-04-24 22:04:46 - Utils: INFO: Broadcast: admin1 has joined.
2018-04-24 22:04:55 - Utils: INFO: King~ executed: /warp 3.
2018-04-24 22:05:00 - Utils: INFO: admin1 executed: /tp ki.
2018-04-24 22:05:21 - Utils: INFO: admin1 executed: /tp 11.
2018-04-24 22:05:24 - Utils: INFO: admin1 executed: /tp ki.
2018-04-24 22:05:33 - Utils: INFO: admin1 executed: /tp ki.
2018-04-24 22:06:07 - Utils: INFO: admin1 executed: /godmode .
2018-04-24 22:06:10 - Utils: INFO: admin1 executed: /warp 3.
2018-04-24 22:06:17 - Utils: INFO: King~ executed: /warp spawn.
2018-04-24 22:06:25 - Utils: INFO: King~ executed: /warp yh .
2018-04-24 22:06:31 - Utils: INFO: King~ executed: /warp 3.
2018-04-24 22:07:19 - Utils: INFO: admin1 executed: /help.
2018-04-24 22:07:21 - Utils: INFO: King~ executed: /warp yh.
2018-04-24 22:07:27 - Utils: INFO: King~ executed: /warp 3.
2018-04-24 22:07:44 - Utils: INFO: Broadcast: admin1: /
2018-04-24 22:07:48 - Utils: INFO: admin1 executed: /butcher.
2018-04-24 22:08:03 - Utils: INFO: King~ executed: /warp yh.
2018-04-24 22:08:09 - Utils: INFO: King~ executed: /warp spawn.
2018-04-24 22:08:10 - Utils: INFO: admin1 executed: /spawn.
2018-04-24 22:08:20 - Utils: INFO: Broadcast: admin1 has left.
2018-04-24 22:08:20 - TShock: INFO: admin1 disconnected.
2018-04-24 22:08:20 - CharacterManager: INFO: Skipping SSC Backup for admin1
2018-04-24 22:08:23 - GetDataHandlers: INFO: David authenticated successfully as user David.
2018-04-24 22:08:24 - TShock: INFO: David (192.168.0.106) from 'default' group joined. (2/10)
2018-04-24 22:08:24 - Utils: INFO: Broadcast: David has joined.
2018-04-24 22:08:33 - Utils: INFO: Broadcast: David: 打？
2018-04-24 22:08:35 - Utils: INFO: King~ executed: /warp spawn.
2018-04-24 22:08:37 - Utils: INFO: Broadcast: King~: 打
2018-04-24 22:08:51 - Utils: INFO: Broadcast: David: 上平台
2018-04-24 22:09:51 - Utils: INFO: Broadcast: David: ，，，，
2018-04-24 22:09:54 - Utils: INFO: King~ executed: /warp spawn.
2018-04-24 22:10:19 - Utils: INFO: King~ executed: /warp spaw.
2018-04-24 22:10:20 - Utils: INFO: David executed: /warp dilao.
2018-04-24 22:10:20 - Utils: INFO: King~ executed: /warp spawn.
2018-04-24 22:10:21 - Utils: INFO: Broadcast: King~: d
2018-04-24 22:10:23 - Utils: INFO: Broadcast: David: c
2018-04-24 22:10:28 - Utils: INFO: Server executed: /off.
2018-04-24 22:10:28 - Utils: INFO: Kicked King~ for : 'Server shutting down!'
2018-04-24 22:10:28 - Utils: INFO: Broadcast: King~ was force kicked for 'server shutting down!'
2018-04-24 22:10:28 - Utils: INFO: Broadcast: King~ has left.
2018-04-24 22:10:28 - TShock: INFO: King~ disconnected.
2018-04-24 22:10:28 - Utils: INFO: Kicked David for : 'Server shutting down!'
2018-04-24 22:10:28 - Utils: INFO: Broadcast: David was force kicked for 'server shutting down!'
2018-04-24 22:10:28 - AutoBoss: INFO: [AutoBoss+] Timer Disabled: No players are online
2018-04-24 22:10:28 - Utils: INFO: Broadcast: David has left.
2018-04-24 22:10:28 - TShock: INFO: David disconnected.
2018-04-24 22:10:30 - Utils: INFO: Broadcast: World saved.
2018-04-24 22:10:30 - SaveManager: INFO: World saved at (C:\Users\Administrator\Documents\My Games\Terraria\Worlds\terraria_servermap-1.wld)
2018-04-24 22:10:31 - Utils: INFO: Broadcast: World saved.
2018-04-24 22:10:31 - SaveManager: INFO: World saved at (C:\Users\Administrator\Documents\My Games\Terraria\Worlds\terraria_servermap-1.wld)
2018-04-24 22:10:31 - Utils: INFO: Broadcast: Server shutting down!
