2018-04-30 11:07:53 - TShock: INFO: TShock was improperly shut down. Please use the exit command in the future to prevent this.
2018-04-30 11:07:54 - TextLog: INFO: TShock 4.3.25.0 (Mintaka) now running.
2018-04-30 11:07:54 - TShock: INFO: AutoSave Enabled
2018-04-30 11:07:54 - TShock: INFO: Backups Disabled
2018-04-30 11:07:54 - TShock: INFO: Welcome to TShock for Terraria. Initialization complete.
2018-04-30 11:09:09 - GetDataHandlers: INFO: 夜-胤笙 authenticated successfully as user 夜-胤笙.
2018-04-30 11:09:13 - TShock: INFO: 夜-胤笙 (192.168.0.106) from 'default' group joined. (1/10)
2018-04-30 11:09:13 - Utils: INFO: Broadcast: 夜-胤笙 has joined.
2018-04-30 11:10:55 - GetDataHandlers: INFO: King~ authenticated successfully as user King~.
2018-04-30 11:10:59 - TShock: INFO: King~ (192.168.0.106) from 'default' group joined. (2/10)
2018-04-30 11:10:59 - Utils: INFO: Broadcast: King~ has joined.
2018-04-30 11:12:44 - GetDataHandlers: INFO: David authenticated successfully as user David.
2018-04-30 11:12:47 - TShock: INFO: David (192.168.0.106) from 'default' group joined. (3/10)
2018-04-30 11:12:47 - Utils: INFO: Broadcast: David has joined.
2018-04-30 11:13:15 - Utils: INFO: Broadcast: King~: 有没有火把
2018-04-30 11:13:36 - Utils: INFO: Broadcast: David: 啊哈！
2018-04-30 11:14:50 - Utils: INFO: Broadcast: King~: ojbk
2018-04-30 11:14:53 - Utils: INFO: Broadcast: King~: 火把呢、
2018-04-30 11:17:11 - Utils: INFO: Broadcast: David: 啊？
2018-04-30 11:18:58 - Utils: INFO: Broadcast: David: FFAQ
2018-04-30 11:19:04 - Utils: INFO: Broadcast: David: shit
2018-04-30 11:19:08 - Utils: INFO: Broadcast: David: 凸(艹皿艹 )
2018-04-30 11:23:07 - Utils: INFO: Broadcast: David: 蓝队
2018-04-30 11:30:59 - Utils: INFO: Broadcast: David: [i/p67:54]
2018-04-30 11:31:01 - Utils: INFO: Broadcast: David: 哇咔咔咔咔咔咔咔
2018-04-30 11:38:25 - Utils: INFO: Broadcast: King~: 这谁家 啊
2018-04-30 11:38:29 - Utils: INFO: Broadcast: 夜-胤笙: W1
2018-04-30 11:38:36 - Utils: INFO: Broadcast: King~: 我拿东西了啊
2018-04-30 11:38:41 - Utils: INFO: Broadcast: 夜-胤笙: EN
2018-04-30 11:38:45 - Utils: INFO: Broadcast: David: 我加
2018-04-30 11:38:47 - Utils: INFO: Broadcast: David: 我家
2018-04-30 11:38:51 - Utils: INFO: Broadcast: David: 别动
2018-04-30 11:38:53 - Utils: INFO: Broadcast: David: 。。。。
2018-04-30 11:38:58 - Utils: INFO: Broadcast: David: 看错了
2018-04-30 11:42:40 - Utils: INFO: Broadcast: David has left.
2018-04-30 11:42:40 - TShock: INFO: David disconnected.
2018-04-30 11:43:31 - GetDataHandlers: INFO: David authenticated successfully as user David.
2018-04-30 11:43:32 - TShock: INFO: David (192.168.0.106) from 'default' group joined. (3/10)
2018-04-30 11:43:32 - Utils: INFO: Broadcast: David has joined.
2018-04-30 11:46:50 - Utils: INFO: Broadcast: King~: 哇什么东西啊
2018-04-30 11:46:58 - Utils: INFO: Broadcast: King~: 买都买不起
2018-04-30 11:50:45 - Utils: INFO: Broadcast: King~: ？
2018-04-30 11:51:48 - Utils: INFO: Broadcast: David: [i:724][i:55]谁要
2018-04-30 11:51:50 - Utils: INFO: Broadcast: David: 多余的
2018-04-30 11:52:02 - Utils: INFO: Broadcast: King~: 我
2018-04-30 11:54:54 - Utils: INFO: Broadcast: David: = =
2018-04-30 11:55:31 - Utils: INFO: Broadcast: King~: ？？？？？？？？？？？？？、
2018-04-30 11:55:35 - Utils: INFO: Broadcast: David: 。。。。
2018-04-30 11:55:35 - Utils: INFO: Broadcast: 夜-胤笙: .
2018-04-30 11:55:39 - Utils: INFO: Broadcast: David: faq
2018-04-30 11:57:41 - TShock: INFO: KOTORI (192.168.0.106) from 'guest' group joined. (4/10)
2018-04-30 11:57:41 - Utils: INFO: Broadcast: KOTORI has joined.
2018-04-30 12:01:36 - Utils: INFO: Broadcast: David: 卧槽
2018-04-30 12:01:44 - Utils: INFO: Broadcast: KOTORI: ?
2018-04-30 12:01:50 - Utils: INFO: Broadcast: King~: 新人号啊
2018-04-30 12:01:52 - Utils: INFO: Server executed: /time night.
2018-04-30 12:01:57 - Utils: INFO: Broadcast: KOTORI: hhhhh
2018-04-30 12:02:04 - Utils: INFO: Broadcast: David: 新人帮帮的
2018-04-30 12:02:07 - Utils: INFO: Broadcast: David: 棒棒的
2018-04-30 12:02:19 - Utils: INFO: Broadcast: KOTORI: 以前的角色没了，只能新建了
2018-04-30 12:02:45 - Utils: INFO: Broadcast: David: 谢谢信任
2018-04-30 12:02:48 - Utils: INFO: Broadcast: David: 新人
2018-04-30 12:02:49 - Utils: INFO: Broadcast: David: 233
2018-04-30 12:02:52 - Utils: INFO: Broadcast: KOTORI: 又傻一个眼睛hhh
2018-04-30 12:03:03 - Utils: INFO: Broadcast: King~: 真的舒服
2018-04-30 12:03:10 - Utils: INFO: Broadcast: David: 眼睛没脑子233
2018-04-30 12:03:35 - Utils: INFO: Broadcast: KOTORI: 暂时不解除状态先23333
2018-04-30 12:03:40 - Utils: INFO: Broadcast: David: 23333333
2018-04-30 12:03:48 - Utils: INFO: Broadcast: King~: 我没有袋子
2018-04-30 12:04:15 - Utils: INFO: Broadcast: KOTORI: 安心看戏2333
2018-04-30 12:04:15 - Utils: INFO: Broadcast: King~: 哇我没有袋子
2018-04-30 12:06:32 - Utils: INFO: Broadcast: King~: 有没有忍者鞋子
2018-04-30 12:06:49 - Utils: INFO: Broadcast: David: wicked！
2018-04-30 12:06:54 - Utils: INFO: Broadcast: King~: ？
2018-04-30 12:06:57 - Utils: INFO: Broadcast: David: theif!
2018-04-30 12:06:59 - Utils: INFO: Broadcast: David: 小偷！
2018-04-30 12:07:06 - Utils: INFO: Broadcast: David: 啊啊啊啊啊
2018-04-30 12:07:11 - Utils: INFO: Broadcast: David: 小偷都得死！
2018-04-30 12:07:18 - Utils: INFO: Server executed: /kill kin.
2018-04-30 12:07:44 - Utils: INFO: Broadcast: King~ has left.
2018-04-30 12:07:44 - TShock: INFO: King~ disconnected.
2018-04-30 12:08:05 - Utils: INFO: Broadcast: 夜-胤笙: KING?
2018-04-30 12:08:10 - Utils: INFO: Broadcast: David: 掉线了
2018-04-30 12:08:58 - Utils: INFO: Broadcast: KOTORI has left.
2018-04-30 12:08:58 - TShock: INFO: KOTORI disconnected.
2018-04-30 12:11:41 - TShock: INFO: KOTORI (192.168.0.106) from 'guest' group joined. (3/10)
2018-04-30 12:11:41 - Utils: INFO: Broadcast: KOTORI has joined.
2018-04-30 12:13:53 - Utils: INFO: Broadcast: David has left.
2018-04-30 12:13:53 - TShock: INFO: David disconnected.
2018-04-30 12:13:55 - CharacterManager: INFO: Skipping SSC Backup for admin1
2018-04-30 12:13:55 - GetDataHandlers: INFO: admin1 authenticated successfully as user admin1.
2018-04-30 12:13:56 - TShock: INFO: admin1 (192.168.0.106) from 'superadmin' group joined. (3/10)
2018-04-30 12:13:56 - Utils: INFO: Broadcast: admin1 has joined.
2018-04-30 12:14:16 - Utils: INFO: Broadcast: admin1: 圈地棒
2018-04-30 12:14:18 - Utils: INFO: Broadcast: admin1 has left.
2018-04-30 12:14:18 - TShock: INFO: admin1 disconnected.
2018-04-30 12:14:18 - CharacterManager: INFO: Skipping SSC Backup for admin1
2018-04-30 12:14:20 - CharacterManager: INFO: Skipping SSC Backup for admin1
2018-04-30 12:14:20 - GetDataHandlers: INFO: admin1 authenticated successfully as user admin1.
2018-04-30 12:14:21 - TShock: INFO: admin1 (192.168.0.106) from 'superadmin' group joined. (3/10)
2018-04-30 12:14:21 - Utils: INFO: Broadcast: admin1 has joined.
2018-04-30 12:14:26 - Utils: INFO: Broadcast: admin1 has left.
2018-04-30 12:14:26 - TShock: INFO: admin1 disconnected.
2018-04-30 12:14:26 - CharacterManager: INFO: Skipping SSC Backup for admin1
2018-04-30 12:14:28 - GetDataHandlers: INFO: David authenticated successfully as user David.
2018-04-30 12:14:28 - TShock: INFO: David (192.168.0.106) from 'default' group joined. (3/10)
2018-04-30 12:14:28 - Utils: INFO: Broadcast: David has joined.
2018-04-30 12:14:37 - Utils: INFO: David executed: /house define.
2018-04-30 12:15:21 - Utils: INFO: Broadcast: David: 输入/house define圈地
2018-04-30 12:20:33 - TextLog: INFO: KOTORI registered an account: "KOTORI".
2018-04-30 12:20:59 - Commands: INFO: KOTORI authenticated successfully as user: KOTORI.
2018-04-30 12:22:39 - GetDataHandlers: INFO: King~ authenticated successfully as user King~.
2018-04-30 12:22:43 - TShock: INFO: King~ (192.168.0.106) from 'default' group joined. (4/10)
2018-04-30 12:22:43 - Utils: INFO: Broadcast: King~ has joined.
2018-04-30 12:23:03 - Utils: INFO: Broadcast: King~: 有没有忍者鞋
2018-04-30 12:23:06 - Utils: INFO: Broadcast: 夜-胤笙: M
2018-04-30 12:23:09 - Utils: INFO: Broadcast: David: 我也缺啊
2018-04-30 12:23:48 - Utils: INFO: Broadcast: KOTORI: 准备天黑了。
2018-04-30 12:24:22 - Utils: INFO: Broadcast: King~: 海边有之灵吗
2018-04-30 12:24:29 - Utils: INFO: Broadcast: David: mmm
2018-04-30 12:24:43 - Utils: INFO: Broadcast: David: 但是你们首先到达海边
2018-04-30 12:24:52 - Utils: INFO: Broadcast: KOTORI: emmmm
2018-04-30 12:25:01 - Utils: INFO: Broadcast: David: 标记你们的位置后我再设置传送
2018-04-30 12:25:17 - Utils: INFO: Broadcast: David: 还是要代价啊
2018-04-30 12:25:20 - Utils: INFO: Broadcast: King~: 就我有坐骑吗
2018-04-30 12:25:39 - Utils: INFO: Broadcast: David: 233就我没有
2018-04-30 12:25:52 - Utils: INFO: Broadcast: KOTORI: emmm没有+1
2018-04-30 12:26:03 - Utils: INFO: Broadcast: KOTORI: 等boss刷好了
2018-04-30 12:27:23 - Utils: INFO: Broadcast: King~: [i/s10:2002]
2018-04-30 12:28:03 - Utils: INFO: Broadcast: David: 啊哈！
2018-04-30 12:28:08 - Utils: INFO: Broadcast: KOTORI: 我擦
2018-04-30 12:28:10 - Utils: INFO: Broadcast: KOTORI: 又来
2018-04-30 12:28:52 - Utils: INFO: Broadcast: 夜-胤笙: .
2018-04-30 12:28:59 - Utils: INFO: Broadcast: KOTORI: 忘记这boss是啥了。。
2018-04-30 12:29:09 - Utils: INFO: Broadcast: David: 脑子
2018-04-30 12:29:14 - Utils: INFO: Broadcast: KOTORI: emmmm
2018-04-30 12:30:27 - Utils: INFO: Broadcast: KOTORI: emmm
2018-04-30 12:30:37 - Utils: INFO: Broadcast: KOTORI: 陨铁来了
2018-04-30 12:31:27 - Utils: INFO: Broadcast: David: 蓝队
2018-04-30 12:31:46 - Utils: INFO: Broadcast: KOTORI: 虫洞药水么...
2018-04-30 12:38:38 - Utils: INFO: Broadcast: David: 我家里感觉什么东西呗偷了。。。
2018-04-30 12:38:44 - Utils: INFO: Broadcast: KOTORI: 。。
2018-04-30 12:38:54 - Utils: INFO: 夜-胤笙 executed: /house commands.
2018-04-30 12:39:10 - Utils: INFO: Broadcast: King~: 你的心被我头了
2018-04-30 12:39:11 - Utils: INFO: 夜-胤笙 executed: /house.
2018-04-30 12:39:16 - Utils: INFO: Broadcast: David: 。。。。
2018-04-30 12:39:20 - Utils: INFO: Broadcast: David: 啊♂
2018-04-30 12:39:37 - Utils: INFO: Broadcast: David: 我的心♂属于♀你❤
2018-04-30 12:39:53 - Utils: INFO: Broadcast: KOTORI: 原谅我笑出声了2333
2018-04-30 12:39:58 - Utils: INFO: Broadcast: 夜-胤笙: 怎么圈地
2018-04-30 12:40:05 - Utils: INFO: Broadcast: David: 输入/house define
2018-04-30 12:40:12 - Utils: INFO: Broadcast: David: 用圈地棒
2018-04-30 12:40:15 - Utils: INFO: Broadcast: David: 。。。。
2018-04-30 12:40:21 - Utils: INFO: Broadcast: David: 我去升级下服务器好了。。
2018-04-30 12:40:29 - Utils: INFO: 夜-胤笙 executed: /house define.
2018-04-30 12:40:29 - Utils: INFO: Broadcast: David has left.
2018-04-30 12:40:29 - TShock: INFO: David disconnected.
2018-04-30 12:40:31 - CharacterManager: INFO: Skipping SSC Backup for admin1
2018-04-30 12:40:31 - GetDataHandlers: INFO: admin1 authenticated successfully as user admin1.
2018-04-30 12:40:32 - TShock: INFO: admin1 (192.168.0.106) from 'superadmin' group joined. (4/10)
2018-04-30 12:40:32 - Utils: INFO: Broadcast: admin1 has joined.
2018-04-30 12:40:36 - Utils: INFO: Broadcast: admin1: emmmmmm
2018-04-30 12:41:01 - Utils: INFO: 夜-胤笙 executed: /house define.
2018-04-30 12:41:07 - Utils: INFO: admin1 executed: /godmode.
2018-04-30 12:41:21 - Utils: INFO: 夜-胤笙 executed: /house define.
2018-04-30 12:41:45 - Utils: INFO: Broadcast: 夜-胤笙: king
2018-04-30 12:41:51 - Utils: INFO: Broadcast: King~: ？
2018-04-30 12:41:59 - Utils: INFO: Broadcast: 夜-胤笙: 过来试一下
2018-04-30 12:42:10 - Utils: INFO: Broadcast: 夜-胤笙: 看我圈地成功没
2018-04-30 12:42:27 - Utils: INFO: admin1 executed: /warp add zh.
2018-04-30 12:42:37 - Utils: INFO: Broadcast: King~: QWQ
2018-04-30 12:42:45 - Utils: INFO: admin1 executed: /warp del zh.
2018-04-30 12:42:47 - Utils: INFO: Broadcast: 夜-胤笙: 给我木头
2018-04-30 12:42:49 - Utils: INFO: admin1 executed: /warp add yh.
2018-04-30 12:42:52 - Utils: INFO: Broadcast: 夜-胤笙: 我没了
2018-04-30 12:42:54 - CharacterManager: INFO: Skipping SSC Backup for admin1
2018-04-30 12:42:54 - Utils: INFO: Broadcast: admin1: 输入/warp yh
2018-04-30 12:43:02 - Utils: INFO: Broadcast: admin1: 还有/spawn
2018-04-30 12:43:08 - Utils: INFO: admin1 executed: /spawn.
2018-04-30 12:43:27 - Utils: INFO: Broadcast: admin1 has left.
2018-04-30 12:43:27 - TShock: INFO: admin1 disconnected.
2018-04-30 12:43:27 - CharacterManager: INFO: Skipping SSC Backup for admin1
2018-04-30 12:43:37 - Utils: INFO: Broadcast: 夜-胤笙: 、
2018-04-30 12:43:48 - Utils: INFO: 夜-胤笙 executed: /house define.
2018-04-30 12:43:54 - CharacterManager: INFO: Skipping SSC Backup for admin1
2018-04-30 12:43:54 - GetDataHandlers: INFO: admin1 authenticated successfully as user admin1.
2018-04-30 12:43:55 - TShock: INFO: admin1 (192.168.0.106) from 'superadmin' group joined. (4/10)
2018-04-30 12:43:55 - Utils: INFO: Broadcast: admin1 has joined.
2018-04-30 12:44:06 - Utils: INFO: 夜-胤笙 executed: /house define.
2018-04-30 12:44:08 - Utils: INFO: admin1 executed: /godmode.
2018-04-30 12:44:46 - Utils: INFO: admin1 executed: /spawn.
2018-04-30 12:44:51 - Utils: INFO: Broadcast: 夜-胤笙: 是不是点两下就行了
2018-04-30 12:46:00 - Utils: INFO: admin1 executed: /warp add yh.
2018-04-30 12:46:00 - WarpManager: ERROR: Mono.Data.Sqlite.SqliteException (0x80004005): Abort due to constraint violation
UNIQUE constraint failed: Warps.WarpName, Warps.WorldID
   在 Mono.Data.Sqlite.SQLite3.Reset(SqliteStatement stmt)
   在 Mono.Data.Sqlite.SQLite3.Step(SqliteStatement stmt)
   在 Mono.Data.Sqlite.SqliteDataReader.NextResult()
   在 Mono.Data.Sqlite.SqliteDataReader..ctor(SqliteCommand cmd, CommandBehavior behave)
   在 Mono.Data.Sqlite.SqliteCommand.ExecuteReader(CommandBehavior behavior)
   在 Mono.Data.Sqlite.SqliteCommand.ExecuteNonQuery()
   在 TShockAPI.DB.DbExt.Query(IDbConnection olddb, String query, Object[] args)
   在 TShockAPI.DB.WarpManager.Add(Int32 x, Int32 y, String name)
2018-04-30 12:46:05 - Utils: INFO: admin1 executed: /warp add zh.
2018-04-30 12:46:34 - Utils: INFO: Broadcast: KOTORI: emmmm我这外面下大雨了...
2018-04-30 12:47:20 - Utils: INFO: admin1 executed: /spawn.
2018-04-30 12:47:28 - Utils: INFO: Broadcast: admin1 has left.
2018-04-30 12:47:28 - TShock: INFO: admin1 disconnected.
2018-04-30 12:47:28 - CharacterManager: INFO: Skipping SSC Backup for admin1
2018-04-30 12:47:30 - GetDataHandlers: INFO: David authenticated successfully as user David.
2018-04-30 12:47:31 - TShock: INFO: David (192.168.0.106) from 'default' group joined. (4/10)
2018-04-30 12:47:31 - Utils: INFO: Broadcast: David has joined.
2018-04-30 12:48:22 - Utils: INFO: Broadcast: David: 传送指令完成
2018-04-30 12:48:29 - Utils: INFO: Broadcast: King~ has left.
2018-04-30 12:48:29 - TShock: INFO: King~ disconnected.
2018-04-30 12:48:33 - Utils: INFO: Broadcast: David: 。
2018-04-30 12:50:58 - Utils: INFO: Broadcast: KOTORI: 莫名其妙来了一群僵尸。。。吓死。。。
2018-04-30 12:56:47 - Utils: INFO: 夜-胤笙 executed: /house defins.
2018-04-30 12:56:56 - Utils: INFO: 夜-胤笙 executed: /house define.
2018-04-30 12:57:26 - Utils: INFO: 夜-胤笙 executed: /house define.
2018-04-30 13:00:13 - Utils: INFO: 夜-胤笙 executed: /house finese.
2018-04-30 13:00:32 - Utils: INFO: 夜-胤笙 executed: /house define.
2018-04-30 13:00:53 - Utils: INFO: 夜-胤笙 executed: /house define.
2018-04-30 13:01:53 - Utils: INFO: Broadcast: David: 啊哈！
2018-04-30 13:01:55 - Utils: INFO: David executed: /who.
2018-04-30 13:02:24 - Utils: INFO: Broadcast: 夜-胤笙: 我圈地显示被终止
2018-04-30 13:02:26 - Utils: INFO: Broadcast: David: .
2018-04-30 13:02:31 - Utils: INFO: Broadcast: David: 那我帮你圈？
2018-04-30 13:02:35 - Utils: INFO: Broadcast: 夜-胤笙: hao1
2018-04-30 13:02:42 - Utils: INFO: Broadcast: David: 、house
2018-04-30 13:02:44 - Utils: INFO: Broadcast: David: 、好
2018-04-30 13:02:51 - Utils: INFO: David executed: /house define.
2018-04-30 13:03:13 - Utils: INFO: Broadcast: David: ok
2018-04-30 13:03:15 - Utils: INFO: Broadcast: KOTORI: 我去天上呆会。。。
2018-04-30 13:03:27 - Utils: INFO: Broadcast: 夜-胤笙: 然后。。。
2018-04-30 13:03:30 - Utils: INFO: Broadcast: David: 从此你家就是我的了
2018-04-30 13:03:34 - Utils: INFO: Broadcast: KOTORI: hhhhh
2018-04-30 13:03:36 - Utils: INFO: Broadcast: David: wakakakkak
2018-04-30 13:03:37 - Utils: INFO: Broadcast: KOTORI: 笑出声了
2018-04-30 13:03:39 - Utils: INFO: Broadcast: 夜-胤笙: f q
2018-04-30 13:03:42 - Utils: INFO: Broadcast: David: 哇卡卡卡
2018-04-30 13:03:48 - Utils: INFO: Broadcast: David has left.
2018-04-30 13:03:48 - TShock: INFO: David disconnected.
2018-04-30 13:03:52 - GetDataHandlers: INFO: David authenticated successfully as user David.
2018-04-30 13:03:53 - TShock: INFO: David (192.168.0.106) from 'default' group joined. (3/10)
2018-04-30 13:03:53 - Utils: INFO: Broadcast: David has joined.
2018-04-30 13:04:00 - Utils: INFO: Broadcast: David: 惊喜1
2018-04-30 13:04:03 - Utils: INFO: Broadcast: David: !!!
2018-04-30 13:04:10 - Utils: INFO: Broadcast: 夜-胤笙: .
2018-04-30 13:04:11 - Utils: INFO: David executed: /house allow 夜.
2018-04-30 13:04:48 - Utils: INFO: David executed: /house share 夜-胤笙.
2018-04-30 13:04:55 - Utils: INFO: Broadcast: 夜-胤笙: 给我。。。
2018-04-30 13:05:13 - Utils: INFO: David executed: /house share 夜-胤笙.
2018-04-30 13:05:14 - Utils: INFO: Broadcast: KOTORI: emmm去海边找渔夫？？、
2018-04-30 13:05:15 - Utils: INFO: Broadcast: David: ok
2018-04-30 13:05:19 - Utils: INFO: Broadcast: David: 给你了
2018-04-30 13:05:24 - Utils: INFO: Broadcast: David: 嗯
2018-04-30 13:05:25 - Utils: INFO: Broadcast: David: 好啊
2018-04-30 13:05:30 - Utils: INFO: Broadcast: David: 输入/warp zh
2018-04-30 13:05:44 - Utils: INFO: Broadcast: David: 有惊喜
2018-04-30 13:05:57 - Utils: INFO: Broadcast: KOTORI: NO...感觉没好事。。。
2018-04-30 13:06:10 - Utils: INFO: Broadcast: David: 不输拉倒qwq
2018-04-30 13:06:14 - Utils: INFO: Broadcast: David: 我自己输了
2018-04-30 13:06:18 - Utils: INFO: Broadcast: David: 拜拜┏(＾0＾)┛~~~~
2018-04-30 13:06:23 - Utils: INFO: Broadcast: KOTORI: 总感觉没好事。。。。
2018-04-30 13:06:23 - Utils: INFO: David executed: /warp zh.
2018-04-30 13:06:34 - Utils: INFO: 夜-胤笙 executed: /warp zh.
2018-04-30 13:06:46 - Utils: INFO: KOTORI executed: /warp zh.
2018-04-30 13:07:02 - Utils: INFO: Broadcast: KOTORI: 看样子渔夫不在这
2018-04-30 13:07:10 - Utils: INFO: Broadcast: David: 不就在这
2018-04-30 13:07:34 - Utils: INFO: Broadcast: David: 萌新真是太可爱了
2018-04-30 13:07:35 - Utils: INFO: Broadcast: KOTORI: 好吧。。。
2018-04-30 13:07:40 - Utils: INFO: Broadcast: David: 23333
2018-04-30 13:07:51 - Utils: INFO: Broadcast: KOTORI: 居然在水里面。。。
2018-04-30 13:09:27 - Utils: INFO: Broadcast: KOTORI: WTF
2018-04-30 13:09:30 - Utils: INFO: Broadcast: David: ？
2018-04-30 13:10:00 - Utils: INFO: Broadcast: KOTORI: 渔夫咋就跪了。。。
2018-04-30 13:10:10 - Utils: INFO: Broadcast: David: 不造
2018-04-30 13:10:39 - Utils: INFO: Broadcast: David: 我想玩吃鸡
2018-04-30 13:10:40 - Utils: INFO: Broadcast: David: 怎么办
2018-04-30 13:11:06 - Utils: INFO: Broadcast: KOTORI: 我擦，刚好传送刚好跪
2018-04-30 13:12:36 - Utils: INFO: Broadcast: KOTORI:  /warp zh
2018-04-30 13:12:38 - Utils: INFO: Broadcast: David: 艹！
2018-04-30 13:12:42 - Utils: INFO: Broadcast: KOTORI: hhhhh
2018-04-30 13:13:15 - Utils: INFO: 夜-胤笙 executed: /warp zh.
2018-04-30 13:13:20 - Utils: INFO: KOTORI executed: /warp yh.
2018-04-30 13:14:44 - Utils: INFO: Broadcast: KOTORI: 突然想作死23333
2018-04-30 13:14:50 - Utils: INFO: Server executed: /kill ko.
2018-04-30 13:14:54 - Utils: INFO: Broadcast: David: 帮你完成
2018-04-30 13:14:58 - Utils: INFO: Broadcast: KOTORI: emmmm
2018-04-30 13:15:02 - Utils: INFO: Broadcast: David: 2333
2018-04-30 13:15:05 - Utils: INFO: David executed: /warp zh.
2018-04-30 13:15:16 - Utils: INFO: Broadcast: KOTORI: 我去地牢玩玩233
2018-04-30 13:15:21 - Utils: INFO: Broadcast: David has left.
2018-04-30 13:15:21 - TShock: INFO: David disconnected.
2018-04-30 13:15:21 - Utils: INFO: 夜-胤笙 executed: /warp zh.
2018-04-30 13:15:22 - CharacterManager: INFO: Skipping SSC Backup for admin1
2018-04-30 13:15:22 - GetDataHandlers: INFO: admin1 authenticated successfully as user admin1.
2018-04-30 13:15:23 - TShock: INFO: admin1 (192.168.0.106) from 'superadmin' group joined. (3/10)
2018-04-30 13:15:23 - Utils: INFO: Broadcast: admin1 has joined.
2018-04-30 13:15:26 - Utils: INFO: KOTORI executed: /warp dilao.
2018-04-30 13:15:30 - Utils: INFO: admin1 executed: /tp 夜.
2018-04-30 13:15:36 - Utils: INFO: admin1 executed: /godmode.
2018-04-30 13:15:49 - Utils: INFO: KOTORI executed: /warp dilao.
2018-04-30 13:15:55 - Utils: INFO: admin1 executed: /warp add dilao.
2018-04-30 13:15:59 - Utils: INFO: admin1 executed: /warp del dilao.
2018-04-30 13:16:00 - Utils: INFO: KOTORI executed: /warp jd.
2018-04-30 13:16:03 - Utils: INFO: admin1 executed: /warp add dl.
2018-04-30 13:16:06 - Utils: INFO: admin1 executed: /tphere ko.
2018-04-30 13:16:14 - Utils: INFO: admin1 executed: /tphere 夜.
2018-04-30 13:16:27 - Utils: INFO: Broadcast: admin1 has left.
2018-04-30 13:16:27 - TShock: INFO: admin1 disconnected.
2018-04-30 13:16:27 - CharacterManager: INFO: Skipping SSC Backup for admin1
2018-04-30 13:16:28 - GetDataHandlers: INFO: David authenticated successfully as user David.
2018-04-30 13:16:29 - TShock: INFO: David (192.168.0.106) from 'default' group joined. (3/10)
2018-04-30 13:16:29 - Utils: INFO: Broadcast: David has joined.
2018-04-30 13:16:33 - Utils: INFO: Broadcast: KOTORI: 到现在还没回过神来的我。。。
2018-04-30 13:16:34 - Utils: INFO: David executed: /warp dl.
2018-04-30 13:17:40 - Utils: INFO: David executed: /spawn.
2018-04-30 13:18:36 - Utils: INFO: KOTORI executed: /warp diyu.
2018-04-30 13:20:12 - Utils: INFO: Broadcast: David has left.
2018-04-30 13:20:12 - TShock: INFO: David disconnected.
2018-04-30 13:21:02 - Utils: INFO: KOTORI executed: /warp diyu.
2018-04-30 13:27:00 - Utils: INFO: Broadcast: KOTORI has left.
2018-04-30 13:27:00 - TShock: INFO: KOTORI disconnected.
2018-04-30 13:27:50 - AutoBoss: INFO: [AutoBoss+] Timer Disabled: No players are online
2018-04-30 13:27:51 - Utils: INFO: Broadcast: World saved.
2018-04-30 13:27:51 - SaveManager: INFO: World saved at (C:\Users\Administrator\Documents\My Games\Terraria\Worlds\terraira_servermap-2.wld)
2018-04-30 13:29:28 - AutoBoss: INFO: [AutoBoss+] Timer Disabled: No players are online
2018-04-30 13:29:28 - Utils: INFO: Broadcast: 夜-胤笙 has left.
2018-04-30 13:29:28 - TShock: INFO: 夜-胤笙 disconnected.
2018-04-30 13:29:29 - Utils: INFO: Broadcast: World saved.
2018-04-30 13:29:29 - SaveManager: INFO: World saved at (C:\Users\Administrator\Documents\My Games\Terraria\Worlds\terraira_servermap-2.wld)
2018-04-30 14:17:51 - GetDataHandlers: INFO: King~ authenticated successfully as user King~.
2018-04-30 14:17:55 - TShock: INFO: King~ (192.168.0.106) from 'default' group joined. (1/10)
2018-04-30 14:17:55 - Utils: INFO: Broadcast: King~ has joined.
2018-04-30 14:17:56 - AutoBoss: INFO: [AutoBoss+] Timer Disabled: No players are online
2018-04-30 14:17:57 - Utils: INFO: Broadcast: World saved.
2018-04-30 14:17:57 - SaveManager: INFO: World saved at (C:\Users\Administrator\Documents\My Games\Terraria\Worlds\terraira_servermap-2.wld)
2018-04-30 14:21:54 - AutoBoss: INFO: [AutoBoss+] Timer Disabled: No players are online
2018-04-30 14:21:55 - Utils: INFO: Broadcast: World saved.
2018-04-30 14:21:55 - SaveManager: INFO: World saved at (C:\Users\Administrator\Documents\My Games\Terraria\Worlds\terraira_servermap-2.wld)
2018-04-30 14:27:53 - AutoBoss: INFO: [AutoBoss+] Timer Disabled: No players are online
2018-04-30 14:27:54 - Utils: INFO: Broadcast: World saved.
2018-04-30 14:27:54 - SaveManager: INFO: World saved at (C:\Users\Administrator\Documents\My Games\Terraria\Worlds\terraira_servermap-2.wld)
2018-04-30 14:31:48 - AutoBoss: INFO: [AutoBoss+] Timer Disabled: No players are online
2018-04-30 14:31:50 - Utils: INFO: Broadcast: World saved.
2018-04-30 14:31:50 - SaveManager: INFO: World saved at (C:\Users\Administrator\Documents\My Games\Terraria\Worlds\terraira_servermap-2.wld)
2018-04-30 14:33:16 - GetDataHandlers: INFO: 111 authenticated successfully as user 111.
2018-04-30 14:33:20 - TShock: INFO: 111 (192.168.0.106) from 'default' group joined. (2/10)
2018-04-30 14:33:20 - Utils: INFO: Broadcast: 111 has joined.
2018-04-30 14:34:08 - Utils: INFO: Broadcast: 111: 卧槽
2018-04-30 14:34:11 - Utils: INFO: Broadcast: 111: 我的家呢？
2018-04-30 14:34:16 - Utils: INFO: 111 executed: /warp laimu.
2018-04-30 14:34:58 - Utils: INFO: Broadcast: 111: 神魔情况啊
2018-04-30 14:35:01 - Utils: INFO: Broadcast: 111: 我的家呢
2018-04-30 14:35:04 - Utils: INFO: Broadcast: 111: 我家去哪了
2018-04-30 14:35:14 - Utils: INFO: Broadcast: King~: 删档了
2018-04-30 14:35:21 - Utils: INFO: Broadcast: 111: 神魔时候删的
2018-04-30 14:35:25 - Utils: INFO: Broadcast: 111: 我想问一下
2018-04-30 14:35:25 - Utils: INFO: Broadcast: King~: 昨天
2018-04-30 14:35:31 - Utils: INFO: Broadcast: King~: 还是前天来着
2018-04-30 14:35:47 - Utils: INFO: Broadcast: King~: 给点装备啊
2018-04-30 14:36:14 - Utils: INFO: Broadcast: 111: 不能给
2018-04-30 14:36:19 - Utils: INFO: Broadcast: 111: 我一会跟群主说一声
2018-04-30 14:36:24 - Utils: INFO: Broadcast: King~: ok
2018-04-30 14:37:15 - Utils: INFO: Broadcast: 111: 为什莫要删档啊
2018-04-30 14:37:21 - Utils: INFO: Broadcast: 111: 又不加新东西？
2018-04-30 14:37:29 - Utils: INFO: Broadcast: King~: 因为所有boss都打过去了
2018-04-30 14:38:15 - CharacterManager: INFO: Skipping SSC Backup for admin1
2018-04-30 14:38:15 - GetDataHandlers: INFO: admin1 authenticated successfully as user admin1.
2018-04-30 14:38:16 - TShock: INFO: admin1 (192.168.0.106) from 'superadmin' group joined. (3/10)
2018-04-30 14:38:16 - Utils: INFO: Broadcast: admin1 has joined.
2018-04-30 14:38:21 - Utils: INFO: admin1 executed: /tp 11.
2018-04-30 14:38:52 - Utils: INFO: Broadcast: King~: 群主我要你家的们
2018-04-30 14:39:07 - Utils: INFO: Broadcast: King~: 群主！
2018-04-30 14:40:36 - Utils: INFO: Broadcast: King~: 群主
2018-04-30 14:42:28 - Utils: INFO: admin1 executed: /gbuff 111 Invisibility 99999.
2018-04-30 14:42:39 - Utils: INFO: admin1 executed: /gbuff.
2018-04-30 14:42:46 - CharacterManager: INFO: Skipping SSC Backup for admin1
2018-04-30 14:45:41 - GetDataHandlers: INFO: 夜-胤笙 authenticated successfully as user 夜-胤笙.
2018-04-30 14:45:45 - TShock: INFO: 夜-胤笙 (192.168.0.106) from 'default' group joined. (4/10)
2018-04-30 14:45:45 - Utils: INFO: Broadcast: 夜-胤笙 has joined.
2018-04-30 14:47:03 - Utils: INFO: Broadcast: admin1 has left.
2018-04-30 14:47:03 - TShock: INFO: admin1 disconnected.
2018-04-30 14:47:03 - CharacterManager: INFO: Skipping SSC Backup for admin1
2018-04-30 14:47:05 - GetDataHandlers: INFO: David authenticated successfully as user David.
2018-04-30 14:47:05 - TShock: INFO: David (192.168.0.106) from 'default' group joined. (4/10)
2018-04-30 14:47:05 - Utils: INFO: Broadcast: David has joined.
2018-04-30 14:47:29 - Utils: INFO: Broadcast: 111: [i/s999:2260][i/s999:2260][i/s999:2260][i/s999:2261][i/s999:2262][i/s999:2260][i/s999:2260][i/s238:3905]
2018-04-30 14:47:34 - Utils: INFO: Broadcast: 夜-胤笙: 111怎么有这种装备
2018-04-30 14:47:39 - Utils: INFO: Broadcast: 111: 基础材料准备好了
2018-04-30 14:47:49 - Utils: INFO: Broadcast: David: 看群
2018-04-30 14:47:50 - Utils: INFO: Broadcast: 111: 我是来弄主城的
2018-04-30 14:47:56 - Utils: INFO: Broadcast: 夜-胤笙: 。
2018-04-30 14:47:57 - Utils: INFO: Broadcast: King~: 她做完房子就开荒了
2018-04-30 14:47:59 - Utils: INFO: Broadcast: King~: 不急
2018-04-30 14:48:04 - Utils: INFO: Broadcast: 夜-胤笙: 弄好看点
2018-04-30 14:48:18 - Utils: INFO: Broadcast: 111: 有点大
2018-04-30 14:48:20 - Utils: INFO: Broadcast: David: = =
2018-04-30 14:48:21 - Utils: INFO: Broadcast: 111: 需要一些功夫
2018-04-30 14:48:34 - Utils: INFO: Broadcast: 111: 我搭档没在要不弄得就剩时间了
2018-04-30 14:48:50 - Utils: INFO: Broadcast: 111: 就是那个叫wenrou的人
2018-04-30 14:49:09 - Utils: INFO: Broadcast: David has left.
2018-04-30 14:49:09 - TShock: INFO: David disconnected.
2018-04-30 14:49:11 - CharacterManager: INFO: Skipping SSC Backup for admin1
2018-04-30 14:49:11 - GetDataHandlers: INFO: admin1 authenticated successfully as user admin1.
2018-04-30 14:49:12 - TShock: INFO: admin1 (192.168.0.106) from 'superadmin' group joined. (4/10)
2018-04-30 14:49:12 - Utils: INFO: Broadcast: admin1 has joined.
2018-04-30 14:49:46 - Commands: INFO: admin1 successfully deleted account: wenrou.
2018-04-30 14:49:55 - Utils: INFO: Broadcast: admin1 has left.
2018-04-30 14:49:55 - TShock: INFO: admin1 disconnected.
2018-04-30 14:49:55 - CharacterManager: INFO: Skipping SSC Backup for admin1
2018-04-30 14:49:58 - GetDataHandlers: INFO: David authenticated successfully as user David.
2018-04-30 14:49:59 - TShock: INFO: David (192.168.0.106) from 'default' group joined. (4/10)
2018-04-30 14:49:59 - Utils: INFO: Broadcast: David has joined.
2018-04-30 14:50:30 - Utils: INFO: Broadcast: 夜-胤笙: king
2018-04-30 14:50:41 - Utils: INFO: Broadcast: King~: 啊
2018-04-30 14:50:45 - Utils: INFO: Broadcast: 夜-胤笙: 你房子
2018-04-30 14:50:55 - Utils: INFO: Broadcast: 夜-胤笙: 盖没
2018-04-30 14:51:18 - Utils: INFO: Server executed: /give 305 David.
2018-04-30 14:51:42 - Utils: INFO: Broadcast: 111: 主机
2018-04-30 14:51:44 - Utils: INFO: Broadcast: 111: 来我这里
2018-04-30 14:51:51 - Utils: INFO: Broadcast: 111: 弄一个传送点
2018-04-30 14:51:52 - Utils: INFO: David executed: /warp zh.
2018-04-30 14:52:01 - Utils: INFO: Broadcast: 夜-胤笙: king你有我权限吗
2018-04-30 14:52:03 - Utils: INFO: Broadcast: 111: 这里
2018-04-30 14:52:25 - Utils: INFO: Broadcast: David: 你造完我弄呗
2018-04-30 14:52:30 - Utils: INFO: Broadcast: 111: 不是啊
2018-04-30 14:52:31 - Utils: INFO: Broadcast: David: 左海的话已经有了
2018-04-30 14:52:42 - Utils: INFO: Broadcast: 111: yh？
2018-04-30 14:52:58 - Utils: INFO: Broadcast: David: 。/warp zh
2018-04-30 14:53:02 - Utils: INFO: David executed: /warp zh.
2018-04-30 14:53:05 - Utils: INFO: 111 executed: /warp zh.
2018-04-30 14:53:07 - Utils: INFO: David executed: /warp zh.
2018-04-30 14:53:07 - Utils: INFO: Broadcast: 111: ok
2018-04-30 14:53:08 - Utils: INFO: Broadcast: David: 233333
2018-04-30 14:53:15 - Utils: INFO: David executed: /spawn.
2018-04-30 14:53:44 - Utils: INFO: Broadcast: 夜-胤笙: 你给king权限了?
2018-04-30 14:53:51 - Utils: INFO: Broadcast: David: 啥权限
2018-04-30 14:53:53 - Utils: INFO: Broadcast: David: 没有啊
2018-04-30 14:53:58 - Utils: INFO: Broadcast: 夜-胤笙: 。。。
2018-04-30 14:54:12 - Utils: INFO: Broadcast: King~: 哇我上次还把我家给你煮呢
2018-04-30 14:54:18 - Utils: INFO: Broadcast: David: 。。。
2018-04-30 14:54:19 - Utils: INFO: Broadcast: 夜-胤笙: 不是
2018-04-30 14:54:21 - Utils: INFO: Broadcast: King~: 我头点东西还不行啊
2018-04-30 14:54:21 - Utils: INFO: Broadcast: David: ？
2018-04-30 14:54:28 - Utils: INFO: Broadcast: David: 没关系
2018-04-30 14:54:30 - Utils: INFO: Broadcast: David: 你偷
2018-04-30 14:54:32 - Utils: INFO: Broadcast: David: qwq
2018-04-30 14:54:40 - Utils: INFO: Broadcast: David: 反正我也不用
2018-04-30 14:54:42 - Utils: INFO: Broadcast: 夜-胤笙: 我是怕谁都能进我家
2018-04-30 14:54:43 - Utils: INFO: Broadcast: King~: 你家们被我高妹了
2018-04-30 14:54:46 - Utils: INFO: Broadcast: King~: 哈哈哈哈哈哈
2018-04-30 14:54:51 - Utils: INFO: Broadcast: David: 除了我家别人不许偷哟
2018-04-30 14:54:57 - Utils: INFO: Broadcast: 夜-胤笙: 感觉权限没用
2018-04-30 14:55:01 - Utils: INFO: Broadcast: David: 我去看黄番了
2018-04-30 14:55:07 - Utils: INFO: Broadcast: David: 别吵我搞基
2018-04-30 14:55:07 - Utils: INFO: Broadcast: King~: 啥骗子
2018-04-30 14:55:22 - Utils: INFO: Broadcast: King~: 名字是啥我也去看
2018-04-30 14:55:35 - Utils: INFO: Broadcast: David: 出包王女
2018-04-30 14:55:59 - Utils: INFO: Broadcast: David: [i/s3:305]
2018-04-30 14:56:05 - Utils: INFO: Broadcast: David: 我把这个放你箱子
2018-04-30 14:56:05 - Utils: INFO: Broadcast: 夜-胤笙: 。。。
2018-04-30 14:56:09 - Utils: INFO: Broadcast: David: [i:118]
2018-04-30 14:56:10 - Utils: INFO: Broadcast: 夜-胤笙: ok
2018-04-30 14:56:12 - Utils: INFO: Broadcast: David: 我把这个拿走
2018-04-30 14:56:15 - Utils: INFO: Broadcast: David: 怎么样
2018-04-30 14:56:28 - Utils: INFO: Broadcast: King~: [i:2585]
2018-04-30 14:56:32 - Utils: INFO: Broadcast: David: 。。。。
2018-04-30 14:56:40 - Utils: INFO: Broadcast: David: 反正我要hook
2018-04-30 14:56:48 - Utils: INFO: 111 executed: /warp zh.
2018-04-30 14:56:50 - Utils: INFO: Broadcast: King~: 对不起欧皇就是可以为所欲为的
2018-04-30 14:57:02 - Utils: INFO: Broadcast: David: ok
2018-04-30 14:57:07 - Utils: INFO: Broadcast: 111: 啧啧
2018-04-30 14:57:08 - Utils: INFO: Broadcast: David: 挖铁
2018-04-30 14:57:09 - Utils: INFO: Broadcast: David: 去了
2018-04-30 14:57:11 - Utils: INFO: Broadcast: David: 呸
2018-04-30 14:57:13 - Utils: INFO: Broadcast: 111: 难点1
2018-04-30 14:57:14 - Utils: INFO: Broadcast: David: 看番去了
2018-04-30 14:57:20 - Utils: INFO: David executed: /warp zh.
2018-04-30 14:57:22 - Utils: INFO: Broadcast: 111: 我需要红木墙
2018-04-30 14:57:30 - Utils: INFO: Broadcast: David: emmmmmm
2018-04-30 14:57:45 - Utils: INFO: Broadcast: David: 15分钟你摆了个工作台。。。。
2018-04-30 14:57:58 - Utils: INFO: Broadcast: 111: [i/s376:2503]
2018-04-30 14:58:01 - Utils: INFO: Broadcast: David: ！
2018-04-30 14:58:02 - Utils: INFO: Broadcast: 111: 去挖这个了
2018-04-30 14:58:10 - Utils: INFO: Broadcast: 111: 我需要把材料弄好啊
2018-04-30 14:58:13 - Utils: INFO: Broadcast: King~: ？？？
2018-04-30 14:58:14 - Utils: INFO: Broadcast: David: 嗯
2018-04-30 14:58:35 - Utils: INFO: Broadcast: David: 我去安装写资源补充插件
2018-04-30 14:58:43 - Utils: INFO: Broadcast: David: 这样地图就可以无限用了233
2018-04-30 14:58:55 - Utils: INFO: Broadcast: David: bye
2018-04-30 14:58:56 - Utils: INFO: Broadcast: 111: 嗯
2018-04-30 14:58:57 - Utils: INFO: Broadcast: David has left.
2018-04-30 14:58:57 - TShock: INFO: David disconnected.
2018-04-30 14:59:07 - Utils: INFO: Broadcast: 111: 这个号我弄玩家也就不用了
2018-04-30 14:59:09 - Utils: INFO: Broadcast: 111: 无所谓了
2018-04-30 14:59:32 - Utils: INFO: Broadcast: 111: 你们昨天从删档也不告诉我
2018-04-30 14:59:36 - Utils: INFO: Broadcast: 111: K不厚道
2018-04-30 14:59:46 - Utils: INFO: Broadcast: King~: 哇你都不在诶
2018-04-30 14:59:54 - Utils: INFO: Broadcast: 111: 我天天在啊
2018-04-30 14:59:56 - Utils: INFO: Broadcast: 夜-胤笙: king我给权限
2018-04-30 14:59:59 - Utils: INFO: Broadcast: 夜-胤笙: 你
2018-04-30 15:00:00 - Utils: INFO: Broadcast: 111: 至不是半死人
2018-04-30 15:00:08 - Utils: INFO: Broadcast: King~: 哇亲爱的对不起
2018-04-30 15:00:13 - Utils: INFO: Broadcast: 夜-胤笙: ？
2018-04-30 15:00:15 - Utils: INFO: Broadcast: King~: 什么权限
2018-04-30 15:00:25 - Utils: INFO: Broadcast: 夜-胤笙: 领地
2018-04-30 15:00:38 - Utils: INFO: King~ executed: /house   define.
2018-04-30 15:00:49 - Utils: INFO: Broadcast: King~:  /house define qeq
2018-04-30 15:00:56 - Utils: INFO: Broadcast: King~: qeq不要看
2018-04-30 15:01:09 - Utils: INFO: 夜-胤笙 executed: /house define king-.
2018-04-30 15:01:31 - Utils: INFO: 夜-胤笙 executed: /house define king-.
2018-04-30 15:01:42 - Utils: INFO: Broadcast: 夜-胤笙: 不行啊
2018-04-30 15:02:05 - Utils: INFO: Broadcast: King~: 你要那个啥
2018-04-30 15:02:08 - Utils: INFO: Broadcast: King~: 群主给你的那个
2018-04-30 15:02:26 - Utils: INFO: Broadcast: 夜-胤笙: 一会让群主弄
2018-04-30 15:02:51 - Utils: INFO: 夜-胤笙 executed: /warp zh.
2018-04-30 15:03:11 - Utils: INFO: Broadcast: King~: 找个空岛我容易吗我
2018-04-30 15:03:59 - Utils: INFO: Broadcast: King~: [i:3564][i:3564][i:3564][i:3564][i:3564][i:3564][i:3564][i:3564][i:3564][i:3564]
2018-04-30 15:04:41 - Utils: INFO: Broadcast: King~: 去海边的之灵的什么
2018-04-30 15:04:43 - Utils: INFO: Broadcast: King~: 是什么
2018-04-30 15:06:30 - TShock: INFO: wenrou (192.168.0.106) from 'guest' group joined. (4/10)
2018-04-30 15:06:30 - Utils: INFO: Broadcast: wenrou has joined.
2018-04-30 15:07:56 - TextLog: INFO: wenrou registered an account: "wenrou".
2018-04-30 15:08:11 - Commands: INFO: wenrou authenticated successfully as user: wenrou.
2018-04-30 15:08:33 - Utils: INFO: wenrou executed: /warp zh.
2018-04-30 15:09:35 - Utils: INFO: wenrou executed: /warp zh.
2018-04-30 15:09:55 - Utils: INFO: Broadcast: King~: 你别哇我家啊
2018-04-30 15:10:07 - Utils: INFO: Broadcast: 夜-胤笙: .
2018-04-30 15:12:01 - Utils: INFO: Broadcast: King~: 这里太危险了
2018-04-30 15:13:35 - Utils: INFO: King~ executed: /house define.
2018-04-30 15:13:59 - Utils: INFO: King~ executed: /house define.
2018-04-30 15:14:18 - Utils: INFO: King~ executed: /house define.
2018-04-30 15:26:56 - Utils: INFO: King~ executed: /house define.
2018-04-30 15:27:58 - Utils: INFO: Broadcast: 111: [i/s999:2260][i/s989:2260][i/s999:2260][i/s999:2260][i/s999:2261][i/s999:2260][i/s999:2262]
2018-04-30 15:29:10 - Utils: INFO: 111 executed: /warp zh.
2018-04-30 15:29:18 - Utils: INFO: wenrou executed: /warp zh.
2018-04-30 15:32:14 - Utils: INFO: 111 executed: /warp zh.
2018-04-30 15:33:06 - CharacterManager: INFO: Skipping SSC Backup for admin1
2018-04-30 15:33:06 - GetDataHandlers: INFO: admin1 authenticated successfully as user admin1.
2018-04-30 15:33:06 - TShock: INFO: admin1 (192.168.0.106) from 'superadmin' group joined. (5/10)
2018-04-30 15:33:06 - Utils: INFO: Broadcast: admin1 has joined.
2018-04-30 15:33:09 - Utils: INFO: Broadcast: admin1: 啊？
2018-04-30 15:33:13 - Utils: INFO: admin1 executed: /tp 11.
2018-04-30 15:33:20 - Utils: INFO: Broadcast: admin1: emmmm
2018-04-30 15:33:32 - Utils: INFO: Broadcast: admin1: 2个小时你们又造了一个工作台？
2018-04-30 15:33:37 - Utils: INFO: Broadcast: 111: 你弄好了？
2018-04-30 15:33:40 - Utils: INFO: Broadcast: 111: 那个东西
2018-04-30 15:33:43 - Utils: INFO: Broadcast: admin1: 没有
2018-04-30 15:33:44 - Utils: INFO: Broadcast: 111: 一会你需要给我神圣种子
2018-04-30 15:33:45 - Utils: INFO: Broadcast: admin1: 难找
2018-04-30 15:34:01 - Utils: INFO: Broadcast: 111: 一会找你要就好了
2018-04-30 15:34:13 - Utils: INFO: Broadcast: 111: 飞碟
2018-04-30 15:34:23 - Utils: INFO: Broadcast: 111: 弄好了
2018-04-30 15:34:27 - Utils: INFO: Broadcast: 111: 我俩这两个号就不用了
2018-04-30 15:34:57 - Utils: INFO: Broadcast: admin1: 嗯
2018-04-30 15:35:10 - Utils: INFO: Broadcast: admin1 has left.
2018-04-30 15:35:10 - TShock: INFO: admin1 disconnected.
2018-04-30 15:35:10 - CharacterManager: INFO: Skipping SSC Backup for admin1
2018-04-30 15:35:13 - Utils: INFO: Broadcast: 111: 主机土块
2018-04-30 15:36:16 - CharacterManager: INFO: Skipping SSC Backup for admin1
2018-04-30 15:36:16 - GetDataHandlers: INFO: admin1 authenticated successfully as user admin1.
2018-04-30 15:36:18 - TShock: INFO: admin1 disconnected.
2018-04-30 15:36:18 - CharacterManager: INFO: Skipping SSC Backup for admin1
2018-04-30 15:36:18 - CharacterManager: INFO: Skipping SSC Backup for admin1
2018-04-30 15:36:18 - GetDataHandlers: INFO: admin1 authenticated successfully as user admin1.
2018-04-30 15:36:19 - TShock: INFO: admin1 (192.168.0.106) from 'superadmin' group joined. (5/10)
2018-04-30 15:36:19 - Utils: INFO: Broadcast: admin1 has joined.
2018-04-30 15:36:24 - Utils: INFO: admin1 executed: /tp 11.
2018-04-30 15:36:50 - Utils: INFO: Broadcast: 111 has left.
2018-04-30 15:36:50 - TShock: INFO: 111 disconnected.
2018-04-30 15:36:55 - GetDataHandlers: INFO: 111 authenticated successfully as user 111.
2018-04-30 15:36:59 - TShock: INFO: 111 (192.168.0.106) from 'default' group joined. (5/10)
2018-04-30 15:36:59 - Utils: INFO: Broadcast: 111 has joined.
2018-04-30 15:37:05 - Utils: INFO: 111 executed: /warp zh.
2018-04-30 15:37:21 - Utils: INFO: Broadcast: 111: zhongzi 
2018-04-30 15:37:22 - Utils: INFO: Broadcast: 111: 种子
2018-04-30 15:37:27 - Utils: INFO: Broadcast: admin1 has left.
2018-04-30 15:37:27 - TShock: INFO: admin1 disconnected.
2018-04-30 15:37:27 - CharacterManager: INFO: Skipping SSC Backup for admin1
2018-04-30 15:37:29 - CharacterManager: INFO: Skipping SSC Backup for admin1
2018-04-30 15:37:29 - GetDataHandlers: INFO: admin1 authenticated successfully as user admin1.
2018-04-30 15:37:30 - TShock: INFO: admin1 (192.168.0.106) from 'superadmin' group joined. (5/10)
2018-04-30 15:37:30 - Utils: INFO: Broadcast: admin1 has joined.
2018-04-30 15:37:33 - Utils: INFO: admin1 executed: /tp 11.
2018-04-30 15:37:47 - CharacterManager: INFO: Skipping SSC Backup for admin1
2018-04-30 15:38:02 - Utils: INFO: admin1 executed: /who.
2018-04-30 15:38:18 - Utils: INFO: Broadcast: admin1 has left.
2018-04-30 15:38:18 - TShock: INFO: admin1 disconnected.
2018-04-30 15:38:18 - CharacterManager: INFO: Skipping SSC Backup for admin1
2018-04-30 15:38:20 - GetDataHandlers: INFO: David authenticated successfully as user David.
2018-04-30 15:38:21 - TShock: INFO: David (192.168.0.106) from 'default' group joined. (5/10)
2018-04-30 15:38:21 - Utils: INFO: Broadcast: David has joined.
2018-04-30 15:38:46 - Utils: INFO: Broadcast: David has left.
2018-04-30 15:38:46 - TShock: INFO: David disconnected.
2018-04-30 15:39:43 - Utils: INFO: Broadcast: wenrou has left.
2018-04-30 15:39:43 - TShock: INFO: wenrou disconnected.
2018-04-30 15:39:44 - Utils: INFO: Broadcast: 111 has left.
2018-04-30 15:39:44 - TShock: INFO: 111 disconnected.
2018-04-30 15:39:50 - GetDataHandlers: INFO: wenrou authenticated successfully as user wenrou.
2018-04-30 15:39:52 - GetDataHandlers: INFO: 111 authenticated successfully as user 111.
2018-04-30 15:39:54 - TShock: INFO: wenrou (192.168.0.106) from 'default' group joined. (3/10)
2018-04-30 15:39:54 - Utils: INFO: Broadcast: wenrou has joined.
2018-04-30 15:39:56 - TShock: INFO: 111 (192.168.0.106) from 'default' group joined. (4/10)
2018-04-30 15:39:56 - Utils: INFO: Broadcast: 111 has joined.
2018-04-30 15:40:00 - Utils: INFO: 111 executed: /warp zh.
2018-04-30 15:40:04 - Utils: INFO: wenrou executed: /warp zh.
2018-04-30 15:40:42 - GetDataHandlers: INFO: KOTORI authenticated successfully as user KOTORI.
2018-04-30 15:40:46 - TShock: INFO: KOTORI (192.168.0.106) from 'default' group joined. (5/10)
2018-04-30 15:40:46 - Utils: INFO: Broadcast: KOTORI has joined.
2018-04-30 15:40:48 - Utils: INFO: Broadcast: wenrou has left.
2018-04-30 15:40:48 - TShock: INFO: wenrou disconnected.
2018-04-30 15:41:06 - GetDataHandlers: INFO: wenrou authenticated successfully as user wenrou.
2018-04-30 15:41:10 - TShock: INFO: wenrou (192.168.0.106) from 'default' group joined. (5/10)
2018-04-30 15:41:10 - Utils: INFO: Broadcast: wenrou has joined.
2018-04-30 15:41:50 - Utils: INFO: wenrou executed: /warp zh.
2018-04-30 15:42:37 - Utils: INFO: King~ executed: /warp dilao.
2018-04-30 15:42:39 - Utils: INFO: KOTORI executed: /warp diyu.
2018-04-30 15:42:41 - Utils: INFO: King~ executed: /warp spawn.
2018-04-30 15:46:24 - Utils: INFO: KOTORI executed: /warp diyu.
2018-04-30 15:47:05 - Utils: INFO: Broadcast: King~: 安慰
2018-04-30 15:47:07 - Utils: INFO: Broadcast: King~: 哇
2018-04-30 15:47:15 - Utils: INFO: Broadcast: King~: 欧皇啊
2018-04-30 15:47:23 - Utils: INFO: Broadcast: KOTORI: EXM
2018-04-30 15:48:11 - Utils: INFO: Broadcast: King~: 有没有蜘蛛网
2018-04-30 15:48:16 - Utils: INFO: Broadcast: 夜-胤笙: 没
2018-04-30 15:48:24 - Utils: INFO: Broadcast: King~: 丝绸有吗
2018-04-30 15:48:37 - Utils: INFO: Broadcast: 夜-胤笙: 你见引火虫没
2018-04-30 15:48:43 - Utils: INFO: Broadcast: King~: 你家有啊
2018-04-30 15:48:49 - Utils: INFO: Broadcast: 夜-胤笙: 我好像放箱里了
2018-04-30 15:49:01 - Utils: INFO: KOTORI executed: /warp zh.
2018-04-30 15:49:27 - Utils: INFO: Broadcast: wenrou has left.
2018-04-30 15:49:27 - TShock: INFO: wenrou disconnected.
2018-04-30 15:49:28 - Utils: INFO: Broadcast: 111 has left.
2018-04-30 15:49:28 - TShock: INFO: 111 disconnected.
2018-04-30 15:49:36 - Utils: INFO: Broadcast: KOTORI: 左海哥布林....
2018-04-30 15:49:40 - GetDataHandlers: INFO: wenrou authenticated successfully as user wenrou.
2018-04-30 15:49:44 - TShock: INFO: wenrou (192.168.0.106) from 'default' group joined. (4/10)
2018-04-30 15:49:44 - Utils: INFO: Broadcast: wenrou has joined.
2018-04-30 15:49:51 - Utils: INFO: KOTORI executed: /warp zh.
2018-04-30 15:49:52 - GetDataHandlers: INFO: 111 authenticated successfully as user 111.
2018-04-30 15:49:53 - Utils: INFO: wenrou executed: /warp zh.
2018-04-30 15:49:56 - TShock: INFO: 111 (192.168.0.106) from 'default' group joined. (5/10)
2018-04-30 15:49:56 - Utils: INFO: Broadcast: 111 has joined.
2018-04-30 15:49:58 - Utils: INFO: 111 executed: /warp zh.
2018-04-30 15:50:02 - Utils: INFO: Broadcast: KOTORI: 没了2333
2018-04-30 15:50:39 - Utils: INFO: 111 executed: /warp zh.
2018-04-30 15:51:16 - Utils: INFO: 夜-胤笙 executed: /warp zh.
2018-04-30 15:52:08 - Utils: INFO: KOTORI executed: /warp zh.
2018-04-30 15:52:35 - Utils: INFO: KOTORI executed: /warp diyu.
2018-04-30 15:53:04 - Utils: INFO: KOTORI executed: /warp dilao.
2018-04-30 15:53:22 - Utils: INFO: KOTORI executed: /warp yh.
2018-04-30 15:53:50 - Utils: INFO: Broadcast: King~ has left.
2018-04-30 15:53:50 - TShock: INFO: King~ disconnected.
2018-04-30 15:55:27 - Utils: INFO: Server executed: /kill ko.
2018-04-30 15:55:42 - Utils: INFO: Server executed: /say 没办法.
2018-04-30 15:55:42 - Utils: INFO: Broadcast: (Server Broadcast) 没办法
2018-04-30 15:55:50 - Utils: INFO: Server executed: /say 我没事情就要杀人.
2018-04-30 15:55:50 - Utils: INFO: Broadcast: (Server Broadcast) 我没事情就要杀人
2018-04-30 16:04:49 - Utils: INFO: Broadcast: wenrou has left.
2018-04-30 16:04:49 - TShock: INFO: wenrou disconnected.
2018-04-30 16:04:49 - Utils: INFO: Broadcast: 111 has left.
2018-04-30 16:04:49 - TShock: INFO: 111 disconnected.
2018-04-30 16:04:49 - Utils: INFO: Broadcast: 夜-胤笙 has left.
2018-04-30 16:04:49 - TShock: INFO: 夜-胤笙 disconnected.
2018-04-30 16:04:49 - AutoBoss: INFO: [AutoBoss+] Timer Disabled: No players are online
2018-04-30 16:04:49 - Utils: INFO: Broadcast: KOTORI has left.
2018-04-30 16:04:49 - TShock: INFO: KOTORI disconnected.
2018-04-30 16:04:50 - Utils: INFO: Broadcast: World saved.
2018-04-30 16:04:50 - SaveManager: INFO: World saved at (C:\Users\Administrator\Documents\My Games\Terraria\Worlds\terraira_servermap-2.wld)
2018-04-30 16:05:40 - Utils: INFO: Server executed: /off.
2018-04-30 16:05:41 - Utils: INFO: Broadcast: World saved.
2018-04-30 16:05:41 - SaveManager: INFO: World saved at (C:\Users\Administrator\Documents\My Games\Terraria\Worlds\terraira_servermap-2.wld)
2018-04-30 16:05:41 - Utils: INFO: Broadcast: Server shutting down!
