2018-04-27 20:31:50 - TextLog: INFO: TShock 4.3.25.0 (Mintaka) now running.
2018-04-27 20:31:50 - TShock: INFO: AutoSave Enabled
2018-04-27 20:31:50 - TShock: INFO: Backups Disabled
2018-04-27 20:31:50 - TShock: INFO: Welcome to TShock for Terraria. Initialization complete.
2018-04-27 20:32:34 - GetDataHandlers: INFO: King~ authenticated successfully as user King~.
2018-04-27 20:32:39 - TShock: INFO: King~ (192.168.0.106) from 'default' group joined. (1/10)
2018-04-27 20:32:39 - Utils: INFO: Broadcast: King~ has joined.
2018-04-27 20:33:09 - AutoBoss: INFO: [AutoBoss+] Timer Disabled: No players are online
2018-04-27 20:33:10 - Utils: INFO: Broadcast: World saved.
2018-04-27 20:33:10 - SaveManager: INFO: World saved at (C:\Users\Administrator\Documents\My Games\Terraria\Worlds\terraria_servermap-1.wld)
2018-04-27 20:34:07 - GetDataHandlers: INFO: 夜-胤笙 authenticated successfully as user 夜-胤笙.
2018-04-27 20:34:12 - TShock: INFO: 夜-胤笙 (192.168.0.106) from 'default' group joined. (2/10)
2018-04-27 20:34:12 - Utils: INFO: Broadcast: 夜-胤笙 has joined.
2018-04-27 20:34:24 - Utils: INFO: Broadcast: 夜-胤笙: king
2018-04-27 20:34:29 - Utils: INFO: Broadcast: King~: 啊
2018-04-27 20:34:45 - Utils: INFO: Broadcast: 夜-胤笙: 帮我挖个水晶
2018-04-27 20:35:14 - Utils: INFO: Broadcast: 夜-胤笙: 我稿子
2018-04-27 20:35:22 - Utils: INFO: Broadcast: 夜-胤笙: 没
2018-04-27 20:35:42 - Utils: INFO: Broadcast: King~: [i:29]
2018-04-27 20:36:25 - Utils: INFO: King~ summoned the Eye of Cthulhu!
2018-04-27 20:36:38 - Utils: INFO: Broadcast: 夜-胤笙: 我这里有
2018-04-27 20:37:07 - GetDataHandlers: INFO: David authenticated successfully as user David.
2018-04-27 20:37:08 - TShock: INFO: David (192.168.0.106) from 'default' group joined. (3/10)
2018-04-27 20:37:08 - Utils: INFO: Broadcast: David has joined.
2018-04-27 20:37:12 - Utils: INFO: Broadcast: 夜-胤笙: 可是没稿子
2018-04-27 20:37:13 - Utils: INFO: Broadcast: David: 啊哈！
2018-04-27 20:37:34 - Utils: INFO: Broadcast: David: 看小猪佩奇
2018-04-27 20:37:34 - Utils: INFO: Broadcast: King~: [i/s2:29]
2018-04-27 20:37:36 - Utils: INFO: Broadcast: David: 看完来
2018-04-27 20:39:59 - Utils: INFO: Broadcast: 夜-胤笙: 我发现三个水晶了
2018-04-27 20:42:31 - Utils: INFO: Broadcast: King~ has left.
2018-04-27 20:42:31 - TShock: INFO: King~ disconnected.
2018-04-27 20:42:34 - GetDataHandlers: INFO: King~ authenticated successfully as user King~.
2018-04-27 20:42:39 - TShock: INFO: King~ (192.168.0.106) from 'default' group joined. (3/10)
2018-04-27 20:42:39 - Utils: INFO: Broadcast: King~ has joined.
2018-04-27 20:43:46 - Utils: INFO: Broadcast: King~ has left.
2018-04-27 20:43:46 - TShock: INFO: King~ disconnected.
2018-04-27 20:43:49 - GetDataHandlers: INFO: King~ authenticated successfully as user King~.
2018-04-27 20:43:54 - TShock: INFO: King~ (192.168.0.106) from 'default' group joined. (3/10)
2018-04-27 20:43:54 - Utils: INFO: Broadcast: King~ has joined.
2018-04-27 20:46:16 - Utils: INFO: Broadcast: King~ has left.
2018-04-27 20:46:16 - TShock: INFO: King~ disconnected.
2018-04-27 20:46:19 - GetDataHandlers: INFO: King~ authenticated successfully as user King~.
2018-04-27 20:46:24 - TShock: INFO: King~ (192.168.0.106) from 'default' group joined. (3/10)
2018-04-27 20:46:24 - Utils: INFO: Broadcast: King~ has joined.
2018-04-27 20:47:51 - Utils: INFO: Broadcast: King~ has left.
2018-04-27 20:47:51 - TShock: INFO: King~ disconnected.
2018-04-27 20:52:17 - Utils: INFO: Broadcast: 夜-胤笙 has left.
2018-04-27 20:52:17 - TShock: INFO: 夜-胤笙 disconnected.
2018-04-27 20:52:24 - GetDataHandlers: INFO: King~ authenticated successfully as user King~.
2018-04-27 20:52:29 - TShock: INFO: King~ (192.168.0.106) from 'default' group joined. (2/10)
2018-04-27 20:52:29 - Utils: INFO: Broadcast: King~ has joined.
2018-04-27 20:52:53 - Utils: INFO: Broadcast: King~ has left.
2018-04-27 20:52:53 - TShock: INFO: King~ disconnected.
2018-04-27 20:55:48 - AutoBoss: INFO: [AutoBoss+] Timer Disabled: No players are online
2018-04-27 20:55:48 - Utils: INFO: Broadcast: David has left.
2018-04-27 20:55:48 - TShock: INFO: David disconnected.
2018-04-27 20:55:49 - Utils: INFO: Broadcast: World saved.
2018-04-27 20:55:49 - SaveManager: INFO: World saved at (C:\Users\Administrator\Documents\My Games\Terraria\Worlds\terraria_servermap-1.wld)
2018-04-27 20:55:49 - GetDataHandlers: INFO: 夜-胤笙 authenticated successfully as user 夜-胤笙.
2018-04-27 20:55:54 - TShock: INFO: 夜-胤笙 (192.168.0.106) from 'default' group joined. (1/10)
2018-04-27 20:55:54 - Utils: INFO: Broadcast: 夜-胤笙 has joined.
2018-04-27 20:59:14 - AutoBoss: INFO: [AutoBoss+] Timer Disabled: No players are online
2018-04-27 20:59:15 - Utils: INFO: Broadcast: World saved.
2018-04-27 20:59:15 - SaveManager: INFO: World saved at (C:\Users\Administrator\Documents\My Games\Terraria\Worlds\terraria_servermap-1.wld)
2018-04-27 21:00:05 - AutoBoss: INFO: [AutoBoss+] Timer Disabled: No players are online
2018-04-27 21:00:05 - Utils: INFO: Broadcast: 夜-胤笙 has left.
2018-04-27 21:00:05 - TShock: INFO: 夜-胤笙 disconnected.
2018-04-27 21:00:07 - Utils: INFO: Broadcast: World saved.
2018-04-27 21:00:07 - SaveManager: INFO: World saved at (C:\Users\Administrator\Documents\My Games\Terraria\Worlds\terraria_servermap-1.wld)
2018-04-27 21:26:22 - Utils: INFO: Server executed: /off.
2018-04-27 21:26:24 - Utils: INFO: Broadcast: World saved.
2018-04-27 21:26:24 - SaveManager: INFO: World saved at (C:\Users\Administrator\Documents\My Games\Terraria\Worlds\terraria_servermap-1.wld)
2018-04-27 21:26:24 - Utils: INFO: Broadcast: Server shutting down!
