2018-04-28 19:58:01 - TextLog: INFO: TShock 4.3.25.0 (Mintaka) now running.
2018-04-28 19:58:01 - TShock: INFO: AutoSave Enabled
2018-04-28 19:58:01 - TShock: INFO: Backups Disabled
2018-04-28 19:58:01 - TShock: INFO: Welcome to TShock for Terraria. Initialization complete.
2018-04-28 19:58:31 - GetDataHandlers: INFO: David authenticated successfully as user David.
2018-04-28 19:58:31 - TShock: INFO: David (192.168.0.106) from 'default' group joined. (1/10)
2018-04-28 19:58:31 - Utils: INFO: Broadcast: David has joined.
2018-04-28 19:59:55 - AutoBoss: INFO: [AutoBoss+] Timer Disabled: No players are online
2018-04-28 19:59:56 - Utils: INFO: Broadcast: World saved.
2018-04-28 19:59:56 - SaveManager: INFO: World saved at (C:\Users\Administrator\Documents\My Games\Terraria\Worlds\terraira_servermap-2.wld)
2018-04-28 20:01:22 - TShock: INFO: 夜-胤笙 (192.168.0.106) from 'guest' group joined. (2/10)
2018-04-28 20:01:22 - Utils: INFO: Broadcast: 夜-胤笙 has joined.
2018-04-28 20:01:56 - TextLog: INFO: 夜-胤笙 registered an account: "夜-胤笙".
2018-04-28 20:02:08 - Commands: INFO: 夜-胤笙 authenticated successfully as user: 夜-胤笙.
2018-04-28 20:04:06 - Utils: INFO: Broadcast: David: 艹？
2018-04-28 20:07:08 - Utils: INFO: Broadcast: David: [i:306]
2018-04-28 20:09:49 - Utils: INFO: Broadcast: David: [i:3520]
2018-04-28 20:16:04 - Utils: INFO: Broadcast: 夜-胤笙 has left.
2018-04-28 20:16:04 - TShock: INFO: 夜-胤笙 disconnected.
2018-04-28 20:17:46 - GetDataHandlers: INFO: 夜-胤笙 authenticated successfully as user 夜-胤笙.
2018-04-28 20:17:50 - TShock: INFO: 夜-胤笙 (192.168.0.106) from 'default' group joined. (2/10)
2018-04-28 20:17:50 - Utils: INFO: Broadcast: 夜-胤笙 has joined.
2018-04-28 20:17:57 - Utils: INFO: Broadcast: David: 欢迎新人
2018-04-28 20:18:37 - Utils: INFO: Broadcast: David: [i/p64:950]
2018-04-28 20:19:06 - Utils: INFO: Broadcast: 夜-胤笙: .
2018-04-28 20:19:10 - Utils: INFO: Broadcast: David:   .
2018-04-28 20:19:16 - Utils: INFO: Broadcast: David: 2333
2018-04-28 20:19:30 - Utils: INFO: Broadcast: David: 颈部惊喜
2018-04-28 20:19:44 - Utils: INFO: Broadcast: David: 2333
2018-04-28 20:19:46 - Utils: INFO: Broadcast: 夜-胤笙: wo shu ru fa huai le
2018-04-28 20:19:48 - Utils: INFO: Broadcast: David: llololo
2018-04-28 20:19:53 - Utils: INFO: Broadcast: David: 啊？
2018-04-28 20:20:03 - Utils: INFO: Broadcast: 夜-胤笙: da bu liao zhu wun
2018-04-28 20:20:25 - Utils: INFO: Broadcast: David: 说中文，。。。
2018-04-28 20:20:35 - Utils: INFO: Broadcast: 夜-胤笙: da bu chu lai
2018-04-28 20:20:44 - Utils: INFO: Broadcast: 夜-胤笙: shu ru fa...
2018-04-28 20:21:00 - Utils: INFO: Broadcast: 夜-胤笙: deng hui wo huan yi ge 
2018-04-28 20:21:07 - Utils: INFO: Broadcast: David: 嗯
2018-04-28 20:25:04 - Utils: INFO: Broadcast: David:  .
2018-04-28 20:37:29 - Utils: INFO: Broadcast: 夜-胤笙: .
2018-04-28 20:50:03 - Utils: INFO: Broadcast: David: 服务器没人玩
2018-04-28 20:50:10 - Utils: INFO: Broadcast: 夜-胤笙: em
2018-04-28 20:50:11 - Utils: INFO: Broadcast: David: 我就关了啊
2018-04-28 20:50:21 - Utils: INFO: Broadcast: David: 啊？
2018-04-28 20:50:29 - Utils: INFO: Broadcast: 夜-胤笙: hao1
2018-04-28 20:50:33 - Utils: INFO: Server executed: /off.
2018-04-28 20:50:33 - Utils: INFO: Broadcast: David has left.
2018-04-28 20:50:33 - Utils: INFO: Broadcast: David has left.
2018-04-28 20:50:33 - Utils: INFO: Kicked David for : 'Server shutting down!'
2018-04-28 20:50:33 - TShock: INFO: David disconnected.
2018-04-28 20:50:33 - Utils: INFO: Broadcast: David was force kicked for 'server shutting down!'
2018-04-28 20:50:33 - Utils: INFO: Kicked 夜-胤笙 for : 'Server shutting down!'
2018-04-28 20:50:33 - Utils: INFO: Broadcast: 夜-胤笙 was force kicked for 'server shutting down!'
2018-04-28 20:50:33 - AutoBoss: INFO: [AutoBoss+] Timer Disabled: No players are online
2018-04-28 20:50:33 - Utils: INFO: Broadcast: 夜-胤笙 has left.
2018-04-28 20:50:33 - TShock: INFO: 夜-胤笙 disconnected.
2018-04-28 20:50:34 - Utils: INFO: Broadcast: World saved.
2018-04-28 20:50:34 - SaveManager: INFO: World saved at (C:\Users\Administrator\Documents\My Games\Terraria\Worlds\terraira_servermap-2.wld)
2018-04-28 20:50:36 - Utils: INFO: Broadcast: World saved.
2018-04-28 20:50:36 - SaveManager: INFO: World saved at (C:\Users\Administrator\Documents\My Games\Terraria\Worlds\terraira_servermap-2.wld)
2018-04-28 20:50:36 - Utils: INFO: Broadcast: Server shutting down!
